mode: set
github.com/ollama/ollama-distributed/internal/auth/auth.go:41.59,42.16 1 1
github.com/ollama/ollama-distributed/internal/auth/auth.go:42.16,44.3 1 0
github.com/ollama/ollama-distributed/internal/auth/auth.go:47.2,48.26 2 1
github.com/ollama/ollama-distributed/internal/auth/auth.go:48.26,51.50 2 0
github.com/ollama/ollama-distributed/internal/auth/auth.go:51.50,53.4 1 0
github.com/ollama/ollama-distributed/internal/auth/auth.go:56.2,68.53 2 1
github.com/ollama/ollama-distributed/internal/auth/auth.go:68.53,70.3 1 0
github.com/ollama/ollama-distributed/internal/auth/auth.go:73.2,76.21 3 1
github.com/ollama/ollama-distributed/internal/auth/auth.go:80.27,82.2 1 1
github.com/ollama/ollama-distributed/internal/auth/auth.go:85.46,90.22 3 1
github.com/ollama/ollama-distributed/internal/auth/auth.go:90.22,92.3 1 0
github.com/ollama/ollama-distributed/internal/auth/auth.go:95.2,96.16 2 1
github.com/ollama/ollama-distributed/internal/auth/auth.go:96.16,98.3 1 0
github.com/ollama/ollama-distributed/internal/auth/auth.go:100.2,120.12 5 1
github.com/ollama/ollama-distributed/internal/auth/auth.go:124.109,130.28 4 1
github.com/ollama/ollama-distributed/internal/auth/auth.go:130.28,131.41 1 1
github.com/ollama/ollama-distributed/internal/auth/auth.go:131.41,133.9 2 1
github.com/ollama/ollama-distributed/internal/auth/auth.go:137.2,137.17 1 1
github.com/ollama/ollama-distributed/internal/auth/auth.go:137.17,139.3 1 0
github.com/ollama/ollama-distributed/internal/auth/auth.go:142.2,143.94 2 1
github.com/ollama/ollama-distributed/internal/auth/auth.go:143.94,145.3 1 0
github.com/ollama/ollama-distributed/internal/auth/auth.go:148.2,188.16 9 1
github.com/ollama/ollama-distributed/internal/auth/auth.go:188.16,190.3 1 0
github.com/ollama/ollama-distributed/internal/auth/auth.go:192.2,200.8 2 1
github.com/ollama/ollama-distributed/internal/auth/auth.go:204.75,205.104 1 1
github.com/ollama/ollama-distributed/internal/auth/auth.go:205.104,206.58 1 1
github.com/ollama/ollama-distributed/internal/auth/auth.go:206.58,208.4 1 0
github.com/ollama/ollama-distributed/internal/auth/auth.go:209.3,209.27 1 1
github.com/ollama/ollama-distributed/internal/auth/auth.go:212.2,212.16 1 1
github.com/ollama/ollama-distributed/internal/auth/auth.go:212.16,214.3 1 0
github.com/ollama/ollama-distributed/internal/auth/auth.go:216.2,217.25 2 1
github.com/ollama/ollama-distributed/internal/auth/auth.go:217.25,219.3 1 0
github.com/ollama/ollama-distributed/internal/auth/auth.go:222.2,222.37 1 1
github.com/ollama/ollama-distributed/internal/auth/auth.go:222.37,224.3 1 1
github.com/ollama/ollama-distributed/internal/auth/auth.go:226.2,231.29 4 1
github.com/ollama/ollama-distributed/internal/auth/auth.go:231.29,233.3 1 0
github.com/ollama/ollama-distributed/internal/auth/auth.go:236.2,237.28 2 1
github.com/ollama/ollama-distributed/internal/auth/auth.go:237.28,238.68 1 1
github.com/ollama/ollama-distributed/internal/auth/auth.go:238.68,239.37 1 1
github.com/ollama/ollama-distributed/internal/auth/auth.go:239.37,241.5 1 0
github.com/ollama/ollama-distributed/internal/auth/auth.go:242.4,242.15 1 1
github.com/ollama/ollama-distributed/internal/auth/auth.go:246.2,252.8 1 1
github.com/ollama/ollama-distributed/internal/auth/auth.go:256.68,264.31 5 1
github.com/ollama/ollama-distributed/internal/auth/auth.go:264.31,265.84 1 1
github.com/ollama/ollama-distributed/internal/auth/auth.go:265.84,267.9 2 1
github.com/ollama/ollama-distributed/internal/auth/auth.go:271.2,271.19 1 1
github.com/ollama/ollama-distributed/internal/auth/auth.go:271.19,273.3 1 0
github.com/ollama/ollama-distributed/internal/auth/auth.go:276.2,276.68 1 1
github.com/ollama/ollama-distributed/internal/auth/auth.go:276.68,278.3 1 0
github.com/ollama/ollama-distributed/internal/auth/auth.go:281.2,282.29 2 1
github.com/ollama/ollama-distributed/internal/auth/auth.go:282.29,284.3 1 0
github.com/ollama/ollama-distributed/internal/auth/auth.go:287.2,294.8 3 1
github.com/ollama/ollama-distributed/internal/auth/auth.go:298.69,303.28 3 1
github.com/ollama/ollama-distributed/internal/auth/auth.go:303.28,304.33 1 1
github.com/ollama/ollama-distributed/internal/auth/auth.go:304.33,306.4 1 0
github.com/ollama/ollama-distributed/internal/auth/auth.go:310.2,311.16 2 1
github.com/ollama/ollama-distributed/internal/auth/auth.go:311.16,313.3 1 0
github.com/ollama/ollama-distributed/internal/auth/auth.go:316.2,317.27 2 1
github.com/ollama/ollama-distributed/internal/auth/auth.go:317.27,318.68 1 1
github.com/ollama/ollama-distributed/internal/auth/auth.go:318.68,320.4 1 1
github.com/ollama/ollama-distributed/internal/auth/auth.go:324.2,339.33 2 1
github.com/ollama/ollama-distributed/internal/auth/auth.go:339.33,341.3 1 0
github.com/ollama/ollama-distributed/internal/auth/auth.go:343.2,345.18 2 1
github.com/ollama/ollama-distributed/internal/auth/auth.go:349.98,355.29 4 1
github.com/ollama/ollama-distributed/internal/auth/auth.go:355.29,357.3 1 0
github.com/ollama/ollama-distributed/internal/auth/auth.go:360.2,365.27 4 1
github.com/ollama/ollama-distributed/internal/auth/auth.go:365.27,367.3 1 0
github.com/ollama/ollama-distributed/internal/auth/auth.go:369.2,381.28 2 1
github.com/ollama/ollama-distributed/internal/auth/auth.go:381.28,383.3 1 1
github.com/ollama/ollama-distributed/internal/auth/auth.go:385.2,387.28 2 1
github.com/ollama/ollama-distributed/internal/auth/auth.go:391.65,396.2 3 1
github.com/ollama/ollama-distributed/internal/auth/auth.go:399.57,404.13 4 0
github.com/ollama/ollama-distributed/internal/auth/auth.go:404.13,406.3 1 0
github.com/ollama/ollama-distributed/internal/auth/auth.go:408.2,411.27 2 0
github.com/ollama/ollama-distributed/internal/auth/auth.go:411.27,413.3 1 0
github.com/ollama/ollama-distributed/internal/auth/auth.go:415.2,415.12 1 0
github.com/ollama/ollama-distributed/internal/auth/auth.go:419.52,424.13 4 0
github.com/ollama/ollama-distributed/internal/auth/auth.go:424.13,426.3 1 0
github.com/ollama/ollama-distributed/internal/auth/auth.go:428.2,430.12 2 0
github.com/ollama/ollama-distributed/internal/auth/auth.go:434.75,435.35 1 1
github.com/ollama/ollama-distributed/internal/auth/auth.go:435.35,437.3 1 0
github.com/ollama/ollama-distributed/internal/auth/auth.go:440.2,440.32 1 1
github.com/ollama/ollama-distributed/internal/auth/auth.go:440.32,442.3 1 1
github.com/ollama/ollama-distributed/internal/auth/auth.go:445.2,445.44 1 1
github.com/ollama/ollama-distributed/internal/auth/auth.go:445.44,446.58 1 1
github.com/ollama/ollama-distributed/internal/auth/auth.go:446.58,448.4 1 1
github.com/ollama/ollama-distributed/internal/auth/auth.go:452.2,452.57 1 1
github.com/ollama/ollama-distributed/internal/auth/auth.go:452.57,453.47 1 0
github.com/ollama/ollama-distributed/internal/auth/auth.go:453.47,454.59 1 0
github.com/ollama/ollama-distributed/internal/auth/auth.go:454.59,456.5 1 0
github.com/ollama/ollama-distributed/internal/auth/auth.go:460.2,460.14 1 1
github.com/ollama/ollama-distributed/internal/auth/auth.go:464.59,469.13 4 1
github.com/ollama/ollama-distributed/internal/auth/auth.go:469.13,471.3 1 1
github.com/ollama/ollama-distributed/internal/auth/auth.go:474.2,474.30 1 1
github.com/ollama/ollama-distributed/internal/auth/auth.go:474.30,477.3 2 0
github.com/ollama/ollama-distributed/internal/auth/auth.go:479.2,479.13 1 1
github.com/ollama/ollama-distributed/internal/auth/auth.go:483.44,487.6 3 1
github.com/ollama/ollama-distributed/internal/auth/auth.go:487.6,488.10 1 1
github.com/ollama/ollama-distributed/internal/auth/auth.go:489.19,492.40 3 0
github.com/ollama/ollama-distributed/internal/auth/auth.go:492.40,493.37 1 0
github.com/ollama/ollama-distributed/internal/auth/auth.go:493.37,495.6 1 0
github.com/ollama/ollama-distributed/internal/auth/auth.go:497.4,497.17 1 0
github.com/ollama/ollama-distributed/internal/auth/auth.go:498.24,499.10 1 1
github.com/ollama/ollama-distributed/internal/auth/auth.go:504.38,508.6 3 1
github.com/ollama/ollama-distributed/internal/auth/auth.go:508.6,509.10 1 1
github.com/ollama/ollama-distributed/internal/auth/auth.go:510.19,513.50 3 0
github.com/ollama/ollama-distributed/internal/auth/auth.go:513.50,514.26 1 0
github.com/ollama/ollama-distributed/internal/auth/auth.go:514.26,516.6 1 0
github.com/ollama/ollama-distributed/internal/auth/auth.go:518.4,518.17 1 0
github.com/ollama/ollama-distributed/internal/auth/auth.go:519.24,520.10 1 1
github.com/ollama/ollama-distributed/internal/auth/auth.go:526.26,530.2 3 1
github.com/ollama/ollama-distributed/internal/auth/auth.go:532.30,536.2 3 1
github.com/ollama/ollama-distributed/internal/auth/auth.go:538.36,541.2 2 1
github.com/ollama/ollama-distributed/internal/auth/integration.go:20.67,23.16 2 0
github.com/ollama/ollama-distributed/internal/auth/integration.go:23.16,25.3 1 0
github.com/ollama/ollama-distributed/internal/auth/integration.go:28.2,29.16 2 0
github.com/ollama/ollama-distributed/internal/auth/integration.go:29.16,31.3 1 0
github.com/ollama/ollama-distributed/internal/auth/integration.go:34.2,44.8 3 0
github.com/ollama/ollama-distributed/internal/auth/integration.go:48.49,55.2 3 0
github.com/ollama/ollama-distributed/internal/auth/integration.go:58.60,97.2 12 0
github.com/ollama/ollama-distributed/internal/auth/integration.go:100.89,109.2 2 0
github.com/ollama/ollama-distributed/internal/auth/integration.go:112.83,115.2 2 0
github.com/ollama/ollama-distributed/internal/auth/integration.go:118.31,120.2 1 0
github.com/ollama/ollama-distributed/internal/auth/integration.go:123.27,136.16 3 0
github.com/ollama/ollama-distributed/internal/auth/integration.go:136.16,138.3 1 0
github.com/ollama/ollama-distributed/internal/auth/integration.go:139.2,154.2 8 0
github.com/ollama/ollama-distributed/internal/auth/integration.go:154.2,155.53 1 0
github.com/ollama/ollama-distributed/internal/auth/integration.go:155.53,162.4 2 0
github.com/ollama/ollama-distributed/internal/auth/integration.go:166.2,167.16 2 0
github.com/ollama/ollama-distributed/internal/auth/integration.go:167.16,169.3 1 0
github.com/ollama/ollama-distributed/internal/auth/integration.go:169.8,171.3 1 0
github.com/ollama/ollama-distributed/internal/auth/integration.go:174.2,175.21 2 0
github.com/ollama/ollama-distributed/internal/auth/integration.go:184.72,186.2 1 0
github.com/ollama/ollama-distributed/internal/auth/integration.go:189.86,190.19 1 0
github.com/ollama/ollama-distributed/internal/auth/integration.go:191.14,192.80 1 0
github.com/ollama/ollama-distributed/internal/auth/integration.go:193.15,194.81 1 0
github.com/ollama/ollama-distributed/internal/auth/integration.go:195.15,196.81 1 0
github.com/ollama/ollama-distributed/internal/auth/integration.go:197.10,198.80 1 0
github.com/ollama/ollama-distributed/internal/auth/integration.go:203.87,204.19 1 0
github.com/ollama/ollama-distributed/internal/auth/integration.go:205.14,206.81 1 0
github.com/ollama/ollama-distributed/internal/auth/integration.go:207.15,208.82 1 0
github.com/ollama/ollama-distributed/internal/auth/integration.go:209.15,210.82 1 0
github.com/ollama/ollama-distributed/internal/auth/integration.go:211.10,212.81 1 0
github.com/ollama/ollama-distributed/internal/auth/integration.go:217.89,218.19 1 0
github.com/ollama/ollama-distributed/internal/auth/integration.go:219.14,220.83 1 0
github.com/ollama/ollama-distributed/internal/auth/integration.go:221.15,222.84 1 0
github.com/ollama/ollama-distributed/internal/auth/integration.go:223.15,224.84 1 0
github.com/ollama/ollama-distributed/internal/auth/integration.go:225.10,226.83 1 0
github.com/ollama/ollama-distributed/internal/auth/integration.go:231.91,232.19 1 0
github.com/ollama/ollama-distributed/internal/auth/integration.go:233.14,234.85 1 0
github.com/ollama/ollama-distributed/internal/auth/integration.go:235.15,236.86 1 0
github.com/ollama/ollama-distributed/internal/auth/integration.go:237.10,238.85 1 0
github.com/ollama/ollama-distributed/internal/auth/integration.go:243.58,256.2 7 0
github.com/ollama/ollama-distributed/internal/auth/integration.go:256.2,257.77 1 0
github.com/ollama/ollama-distributed/internal/auth/integration.go:257.77,260.4 1 0
github.com/ollama/ollama-distributed/internal/auth/integration.go:262.3,262.79 1 0
github.com/ollama/ollama-distributed/internal/auth/integration.go:262.79,265.4 1 0
github.com/ollama/ollama-distributed/internal/auth/integration.go:267.3,267.85 1 0
github.com/ollama/ollama-distributed/internal/auth/integration.go:267.85,270.4 1 0
github.com/ollama/ollama-distributed/internal/auth/integration.go:274.2,275.2 2 0
github.com/ollama/ollama-distributed/internal/auth/integration.go:275.2,276.79 1 0
github.com/ollama/ollama-distributed/internal/auth/integration.go:276.79,279.4 1 0
github.com/ollama/ollama-distributed/internal/auth/integration.go:281.3,281.96 1 0
github.com/ollama/ollama-distributed/internal/auth/integration.go:281.96,284.4 1 0
github.com/ollama/ollama-distributed/internal/auth/integration.go:286.3,286.89 1 0
github.com/ollama/ollama-distributed/internal/auth/integration.go:286.89,289.4 1 0
github.com/ollama/ollama-distributed/internal/auth/integration.go:293.2,294.2 2 0
github.com/ollama/ollama-distributed/internal/auth/integration.go:294.2,295.97 1 0
github.com/ollama/ollama-distributed/internal/auth/integration.go:295.97,302.4 2 0
github.com/ollama/ollama-distributed/internal/auth/integration.go:304.3,304.93 1 0
github.com/ollama/ollama-distributed/internal/auth/integration.go:304.93,307.4 1 0
github.com/ollama/ollama-distributed/internal/auth/integration.go:311.2,311.87 1 0
github.com/ollama/ollama-distributed/internal/auth/integration.go:311.87,314.3 1 0
github.com/ollama/ollama-distributed/internal/auth/jwt.go:43.65,46.16 2 1
github.com/ollama/ollama-distributed/internal/auth/jwt.go:46.16,48.3 1 0
github.com/ollama/ollama-distributed/internal/auth/jwt.go:50.2,56.8 1 1
github.com/ollama/ollama-distributed/internal/auth/jwt.go:60.119,88.16 7 1
github.com/ollama/ollama-distributed/internal/auth/jwt.go:88.16,90.3 1 0
github.com/ollama/ollama-distributed/internal/auth/jwt.go:93.2,113.8 6 1
github.com/ollama/ollama-distributed/internal/auth/jwt.go:117.101,122.38 3 0
github.com/ollama/ollama-distributed/internal/auth/jwt.go:122.38,123.75 1 0
github.com/ollama/ollama-distributed/internal/auth/jwt.go:123.75,124.39 1 0
github.com/ollama/ollama-distributed/internal/auth/jwt.go:124.39,126.10 2 0
github.com/ollama/ollama-distributed/internal/auth/jwt.go:131.2,131.25 1 0
github.com/ollama/ollama-distributed/internal/auth/jwt.go:131.25,133.3 1 0
github.com/ollama/ollama-distributed/internal/auth/jwt.go:136.2,139.44 2 0
github.com/ollama/ollama-distributed/internal/auth/jwt.go:143.74,144.104 1 1
github.com/ollama/ollama-distributed/internal/auth/jwt.go:144.104,145.57 1 1
github.com/ollama/ollama-distributed/internal/auth/jwt.go:145.57,147.4 1 0
github.com/ollama/ollama-distributed/internal/auth/jwt.go:148.3,148.27 1 1
github.com/ollama/ollama-distributed/internal/auth/jwt.go:151.2,151.16 1 1
github.com/ollama/ollama-distributed/internal/auth/jwt.go:151.16,153.3 1 0
github.com/ollama/ollama-distributed/internal/auth/jwt.go:155.2,156.25 2 1
github.com/ollama/ollama-distributed/internal/auth/jwt.go:156.25,158.3 1 0
github.com/ollama/ollama-distributed/internal/auth/jwt.go:161.2,161.33 1 1
github.com/ollama/ollama-distributed/internal/auth/jwt.go:161.33,163.3 1 0
github.com/ollama/ollama-distributed/internal/auth/jwt.go:165.2,165.20 1 1
github.com/ollama/ollama-distributed/internal/auth/jwt.go:169.72,171.2 1 0
github.com/ollama/ollama-distributed/internal/auth/jwt.go:174.83,177.38 2 0
github.com/ollama/ollama-distributed/internal/auth/jwt.go:177.38,178.62 1 0
github.com/ollama/ollama-distributed/internal/auth/jwt.go:178.62,181.4 2 0
github.com/ollama/ollama-distributed/internal/auth/jwt.go:184.2,184.46 1 0
github.com/ollama/ollama-distributed/internal/auth/jwt.go:188.58,190.38 1 0
github.com/ollama/ollama-distributed/internal/auth/jwt.go:190.38,191.26 1 0
github.com/ollama/ollama-distributed/internal/auth/jwt.go:191.26,193.4 1 0
github.com/ollama/ollama-distributed/internal/auth/jwt.go:198.46,202.44 2 0
github.com/ollama/ollama-distributed/internal/auth/jwt.go:202.44,203.24 1 0
github.com/ollama/ollama-distributed/internal/auth/jwt.go:203.24,205.4 1 0
github.com/ollama/ollama-distributed/internal/auth/jwt.go:209.2,209.39 1 0
github.com/ollama/ollama-distributed/internal/auth/jwt.go:209.39,210.41 1 0
github.com/ollama/ollama-distributed/internal/auth/jwt.go:210.41,212.4 1 0
github.com/ollama/ollama-distributed/internal/auth/jwt.go:217.75,218.104 1 0
github.com/ollama/ollama-distributed/internal/auth/jwt.go:218.104,220.3 1 0
github.com/ollama/ollama-distributed/internal/auth/jwt.go:222.2,222.16 1 0
github.com/ollama/ollama-distributed/internal/auth/jwt.go:222.16,224.3 1 0
github.com/ollama/ollama-distributed/internal/auth/jwt.go:226.2,227.9 2 0
github.com/ollama/ollama-distributed/internal/auth/jwt.go:227.9,229.3 1 0
github.com/ollama/ollama-distributed/internal/auth/jwt.go:231.2,231.20 1 0
github.com/ollama/ollama-distributed/internal/auth/jwt.go:235.113,260.2 5 1
github.com/ollama/ollama-distributed/internal/auth/jwt.go:263.81,265.16 2 1
github.com/ollama/ollama-distributed/internal/auth/jwt.go:265.16,267.3 1 0
github.com/ollama/ollama-distributed/internal/auth/jwt.go:270.2,270.48 1 1
github.com/ollama/ollama-distributed/internal/auth/jwt.go:270.48,272.3 1 0
github.com/ollama/ollama-distributed/internal/auth/jwt.go:274.2,274.20 1 1
github.com/ollama/ollama-distributed/internal/auth/jwt.go:278.113,305.2 5 0
github.com/ollama/ollama-distributed/internal/auth/jwt.go:308.53,310.2 1 0
github.com/ollama/ollama-distributed/internal/auth/jwt.go:313.62,318.38 4 0
github.com/ollama/ollama-distributed/internal/auth/jwt.go:318.38,319.41 1 0
github.com/ollama/ollama-distributed/internal/auth/jwt.go:319.41,321.4 1 0
github.com/ollama/ollama-distributed/internal/auth/jwt.go:321.9,323.4 1 0
github.com/ollama/ollama-distributed/internal/auth/jwt.go:326.2,331.3 1 0
github.com/ollama/ollama-distributed/internal/auth/jwt.go:335.58,337.13 2 1
github.com/ollama/ollama-distributed/internal/auth/jwt.go:337.13,339.3 1 1
github.com/ollama/ollama-distributed/internal/auth/jwt.go:341.2,341.30 1 0
github.com/ollama/ollama-distributed/internal/auth/jwt.go:341.30,344.3 2 0
github.com/ollama/ollama-distributed/internal/auth/jwt.go:346.2,346.13 1 0
github.com/ollama/ollama-distributed/internal/auth/middleware.go:20.119,26.2 1 0
github.com/ollama/ollama-distributed/internal/auth/middleware.go:29.61,30.30 1 0
github.com/ollama/ollama-distributed/internal/auth/middleware.go:30.30,32.25 1 0
github.com/ollama/ollama-distributed/internal/auth/middleware.go:32.25,35.4 2 0
github.com/ollama/ollama-distributed/internal/auth/middleware.go:38.3,38.62 1 0
github.com/ollama/ollama-distributed/internal/auth/middleware.go:38.62,41.4 2 0
github.com/ollama/ollama-distributed/internal/auth/middleware.go:44.3,45.17 2 0
github.com/ollama/ollama-distributed/internal/auth/middleware.go:45.17,48.4 2 0
github.com/ollama/ollama-distributed/internal/auth/middleware.go:51.3,52.11 2 0
github.com/ollama/ollama-distributed/internal/auth/middleware.go:57.83,58.30 1 0
github.com/ollama/ollama-distributed/internal/auth/middleware.go:58.30,60.21 2 0
github.com/ollama/ollama-distributed/internal/auth/middleware.go:60.21,64.4 3 0
github.com/ollama/ollama-distributed/internal/auth/middleware.go:66.3,66.57 1 0
github.com/ollama/ollama-distributed/internal/auth/middleware.go:66.57,73.4 3 0
github.com/ollama/ollama-distributed/internal/auth/middleware.go:75.3,75.11 1 0
github.com/ollama/ollama-distributed/internal/auth/middleware.go:80.71,81.30 1 0
github.com/ollama/ollama-distributed/internal/auth/middleware.go:81.30,83.21 2 0
github.com/ollama/ollama-distributed/internal/auth/middleware.go:83.21,87.4 3 0
github.com/ollama/ollama-distributed/internal/auth/middleware.go:89.3,89.66 1 0
github.com/ollama/ollama-distributed/internal/auth/middleware.go:89.66,97.4 3 0
github.com/ollama/ollama-distributed/internal/auth/middleware.go:99.3,99.11 1 0
github.com/ollama/ollama-distributed/internal/auth/middleware.go:104.78,105.30 1 0
github.com/ollama/ollama-distributed/internal/auth/middleware.go:105.30,107.21 2 0
github.com/ollama/ollama-distributed/internal/auth/middleware.go:107.21,111.4 3 0
github.com/ollama/ollama-distributed/internal/auth/middleware.go:114.3,114.37 1 0
github.com/ollama/ollama-distributed/internal/auth/middleware.go:114.37,117.4 2 0
github.com/ollama/ollama-distributed/internal/auth/middleware.go:120.3,121.30 2 0
github.com/ollama/ollama-distributed/internal/auth/middleware.go:121.30,122.33 1 0
github.com/ollama/ollama-distributed/internal/auth/middleware.go:122.33,124.10 2 0
github.com/ollama/ollama-distributed/internal/auth/middleware.go:128.3,128.15 1 0
github.com/ollama/ollama-distributed/internal/auth/middleware.go:128.15,136.4 3 0
github.com/ollama/ollama-distributed/internal/auth/middleware.go:138.3,138.11 1 0
github.com/ollama/ollama-distributed/internal/auth/middleware.go:143.90,144.30 1 0
github.com/ollama/ollama-distributed/internal/auth/middleware.go:144.30,146.21 2 0
github.com/ollama/ollama-distributed/internal/auth/middleware.go:146.21,150.4 3 0
github.com/ollama/ollama-distributed/internal/auth/middleware.go:153.3,154.42 2 0
github.com/ollama/ollama-distributed/internal/auth/middleware.go:154.42,155.57 1 0
github.com/ollama/ollama-distributed/internal/auth/middleware.go:155.57,157.10 2 0
github.com/ollama/ollama-distributed/internal/auth/middleware.go:161.3,161.21 1 0
github.com/ollama/ollama-distributed/internal/auth/middleware.go:161.21,168.4 3 0
github.com/ollama/ollama-distributed/internal/auth/middleware.go:170.3,170.11 1 0
github.com/ollama/ollama-distributed/internal/auth/middleware.go:175.57,176.30 1 0
github.com/ollama/ollama-distributed/internal/auth/middleware.go:176.30,177.25 1 0
github.com/ollama/ollama-distributed/internal/auth/middleware.go:177.25,180.4 2 0
github.com/ollama/ollama-distributed/internal/auth/middleware.go:183.3,184.21 2 0
github.com/ollama/ollama-distributed/internal/auth/middleware.go:184.21,186.4 1 0
github.com/ollama/ollama-distributed/internal/auth/middleware.go:188.3,188.11 1 0
github.com/ollama/ollama-distributed/internal/auth/middleware.go:193.58,198.30 2 0
github.com/ollama/ollama-distributed/internal/auth/middleware.go:198.30,201.54 2 0
github.com/ollama/ollama-distributed/internal/auth/middleware.go:201.54,203.4 1 0
github.com/ollama/ollama-distributed/internal/auth/middleware.go:206.3,208.37 2 0
github.com/ollama/ollama-distributed/internal/auth/middleware.go:208.37,210.4 1 0
github.com/ollama/ollama-distributed/internal/auth/middleware.go:213.3,213.47 1 0
github.com/ollama/ollama-distributed/internal/auth/middleware.go:213.47,214.32 1 0
github.com/ollama/ollama-distributed/internal/auth/middleware.go:214.32,216.5 1 0
github.com/ollama/ollama-distributed/internal/auth/middleware.go:220.3,223.51 2 0
github.com/ollama/ollama-distributed/internal/auth/middleware.go:223.51,230.4 3 0
github.com/ollama/ollama-distributed/internal/auth/middleware.go:232.3,236.11 4 0
github.com/ollama/ollama-distributed/internal/auth/middleware.go:241.53,242.30 1 0
github.com/ollama/ollama-distributed/internal/auth/middleware.go:242.30,250.48 4 0
github.com/ollama/ollama-distributed/internal/auth/middleware.go:250.48,251.31 1 0
github.com/ollama/ollama-distributed/internal/auth/middleware.go:251.31,253.10 2 0
github.com/ollama/ollama-distributed/internal/auth/middleware.go:257.3,257.14 1 0
github.com/ollama/ollama-distributed/internal/auth/middleware.go:257.14,259.4 1 0
github.com/ollama/ollama-distributed/internal/auth/middleware.go:261.3,266.36 5 0
github.com/ollama/ollama-distributed/internal/auth/middleware.go:266.36,269.4 2 0
github.com/ollama/ollama-distributed/internal/auth/middleware.go:271.3,271.11 1 0
github.com/ollama/ollama-distributed/internal/auth/middleware.go:276.64,277.30 1 0
github.com/ollama/ollama-distributed/internal/auth/middleware.go:277.30,286.3 7 0
github.com/ollama/ollama-distributed/internal/auth/middleware.go:290.57,291.30 1 0
github.com/ollama/ollama-distributed/internal/auth/middleware.go:291.30,311.21 6 0
github.com/ollama/ollama-distributed/internal/auth/middleware.go:311.21,315.30 4 0
github.com/ollama/ollama-distributed/internal/auth/middleware.go:315.30,317.5 1 0
github.com/ollama/ollama-distributed/internal/auth/middleware.go:318.4,318.29 1 0
github.com/ollama/ollama-distributed/internal/auth/middleware.go:318.29,320.5 1 0
github.com/ollama/ollama-distributed/internal/auth/middleware.go:330.81,332.49 1 0
github.com/ollama/ollama-distributed/internal/auth/middleware.go:332.49,334.3 1 0
github.com/ollama/ollama-distributed/internal/auth/middleware.go:337.2,337.52 1 0
github.com/ollama/ollama-distributed/internal/auth/middleware.go:337.52,339.3 1 0
github.com/ollama/ollama-distributed/internal/auth/middleware.go:341.2,341.35 1 0
github.com/ollama/ollama-distributed/internal/auth/middleware.go:344.72,346.22 2 0
github.com/ollama/ollama-distributed/internal/auth/middleware.go:346.22,348.3 1 0
github.com/ollama/ollama-distributed/internal/auth/middleware.go:350.2,351.62 2 0
github.com/ollama/ollama-distributed/internal/auth/middleware.go:351.62,353.3 1 0
github.com/ollama/ollama-distributed/internal/auth/middleware.go:355.2,355.17 1 0
github.com/ollama/ollama-distributed/internal/auth/middleware.go:358.67,361.63 2 0
github.com/ollama/ollama-distributed/internal/auth/middleware.go:361.63,363.3 1 0
github.com/ollama/ollama-distributed/internal/auth/middleware.go:366.2,366.54 1 0
github.com/ollama/ollama-distributed/internal/auth/middleware.go:366.54,368.3 1 0
github.com/ollama/ollama-distributed/internal/auth/middleware.go:371.2,371.48 1 0
github.com/ollama/ollama-distributed/internal/auth/middleware.go:371.48,373.3 1 0
github.com/ollama/ollama-distributed/internal/auth/middleware.go:375.2,375.11 1 0
github.com/ollama/ollama-distributed/internal/auth/middleware.go:378.71,388.41 2 0
github.com/ollama/ollama-distributed/internal/auth/middleware.go:388.41,389.25 1 0
github.com/ollama/ollama-distributed/internal/auth/middleware.go:389.25,391.4 1 0
github.com/ollama/ollama-distributed/internal/auth/middleware.go:392.3,392.42 1 0
github.com/ollama/ollama-distributed/internal/auth/middleware.go:392.42,394.4 1 0
github.com/ollama/ollama-distributed/internal/auth/middleware.go:398.2,398.25 1 0
github.com/ollama/ollama-distributed/internal/auth/middleware.go:398.25,400.3 1 0
github.com/ollama/ollama-distributed/internal/auth/middleware.go:402.2,402.14 1 0
github.com/ollama/ollama-distributed/internal/auth/middleware.go:405.73,409.20 3 0
github.com/ollama/ollama-distributed/internal/auth/middleware.go:410.17,412.23 2 0
github.com/ollama/ollama-distributed/internal/auth/middleware.go:413.24,414.36 1 0
github.com/ollama/ollama-distributed/internal/auth/middleware.go:415.24,416.36 1 0
github.com/ollama/ollama-distributed/internal/auth/middleware.go:417.28,418.36 1 0
github.com/ollama/ollama-distributed/internal/auth/middleware.go:419.35,420.33 1 0
github.com/ollama/ollama-distributed/internal/auth/middleware.go:421.25,422.36 1 0
github.com/ollama/ollama-distributed/internal/auth/middleware.go:423.24,424.36 1 0
github.com/ollama/ollama-distributed/internal/auth/middleware.go:425.11,426.36 1 0
github.com/ollama/ollama-distributed/internal/auth/middleware.go:428.3,431.4 1 0
github.com/ollama/ollama-distributed/internal/auth/middleware.go:432.10,436.4 2 0
github.com/ollama/ollama-distributed/internal/auth/middleware.go:439.2,440.11 2 0
github.com/ollama/ollama-distributed/internal/auth/middleware.go:443.83,450.28 7 0
github.com/ollama/ollama-distributed/internal/auth/middleware.go:450.28,453.3 2 0
github.com/ollama/ollama-distributed/internal/auth/middleware.go:454.2,454.27 1 0
github.com/ollama/ollama-distributed/internal/auth/middleware.go:454.27,457.3 2 0
github.com/ollama/ollama-distributed/internal/auth/middleware.go:460.74,461.54 1 0
github.com/ollama/ollama-distributed/internal/auth/middleware.go:461.54,462.44 1 0
github.com/ollama/ollama-distributed/internal/auth/middleware.go:462.44,464.4 1 0
github.com/ollama/ollama-distributed/internal/auth/middleware.go:466.2,466.12 1 0
github.com/ollama/ollama-distributed/internal/auth/middleware.go:470.43,471.43 1 0
github.com/ollama/ollama-distributed/internal/auth/middleware.go:471.43,472.32 1 0
github.com/ollama/ollama-distributed/internal/auth/middleware.go:472.32,474.4 1 0
github.com/ollama/ollama-distributed/internal/auth/middleware.go:476.2,476.12 1 0
github.com/ollama/ollama-distributed/internal/auth/middleware.go:480.46,481.48 1 0
github.com/ollama/ollama-distributed/internal/auth/middleware.go:481.48,482.36 1 0
github.com/ollama/ollama-distributed/internal/auth/middleware.go:482.36,484.4 1 0
github.com/ollama/ollama-distributed/internal/auth/middleware.go:486.2,486.11 1 0
github.com/ollama/ollama-distributed/internal/auth/middleware.go:490.60,491.57 1 0
github.com/ollama/ollama-distributed/internal/auth/middleware.go:491.57,492.46 1 0
github.com/ollama/ollama-distributed/internal/auth/middleware.go:492.46,493.31 1 0
github.com/ollama/ollama-distributed/internal/auth/middleware.go:493.31,494.60 1 0
github.com/ollama/ollama-distributed/internal/auth/middleware.go:494.60,496.6 1 0
github.com/ollama/ollama-distributed/internal/auth/middleware.go:500.2,500.14 1 0
github.com/ollama/ollama-distributed/internal/auth/routes.go:18.108,24.2 1 0
github.com/ollama/ollama-distributed/internal/auth/routes.go:27.53,36.2 6 0
github.com/ollama/ollama-distributed/internal/auth/routes.go:36.2,41.3 4 0
github.com/ollama/ollama-distributed/internal/auth/routes.go:44.2,46.2 3 0
github.com/ollama/ollama-distributed/internal/auth/routes.go:46.2,49.3 2 0
github.com/ollama/ollama-distributed/internal/auth/routes.go:49.3,56.4 6 0
github.com/ollama/ollama-distributed/internal/auth/routes.go:59.3,60.3 2 0
github.com/ollama/ollama-distributed/internal/auth/routes.go:60.3,64.4 3 0
github.com/ollama/ollama-distributed/internal/auth/routes.go:67.3,69.3 3 0
github.com/ollama/ollama-distributed/internal/auth/routes.go:69.3,77.4 7 0
github.com/ollama/ollama-distributed/internal/auth/routes.go:83.40,85.47 2 0
github.com/ollama/ollama-distributed/internal/auth/routes.go:85.47,88.3 2 0
github.com/ollama/ollama-distributed/internal/auth/routes.go:91.2,95.33 2 0
github.com/ollama/ollama-distributed/internal/auth/routes.go:95.33,97.3 1 0
github.com/ollama/ollama-distributed/internal/auth/routes.go:100.2,101.16 2 0
github.com/ollama/ollama-distributed/internal/auth/routes.go:101.16,104.3 2 0
github.com/ollama/ollama-distributed/internal/auth/routes.go:106.2,113.33 2 0
github.com/ollama/ollama-distributed/internal/auth/routes.go:116.43,118.47 2 0
github.com/ollama/ollama-distributed/internal/auth/routes.go:118.47,121.3 2 0
github.com/ollama/ollama-distributed/internal/auth/routes.go:124.2,124.20 1 0
github.com/ollama/ollama-distributed/internal/auth/routes.go:124.20,126.3 1 0
github.com/ollama/ollama-distributed/internal/auth/routes.go:129.2,131.36 3 0
github.com/ollama/ollama-distributed/internal/auth/routes.go:131.36,132.23 1 0
github.com/ollama/ollama-distributed/internal/auth/routes.go:132.23,134.9 2 0
github.com/ollama/ollama-distributed/internal/auth/routes.go:138.2,138.18 1 0
github.com/ollama/ollama-distributed/internal/auth/routes.go:138.18,141.3 2 0
github.com/ollama/ollama-distributed/internal/auth/routes.go:143.2,144.16 2 0
github.com/ollama/ollama-distributed/internal/auth/routes.go:144.16,147.3 2 0
github.com/ollama/ollama-distributed/internal/auth/routes.go:150.2,152.49 2 0
github.com/ollama/ollama-distributed/internal/auth/routes.go:155.47,157.47 2 0
github.com/ollama/ollama-distributed/internal/auth/routes.go:157.47,160.3 2 0
github.com/ollama/ollama-distributed/internal/auth/routes.go:163.2,164.16 2 0
github.com/ollama/ollama-distributed/internal/auth/routes.go:164.16,167.3 2 0
github.com/ollama/ollama-distributed/internal/auth/routes.go:171.2,171.98 1 0
github.com/ollama/ollama-distributed/internal/auth/routes.go:174.41,180.2 1 0
github.com/ollama/ollama-distributed/internal/auth/routes.go:184.45,186.17 2 0
github.com/ollama/ollama-distributed/internal/auth/routes.go:186.17,189.3 2 0
github.com/ollama/ollama-distributed/internal/auth/routes.go:192.2,194.44 2 0
github.com/ollama/ollama-distributed/internal/auth/routes.go:197.48,199.17 2 0
github.com/ollama/ollama-distributed/internal/auth/routes.go:199.17,202.3 2 0
github.com/ollama/ollama-distributed/internal/auth/routes.go:204.2,205.47 2 0
github.com/ollama/ollama-distributed/internal/auth/routes.go:205.47,208.3 2 0
github.com/ollama/ollama-distributed/internal/auth/routes.go:211.2,211.22 1 0
github.com/ollama/ollama-distributed/internal/auth/routes.go:211.22,213.3 1 0
github.com/ollama/ollama-distributed/internal/auth/routes.go:214.2,214.25 1 0
github.com/ollama/ollama-distributed/internal/auth/routes.go:214.25,215.34 1 0
github.com/ollama/ollama-distributed/internal/auth/routes.go:215.34,216.28 1 0
github.com/ollama/ollama-distributed/internal/auth/routes.go:216.28,218.5 1 0
github.com/ollama/ollama-distributed/internal/auth/routes.go:222.2,227.44 3 0
github.com/ollama/ollama-distributed/internal/auth/routes.go:230.49,232.17 2 0
github.com/ollama/ollama-distributed/internal/auth/routes.go:232.17,235.3 2 0
github.com/ollama/ollama-distributed/internal/auth/routes.go:237.2,238.47 2 0
github.com/ollama/ollama-distributed/internal/auth/routes.go:238.47,241.3 2 0
github.com/ollama/ollama-distributed/internal/auth/routes.go:244.2,244.86 1 0
github.com/ollama/ollama-distributed/internal/auth/routes.go:247.41,249.20 2 0
github.com/ollama/ollama-distributed/internal/auth/routes.go:249.20,252.3 2 0
github.com/ollama/ollama-distributed/internal/auth/routes.go:255.2,255.28 1 0
github.com/ollama/ollama-distributed/internal/auth/routes.go:255.28,257.3 1 0
github.com/ollama/ollama-distributed/internal/auth/routes.go:260.2,260.27 1 0
github.com/ollama/ollama-distributed/internal/auth/routes.go:260.27,262.3 1 0
github.com/ollama/ollama-distributed/internal/auth/routes.go:264.2,264.68 1 0
github.com/ollama/ollama-distributed/internal/auth/routes.go:267.46,270.2 1 0
github.com/ollama/ollama-distributed/internal/auth/routes.go:272.48,276.16 3 0
github.com/ollama/ollama-distributed/internal/auth/routes.go:276.16,279.3 2 0
github.com/ollama/ollama-distributed/internal/auth/routes.go:281.2,281.73 1 0
github.com/ollama/ollama-distributed/internal/auth/routes.go:286.46,288.17 2 0
github.com/ollama/ollama-distributed/internal/auth/routes.go:288.17,291.3 2 0
github.com/ollama/ollama-distributed/internal/auth/routes.go:294.2,295.38 2 0
github.com/ollama/ollama-distributed/internal/auth/routes.go:295.38,299.3 2 0
github.com/ollama/ollama-distributed/internal/auth/routes.go:301.2,301.55 1 0
github.com/ollama/ollama-distributed/internal/auth/routes.go:304.47,306.17 2 0
github.com/ollama/ollama-distributed/internal/auth/routes.go:306.17,309.3 2 0
github.com/ollama/ollama-distributed/internal/auth/routes.go:311.2,312.47 2 0
github.com/ollama/ollama-distributed/internal/auth/routes.go:312.47,315.3 2 0
github.com/ollama/ollama-distributed/internal/auth/routes.go:317.2,318.16 2 0
github.com/ollama/ollama-distributed/internal/auth/routes.go:318.16,321.3 2 0
github.com/ollama/ollama-distributed/internal/auth/routes.go:323.2,331.38 3 0
github.com/ollama/ollama-distributed/internal/auth/routes.go:334.47,338.16 3 0
github.com/ollama/ollama-distributed/internal/auth/routes.go:338.16,341.3 2 0
github.com/ollama/ollama-distributed/internal/auth/routes.go:343.2,343.73 1 0
github.com/ollama/ollama-distributed/internal/auth/routes.go:348.44,351.2 1 0
github.com/ollama/ollama-distributed/internal/auth/routes.go:353.45,355.47 2 0
github.com/ollama/ollama-distributed/internal/auth/routes.go:355.47,358.3 2 0
github.com/ollama/ollama-distributed/internal/auth/routes.go:360.2,361.16 2 0
github.com/ollama/ollama-distributed/internal/auth/routes.go:361.16,364.3 2 0
github.com/ollama/ollama-distributed/internal/auth/routes.go:367.2,369.49 2 0
github.com/ollama/ollama-distributed/internal/auth/routes.go:372.42,377.2 2 0
github.com/ollama/ollama-distributed/internal/auth/routes.go:379.45,383.47 3 0
github.com/ollama/ollama-distributed/internal/auth/routes.go:383.47,386.3 2 0
github.com/ollama/ollama-distributed/internal/auth/routes.go:389.2,389.101 1 0
github.com/ollama/ollama-distributed/internal/auth/routes.go:392.45,397.2 2 0
github.com/ollama/ollama-distributed/internal/auth/routes.go:399.52,404.2 2 0
github.com/ollama/ollama-distributed/internal/auth/routes.go:406.47,413.2 3 0
github.com/ollama/ollama-distributed/internal/auth/server_example.go:13.30,16.16 2 0
github.com/ollama/ollama-distributed/internal/auth/server_example.go:16.16,18.3 1 0
github.com/ollama/ollama-distributed/internal/auth/server_example.go:21.2,21.32 1 0
github.com/ollama/ollama-distributed/internal/auth/server_example.go:21.32,29.3 7 0
github.com/ollama/ollama-distributed/internal/auth/server_example.go:32.2,33.16 2 0
github.com/ollama/ollama-distributed/internal/auth/server_example.go:33.16,35.3 1 0
github.com/ollama/ollama-distributed/internal/auth/server_example.go:36.2,60.51 13 0
github.com/ollama/ollama-distributed/internal/auth/server_example.go:60.51,62.3 1 0
github.com/ollama/ollama-distributed/internal/auth/server_example.go:66.80,91.2 9 0
github.com/ollama/ollama-distributed/internal/auth/server_example.go:94.72,98.76 2 0
github.com/ollama/ollama-distributed/internal/auth/server_example.go:98.76,120.3 3 0
github.com/ollama/ollama-distributed/internal/auth/server_example.go:123.2,123.80 1 0
github.com/ollama/ollama-distributed/internal/auth/server_example.go:123.80,138.3 4 0
github.com/ollama/ollama-distributed/internal/auth/server_example.go:141.2,141.88 1 0
github.com/ollama/ollama-distributed/internal/auth/server_example.go:141.88,151.3 4 0
github.com/ollama/ollama-distributed/internal/auth/server_example.go:154.2,154.84 1 0
github.com/ollama/ollama-distributed/internal/auth/server_example.go:154.84,163.3 4 0
github.com/ollama/ollama-distributed/internal/auth/server_example.go:167.73,171.78 2 0
github.com/ollama/ollama-distributed/internal/auth/server_example.go:171.78,191.3 3 0
github.com/ollama/ollama-distributed/internal/auth/server_example.go:194.2,194.95 1 0
github.com/ollama/ollama-distributed/internal/auth/server_example.go:194.95,205.3 4 0
github.com/ollama/ollama-distributed/internal/auth/server_example.go:208.2,208.88 1 0
github.com/ollama/ollama-distributed/internal/auth/server_example.go:208.88,217.3 4 0
github.com/ollama/ollama-distributed/internal/auth/server_example.go:221.75,225.88 2 0
github.com/ollama/ollama-distributed/internal/auth/server_example.go:225.88,235.3 3 0
github.com/ollama/ollama-distributed/internal/auth/server_example.go:238.2,238.88 1 0
github.com/ollama/ollama-distributed/internal/auth/server_example.go:238.88,248.3 5 0
github.com/ollama/ollama-distributed/internal/auth/server_example.go:251.2,251.89 1 0
github.com/ollama/ollama-distributed/internal/auth/server_example.go:251.89,258.3 3 0
github.com/ollama/ollama-distributed/internal/auth/server_example.go:262.77,264.90 1 0
github.com/ollama/ollama-distributed/internal/auth/server_example.go:264.90,278.3 6 0
github.com/ollama/ollama-distributed/internal/auth/server_example.go:281.2,281.86 1 0
github.com/ollama/ollama-distributed/internal/auth/server_example.go:281.86,295.3 5 0
github.com/ollama/ollama-distributed/internal/auth/server_example.go:298.2,298.92 1 0
github.com/ollama/ollama-distributed/internal/auth/server_example.go:298.92,310.3 5 0
github.com/ollama/ollama-distributed/internal/auth/server_example.go:314.78,316.87 1 0
github.com/ollama/ollama-distributed/internal/auth/server_example.go:316.87,331.3 3 0
github.com/ollama/ollama-distributed/internal/auth/server_example.go:334.2,334.42 1 0
github.com/ollama/ollama-distributed/internal/auth/server_example.go:334.42,340.3 1 0
github.com/ollama/ollama-distributed/internal/auth/server_example.go:343.2,343.89 1 0
github.com/ollama/ollama-distributed/internal/auth/server_example.go:343.89,357.3 3 0
github.com/ollama/ollama-distributed/internal/auth/server_example.go:361.80,365.103 2 0
github.com/ollama/ollama-distributed/internal/auth/server_example.go:365.103,376.3 5 0
github.com/ollama/ollama-distributed/internal/auth/server_example.go:380.44,387.38 4 0
github.com/ollama/ollama-distributed/internal/auth/server_example.go:387.38,389.3 1 0
github.com/ollama/ollama-distributed/internal/auth/server_example.go:393.18,406.16 3 0
github.com/ollama/ollama-distributed/internal/auth/server_example.go:406.16,408.3 1 0
github.com/ollama/ollama-distributed/internal/auth/server_example.go:409.2,420.16 4 0
github.com/ollama/ollama-distributed/internal/auth/server_example.go:420.16,422.3 1 0
github.com/ollama/ollama-distributed/internal/auth/server_example.go:424.2,431.16 3 0
github.com/ollama/ollama-distributed/internal/auth/server_example.go:431.16,433.3 1 0
github.com/ollama/ollama-distributed/internal/auth/server_example.go:435.2,444.16 4 0
github.com/ollama/ollama-distributed/internal/auth/server_example.go:444.16,446.3 1 0
github.com/ollama/ollama-distributed/internal/auth/server_example.go:448.2,452.16 3 0
github.com/ollama/ollama-distributed/internal/auth/server_example.go:452.16,454.3 1 0
github.com/ollama/ollama-distributed/internal/auth/server_example.go:456.2,463.68 5 0
github.com/ollama/ollama-distributed/internal/auth/types.go:157.35,158.21 1 0
github.com/ollama/ollama-distributed/internal/auth/types.go:158.21,160.3 1 0
github.com/ollama/ollama-distributed/internal/auth/types.go:161.2,161.18 1 0
