mode: set
github.com/ollama/ollama-distributed/internal/config/config.go:240.30,397.2 4 0
github.com/ollama/ollama-distributed/internal/config/config.go:400.47,403.22 2 0
github.com/ollama/ollama-distributed/internal/config/config.go:403.22,405.3 1 0
github.com/ollama/ollama-distributed/internal/config/config.go:405.8,413.3 6 0
github.com/ollama/ollama-distributed/internal/config/config.go:416.2,420.45 3 0
github.com/ollama/ollama-distributed/internal/config/config.go:420.45,421.56 1 0
github.com/ollama/ollama-distributed/internal/config/config.go:421.56,423.4 1 0
github.com/ollama/ollama-distributed/internal/config/config.go:427.2,427.48 1 0
github.com/ollama/ollama-distributed/internal/config/config.go:427.48,429.3 1 0
github.com/ollama/ollama-distributed/internal/config/config.go:432.2,432.42 1 0
github.com/ollama/ollama-distributed/internal/config/config.go:432.42,434.3 1 0
github.com/ollama/ollama-distributed/internal/config/config.go:436.2,436.20 1 0
github.com/ollama/ollama-distributed/internal/config/config.go:440.35,453.27 2 0
github.com/ollama/ollama-distributed/internal/config/config.go:453.27,454.48 1 0
github.com/ollama/ollama-distributed/internal/config/config.go:454.48,456.4 1 0
github.com/ollama/ollama-distributed/internal/config/config.go:460.2,460.56 1 0
github.com/ollama/ollama-distributed/internal/config/config.go:460.56,462.51 2 0
github.com/ollama/ollama-distributed/internal/config/config.go:462.51,464.4 1 0
github.com/ollama/ollama-distributed/internal/config/config.go:468.2,468.28 1 0
github.com/ollama/ollama-distributed/internal/config/config.go:468.28,469.68 1 0
github.com/ollama/ollama-distributed/internal/config/config.go:469.68,471.4 1 0
github.com/ollama/ollama-distributed/internal/config/config.go:474.2,474.12 1 0
github.com/ollama/ollama-distributed/internal/config/config.go:478.46,481.2 2 0
