mode: atomic
github.com/ollama/ollama-distributed/pkg/config/types.go:56.34,80.2 1 0
github.com/ollama/ollama-distributed/pkg/config/types.go:83.42,85.16 2 0
github.com/ollama/ollama-distributed/pkg/config/types.go:85.16,87.3 1 0
github.com/ollama/ollama-distributed/pkg/config/types.go:89.2,90.16 2 0
github.com/ollama/ollama-distributed/pkg/config/types.go:90.16,92.3 1 0
github.com/ollama/ollama-distributed/pkg/config/types.go:94.2,95.12 2 0
github.com/ollama/ollama-distributed/pkg/config/types.go:99.62,100.24 1 0
github.com/ollama/ollama-distributed/pkg/config/types.go:100.24,102.3 1 0
github.com/ollama/ollama-distributed/pkg/config/types.go:104.2,105.16 2 0
github.com/ollama/ollama-distributed/pkg/config/types.go:105.16,107.3 1 0
github.com/ollama/ollama-distributed/pkg/config/types.go:109.2,109.45 1 0
github.com/ollama/ollama-distributed/pkg/config/types.go:113.69,116.40 2 0
github.com/ollama/ollama-distributed/pkg/config/types.go:116.40,118.17 2 0
github.com/ollama/ollama-distributed/pkg/config/types.go:118.17,119.12 1 0
github.com/ollama/ollama-distributed/pkg/config/types.go:122.3,123.17 2 0
github.com/ollama/ollama-distributed/pkg/config/types.go:123.17,124.12 1 0
github.com/ollama/ollama-distributed/pkg/config/types.go:127.3,127.35 1 0
github.com/ollama/ollama-distributed/pkg/config/types.go:130.2,130.19 1 0
github.com/ollama/ollama-distributed/pkg/config/types.go:134.67,137.38 2 0
github.com/ollama/ollama-distributed/pkg/config/types.go:137.38,139.17 2 0
github.com/ollama/ollama-distributed/pkg/config/types.go:139.17,140.12 1 0
github.com/ollama/ollama-distributed/pkg/config/types.go:143.3,144.17 2 0
github.com/ollama/ollama-distributed/pkg/config/types.go:144.17,145.12 1 0
github.com/ollama/ollama-distributed/pkg/config/types.go:148.3,148.37 1 0
github.com/ollama/ollama-distributed/pkg/config/types.go:151.2,151.20 1 0
github.com/ollama/ollama-distributed/pkg/config/types.go:155.51,157.2 1 0
github.com/ollama/ollama-distributed/pkg/config/types.go:159.51,161.2 1 0
github.com/ollama/ollama-distributed/pkg/config/types.go:163.52,165.2 1 0
github.com/ollama/ollama-distributed/pkg/integration/ollama_client_stubs.go:16.30,20.2 1 0
github.com/ollama/ollama-distributed/pkg/integration/ollama_client_stubs.go:23.66,25.2 1 0
github.com/ollama/ollama-distributed/pkg/integration/ollama_client_stubs.go:28.62,31.2 2 0
github.com/ollama/ollama-distributed/pkg/integration/ollama_client_stubs.go:34.56,36.2 1 0
github.com/ollama/ollama-distributed/pkg/integration/ollama_client_stubs.go:57.40,62.2 1 0
github.com/ollama/ollama-distributed/pkg/integration/ollama_client_stubs.go:142.100,149.2 1 0
github.com/ollama/ollama-distributed/pkg/integration/ollama_client_stubs.go:151.88,162.2 2 0
github.com/ollama/ollama-distributed/pkg/integration/ollama_client_stubs.go:164.91,167.27 2 0
github.com/ollama/ollama-distributed/pkg/integration/ollama_client_stubs.go:167.27,169.3 1 0
github.com/ollama/ollama-distributed/pkg/integration/ollama_client_stubs.go:171.2,173.8 1 0
github.com/ollama/ollama-distributed/pkg/integration/ollama_client_stubs.go:176.67,188.2 1 0
github.com/ollama/ollama-distributed/pkg/integration/ollama_client_stubs.go:190.88,199.2 1 0
github.com/ollama/ollama-distributed/pkg/integration/ollama_client_stubs.go:201.71,204.2 1 0
github.com/ollama/ollama-distributed/pkg/integration/ollama_client_stubs.go:206.75,209.2 1 0
github.com/ollama/ollama-distributed/pkg/integration/ollama_client_stubs.go:211.73,216.2 1 0
github.com/ollama/ollama-distributed/pkg/integration/ollama_client_stubs.go:231.48,235.2 1 0
github.com/ollama/ollama-distributed/pkg/integration/ollama_client_stubs.go:237.79,240.2 1 0
github.com/ollama/ollama-distributed/pkg/integration/ollama_client_stubs.go:242.55,245.2 1 0
github.com/ollama/ollama-distributed/pkg/integration/ollama_client_stubs.go:247.54,250.2 1 0
github.com/ollama/ollama-distributed/pkg/integration/ollama_client_stubs.go:280.75,283.2 1 0
github.com/ollama/ollama-distributed/pkg/integration/ollama_client_stubs.go:285.43,286.16 1 0
github.com/ollama/ollama-distributed/pkg/integration/ollama_client_stubs.go:286.16,288.3 1 0
github.com/ollama/ollama-distributed/pkg/integration/ollama_client_stubs.go:289.2,289.12 1 0
github.com/ollama/ollama-distributed/pkg/integration/ollama_client_stubs.go:293.52,296.2 1 0
github.com/ollama/ollama-distributed/pkg/integration/ollama_client_stubs.go:304.34,306.2 1 0
github.com/ollama/ollama-distributed/pkg/p2p/routing/content.go:183.131,184.19 1 0
github.com/ollama/ollama-distributed/pkg/p2p/routing/content.go:184.19,186.3 1 0
github.com/ollama/ollama-distributed/pkg/p2p/routing/content.go:188.2,205.16 4 0
github.com/ollama/ollama-distributed/pkg/p2p/routing/content.go:205.16,207.3 1 0
github.com/ollama/ollama-distributed/pkg/p2p/routing/content.go:208.2,219.16 5 0
github.com/ollama/ollama-distributed/pkg/p2p/routing/content.go:223.50,227.2 3 0
github.com/ollama/ollama-distributed/pkg/p2p/routing/content.go:230.34,253.2 11 0
github.com/ollama/ollama-distributed/pkg/p2p/routing/content.go:256.94,265.16 5 0
github.com/ollama/ollama-distributed/pkg/p2p/routing/content.go:265.16,267.3 1 0
github.com/ollama/ollama-distributed/pkg/p2p/routing/content.go:269.2,269.56 1 0
github.com/ollama/ollama-distributed/pkg/p2p/routing/content.go:269.56,271.3 1 0
github.com/ollama/ollama-distributed/pkg/p2p/routing/content.go:274.2,275.16 2 0
github.com/ollama/ollama-distributed/pkg/p2p/routing/content.go:275.16,277.3 1 0
github.com/ollama/ollama-distributed/pkg/p2p/routing/content.go:279.2,279.63 1 0
github.com/ollama/ollama-distributed/pkg/p2p/routing/content.go:279.63,281.3 1 0
github.com/ollama/ollama-distributed/pkg/p2p/routing/content.go:284.2,290.12 4 0
github.com/ollama/ollama-distributed/pkg/p2p/routing/content.go:294.114,298.68 2 0
github.com/ollama/ollama-distributed/pkg/p2p/routing/content.go:298.68,300.3 1 0
github.com/ollama/ollama-distributed/pkg/p2p/routing/content.go:303.2,303.29 1 0
github.com/ollama/ollama-distributed/pkg/p2p/routing/content.go:303.29,304.69 1 0
github.com/ollama/ollama-distributed/pkg/p2p/routing/content.go:304.69,307.4 2 0
github.com/ollama/ollama-distributed/pkg/p2p/routing/content.go:308.3,308.27 1 0
github.com/ollama/ollama-distributed/pkg/p2p/routing/content.go:312.2,314.16 3 0
github.com/ollama/ollama-distributed/pkg/p2p/routing/content.go:314.16,316.3 1 0
github.com/ollama/ollama-distributed/pkg/p2p/routing/content.go:318.2,319.54 2 0
github.com/ollama/ollama-distributed/pkg/p2p/routing/content.go:319.54,321.3 1 0
github.com/ollama/ollama-distributed/pkg/p2p/routing/content.go:324.2,325.16 2 0
github.com/ollama/ollama-distributed/pkg/p2p/routing/content.go:325.16,327.3 1 0
github.com/ollama/ollama-distributed/pkg/p2p/routing/content.go:330.2,330.29 1 0
github.com/ollama/ollama-distributed/pkg/p2p/routing/content.go:330.29,332.3 1 0
github.com/ollama/ollama-distributed/pkg/p2p/routing/content.go:334.2,335.33 2 0
github.com/ollama/ollama-distributed/pkg/p2p/routing/content.go:339.98,341.16 2 0
github.com/ollama/ollama-distributed/pkg/p2p/routing/content.go:341.16,343.3 1 0
github.com/ollama/ollama-distributed/pkg/p2p/routing/content.go:345.2,348.38 3 0
github.com/ollama/ollama-distributed/pkg/p2p/routing/content.go:348.38,350.3 1 0
github.com/ollama/ollama-distributed/pkg/p2p/routing/content.go:352.2,353.25 2 0
github.com/ollama/ollama-distributed/pkg/p2p/routing/content.go:357.119,380.16 8 0
github.com/ollama/ollama-distributed/pkg/p2p/routing/content.go:380.16,383.3 2 0
github.com/ollama/ollama-distributed/pkg/p2p/routing/content.go:385.2,392.21 5 0
github.com/ollama/ollama-distributed/pkg/p2p/routing/content.go:396.73,403.47 4 0
github.com/ollama/ollama-distributed/pkg/p2p/routing/content.go:403.47,404.26 1 0
github.com/ollama/ollama-distributed/pkg/p2p/routing/content.go:404.26,407.4 2 0
github.com/ollama/ollama-distributed/pkg/p2p/routing/content.go:410.3,410.47 1 0
github.com/ollama/ollama-distributed/pkg/p2p/routing/content.go:410.47,411.12 1 0
github.com/ollama/ollama-distributed/pkg/p2p/routing/content.go:415.3,415.74 1 0
github.com/ollama/ollama-distributed/pkg/p2p/routing/content.go:415.74,418.12 3 0
github.com/ollama/ollama-distributed/pkg/p2p/routing/content.go:422.3,426.9 5 0
github.com/ollama/ollama-distributed/pkg/p2p/routing/content.go:430.2,432.54 3 0
github.com/ollama/ollama-distributed/pkg/p2p/routing/content.go:436.118,439.16 2 0
github.com/ollama/ollama-distributed/pkg/p2p/routing/content.go:439.16,441.3 1 0
github.com/ollama/ollama-distributed/pkg/p2p/routing/content.go:442.2,453.16 4 0
github.com/ollama/ollama-distributed/pkg/p2p/routing/content.go:453.16,455.3 1 0
github.com/ollama/ollama-distributed/pkg/p2p/routing/content.go:457.2,457.46 1 0
github.com/ollama/ollama-distributed/pkg/p2p/routing/content.go:457.46,459.3 1 0
github.com/ollama/ollama-distributed/pkg/p2p/routing/content.go:462.2,464.16 3 0
github.com/ollama/ollama-distributed/pkg/p2p/routing/content.go:464.16,466.3 1 0
github.com/ollama/ollama-distributed/pkg/p2p/routing/content.go:468.2,469.59 2 0
github.com/ollama/ollama-distributed/pkg/p2p/routing/content.go:469.59,471.3 1 0
github.com/ollama/ollama-distributed/pkg/p2p/routing/content.go:473.2,473.23 1 0
github.com/ollama/ollama-distributed/pkg/p2p/routing/content.go:473.23,475.3 1 0
github.com/ollama/ollama-distributed/pkg/p2p/routing/content.go:478.2,482.33 2 0
github.com/ollama/ollama-distributed/pkg/p2p/routing/content.go:482.33,485.3 1 0
github.com/ollama/ollama-distributed/pkg/p2p/routing/content.go:487.2,487.12 1 0
github.com/ollama/ollama-distributed/pkg/p2p/routing/content.go:493.70,499.16 4 0
github.com/ollama/ollama-distributed/pkg/p2p/routing/content.go:499.16,502.3 2 0
github.com/ollama/ollama-distributed/pkg/p2p/routing/content.go:504.2,505.61 2 0
github.com/ollama/ollama-distributed/pkg/p2p/routing/content.go:505.61,508.3 2 0
github.com/ollama/ollama-distributed/pkg/p2p/routing/content.go:511.2,515.16 3 0
github.com/ollama/ollama-distributed/pkg/p2p/routing/content.go:515.16,518.3 2 0
github.com/ollama/ollama-distributed/pkg/p2p/routing/content.go:520.2,520.46 1 0
github.com/ollama/ollama-distributed/pkg/p2p/routing/content.go:520.46,523.3 2 0
github.com/ollama/ollama-distributed/pkg/p2p/routing/content.go:527.70,535.16 5 0
github.com/ollama/ollama-distributed/pkg/p2p/routing/content.go:535.16,538.3 2 0
github.com/ollama/ollama-distributed/pkg/p2p/routing/content.go:540.2,541.58 2 0
github.com/ollama/ollama-distributed/pkg/p2p/routing/content.go:541.58,544.3 2 0
github.com/ollama/ollama-distributed/pkg/p2p/routing/content.go:547.2,551.16 3 0
github.com/ollama/ollama-distributed/pkg/p2p/routing/content.go:551.16,554.3 2 0
github.com/ollama/ollama-distributed/pkg/p2p/routing/content.go:556.2,556.46 1 0
github.com/ollama/ollama-distributed/pkg/p2p/routing/content.go:556.46,559.3 2 0
github.com/ollama/ollama-distributed/pkg/p2p/routing/content.go:561.2,561.30 1 0
github.com/ollama/ollama-distributed/pkg/p2p/routing/content.go:565.70,573.16 5 0
github.com/ollama/ollama-distributed/pkg/p2p/routing/content.go:573.16,576.3 2 0
github.com/ollama/ollama-distributed/pkg/p2p/routing/content.go:578.2,579.63 2 0
github.com/ollama/ollama-distributed/pkg/p2p/routing/content.go:579.63,582.3 2 0
github.com/ollama/ollama-distributed/pkg/p2p/routing/content.go:585.2,585.56 1 0
github.com/ollama/ollama-distributed/pkg/p2p/routing/content.go:589.86,599.2 2 0
github.com/ollama/ollama-distributed/pkg/p2p/routing/content.go:602.133,605.13 2 0
github.com/ollama/ollama-distributed/pkg/p2p/routing/content.go:605.13,612.3 1 0
github.com/ollama/ollama-distributed/pkg/p2p/routing/content.go:616.2,621.3 1 0
github.com/ollama/ollama-distributed/pkg/p2p/routing/content.go:625.112,631.30 4 0
github.com/ollama/ollama-distributed/pkg/p2p/routing/content.go:631.30,632.22 1 0
github.com/ollama/ollama-distributed/pkg/p2p/routing/content.go:632.22,634.4 1 0
github.com/ollama/ollama-distributed/pkg/p2p/routing/content.go:637.2,638.84 2 0
github.com/ollama/ollama-distributed/pkg/p2p/routing/content.go:644.51,650.6 4 0
github.com/ollama/ollama-distributed/pkg/p2p/routing/content.go:650.6,651.10 1 0
github.com/ollama/ollama-distributed/pkg/p2p/routing/content.go:652.24,653.10 1 0
github.com/ollama/ollama-distributed/pkg/p2p/routing/content.go:654.19,655.27 1 0
github.com/ollama/ollama-distributed/pkg/p2p/routing/content.go:661.50,667.6 4 0
github.com/ollama/ollama-distributed/pkg/p2p/routing/content.go:667.6,668.10 1 0
github.com/ollama/ollama-distributed/pkg/p2p/routing/content.go:669.24,670.10 1 0
github.com/ollama/ollama-distributed/pkg/p2p/routing/content.go:671.19,672.24 1 0
github.com/ollama/ollama-distributed/pkg/p2p/routing/content.go:678.40,684.6 4 0
github.com/ollama/ollama-distributed/pkg/p2p/routing/content.go:684.6,685.10 1 0
github.com/ollama/ollama-distributed/pkg/p2p/routing/content.go:686.24,687.10 1 0
github.com/ollama/ollama-distributed/pkg/p2p/routing/content.go:688.19,689.22 1 0
github.com/ollama/ollama-distributed/pkg/p2p/routing/content.go:695.45,701.6 4 0
github.com/ollama/ollama-distributed/pkg/p2p/routing/content.go:701.6,702.10 1 0
github.com/ollama/ollama-distributed/pkg/p2p/routing/content.go:703.24,704.10 1 0
github.com/ollama/ollama-distributed/pkg/p2p/routing/content.go:705.19,706.34 1 0
github.com/ollama/ollama-distributed/pkg/p2p/routing/content.go:714.82,717.16 2 0
github.com/ollama/ollama-distributed/pkg/p2p/routing/content.go:717.16,719.3 1 0
github.com/ollama/ollama-distributed/pkg/p2p/routing/content.go:720.2,720.39 1 0
github.com/ollama/ollama-distributed/pkg/p2p/routing/content.go:724.93,725.49 1 0
github.com/ollama/ollama-distributed/pkg/p2p/routing/content.go:725.49,726.27 1 0
github.com/ollama/ollama-distributed/pkg/p2p/routing/content.go:726.27,728.4 1 0
github.com/ollama/ollama-distributed/pkg/p2p/routing/content.go:730.2,730.14 1 0
github.com/ollama/ollama-distributed/pkg/p2p/routing/content.go:734.48,736.2 0 0
github.com/ollama/ollama-distributed/pkg/p2p/routing/content.go:739.44,744.45 4 0
github.com/ollama/ollama-distributed/pkg/p2p/routing/content.go:744.45,745.51 1 0
github.com/ollama/ollama-distributed/pkg/p2p/routing/content.go:745.51,749.4 3 0
github.com/ollama/ollama-distributed/pkg/p2p/routing/content.go:754.43,756.2 0 0
github.com/ollama/ollama-distributed/pkg/p2p/routing/content.go:759.61,761.2 1 0
github.com/ollama/ollama-distributed/pkg/p2p/routing/content.go:764.73,769.38 4 0
github.com/ollama/ollama-distributed/pkg/p2p/routing/content.go:769.38,771.3 1 0
github.com/ollama/ollama-distributed/pkg/p2p/routing/content.go:772.2,772.17 1 0
github.com/ollama/ollama-distributed/pkg/p2p/routing/content.go:776.33,781.25 4 0
github.com/ollama/ollama-distributed/pkg/p2p/routing/content.go:781.25,783.3 1 0
github.com/ollama/ollama-distributed/pkg/p2p/routing/content.go:785.2,785.38 1 0
github.com/ollama/ollama-distributed/pkg/p2p/routing/content.go:789.56,800.2 1 0
github.com/ollama/ollama-distributed/pkg/p2p/routing/content.go:855.57,860.2 1 0
github.com/ollama/ollama-distributed/pkg/p2p/routing/content.go:863.68,868.27 4 0
github.com/ollama/ollama-distributed/pkg/p2p/routing/content.go:868.27,869.18 1 0
github.com/ollama/ollama-distributed/pkg/p2p/routing/content.go:869.18,871.4 1 0
github.com/ollama/ollama-distributed/pkg/p2p/routing/content.go:873.2,873.47 1 0
github.com/ollama/ollama-distributed/pkg/p2p/routing/content.go:877.64,885.2 6 0
github.com/ollama/ollama-distributed/pkg/p2p/routing/content.go:897.107,906.2 2 0
github.com/ollama/ollama-distributed/pkg/p2p/routing/content.go:909.38,911.2 0 0
github.com/ollama/ollama-distributed/pkg/p2p/routing/content.go:914.36,916.2 1 0
github.com/ollama/ollama-distributed/pkg/p2p/routing/content.go:933.68,939.2 1 0
github.com/ollama/ollama-distributed/pkg/p2p/routing/content.go:942.70,947.50 4 0
github.com/ollama/ollama-distributed/pkg/p2p/routing/content.go:947.50,949.3 1 0
github.com/ollama/ollama-distributed/pkg/p2p/routing/content.go:950.2,950.28 1 0
github.com/ollama/ollama-distributed/pkg/p2p/routing/content.go:954.71,964.32 4 0
github.com/ollama/ollama-distributed/pkg/p2p/routing/content.go:964.32,968.35 3 0
github.com/ollama/ollama-distributed/pkg/p2p/routing/content.go:968.35,969.65 1 0
github.com/ollama/ollama-distributed/pkg/p2p/routing/content.go:969.65,972.5 2 0
github.com/ollama/ollama-distributed/pkg/p2p/routing/content.go:974.3,974.29 1 0
github.com/ollama/ollama-distributed/pkg/p2p/routing/content.go:979.35,984.34 4 0
github.com/ollama/ollama-distributed/pkg/p2p/routing/content.go:984.34,985.33 1 0
github.com/ollama/ollama-distributed/pkg/p2p/routing/content.go:985.33,987.4 1 0
github.com/ollama/ollama-distributed/pkg/p2p/routing/content.go:1006.40,1010.2 1 0
github.com/ollama/ollama-distributed/pkg/p2p/routing/content.go:1013.58,1018.13 4 0
github.com/ollama/ollama-distributed/pkg/p2p/routing/content.go:1018.13,1020.3 1 0
github.com/ollama/ollama-distributed/pkg/p2p/routing/content.go:1021.2,1021.18 1 0
github.com/ollama/ollama-distributed/pkg/p2p/routing/content.go:1025.62,1031.2 4 0
github.com/ollama/ollama-distributed/pkg/p2p/routing/content.go:1034.51,1040.2 4 0
github.com/ollama/ollama-distributed/pkg/p2p/routing/content.go:1043.47,1049.2 4 0
github.com/ollama/ollama-distributed/pkg/p2p/routing/content.go:1066.38,1070.2 1 0
github.com/ollama/ollama-distributed/pkg/p2p/routing/content.go:1073.74,1083.2 3 0
github.com/ollama/ollama-distributed/pkg/p2p/routing/content.go:1086.60,1091.33 4 0
github.com/ollama/ollama-distributed/pkg/p2p/routing/content.go:1091.33,1092.33 1 0
github.com/ollama/ollama-distributed/pkg/p2p/routing/content.go:1092.33,1094.4 1 0
github.com/ollama/ollama-distributed/pkg/p2p/routing/content.go:1096.2,1096.16 1 0
github.com/ollama/ollama-distributed/pkg/p2p/routing/content.go:1100.58,1104.2 3 0
github.com/ollama/ollama-distributed/pkg/p2p/routing/content.go:1107.57,1109.41 1 0
github.com/ollama/ollama-distributed/pkg/p2p/routing/content.go:1109.41,1110.23 1 0
github.com/ollama/ollama-distributed/pkg/p2p/routing/content.go:1110.23,1112.4 1 0
github.com/ollama/ollama-distributed/pkg/p2p/routing/content.go:1114.2,1114.14 1 0
github.com/ollama/ollama-distributed/pkg/p2p/routing/content.go:1118.74,1130.2 4 0
github.com/ollama/ollama-distributed/pkg/p2p/routing/content.go:1133.62,1138.21 4 0
github.com/ollama/ollama-distributed/pkg/p2p/routing/content.go:1138.21,1140.3 1 0
github.com/ollama/ollama-distributed/pkg/p2p/routing/content.go:1144.77,1150.2 4 0
github.com/ollama/ollama-distributed/pkg/p2p/routing/content.go:1153.103,1165.21 5 0
github.com/ollama/ollama-distributed/pkg/p2p/routing/content.go:1165.21,1167.3 1 0
github.com/ollama/ollama-distributed/pkg/p2p/routing/content.go:1171.76,1172.21 1 0
github.com/ollama/ollama-distributed/pkg/p2p/routing/content.go:1172.21,1174.3 1 0
github.com/ollama/ollama-distributed/pkg/p2p/routing/content.go:1176.2,1180.24 4 0
github.com/ollama/ollama-distributed/pkg/p2p/routing/content.go:1184.40,1185.21 1 0
github.com/ollama/ollama-distributed/pkg/p2p/routing/content.go:1185.21,1187.3 1 0
github.com/ollama/ollama-distributed/pkg/p2p/discovery/discovery.go:114.109,134.54 4 0
github.com/ollama/ollama-distributed/pkg/p2p/discovery/discovery.go:134.54,136.3 1 0
github.com/ollama/ollama-distributed/pkg/p2p/discovery/discovery.go:138.2,138.20 1 0
github.com/ollama/ollama-distributed/pkg/p2p/discovery/discovery.go:142.56,144.28 1 0
github.com/ollama/ollama-distributed/pkg/p2p/discovery/discovery.go:144.28,145.43 1 0
github.com/ollama/ollama-distributed/pkg/p2p/discovery/discovery.go:145.43,147.4 1 0
github.com/ollama/ollama-distributed/pkg/p2p/discovery/discovery.go:151.2,151.43 1 0
github.com/ollama/ollama-distributed/pkg/p2p/discovery/discovery.go:151.43,153.3 1 0
github.com/ollama/ollama-distributed/pkg/p2p/discovery/discovery.go:156.2,156.48 1 0
github.com/ollama/ollama-distributed/pkg/p2p/discovery/discovery.go:156.48,158.3 1 0
github.com/ollama/ollama-distributed/pkg/p2p/discovery/discovery.go:161.2,161.49 1 0
github.com/ollama/ollama-distributed/pkg/p2p/discovery/discovery.go:161.49,163.3 1 0
github.com/ollama/ollama-distributed/pkg/p2p/discovery/discovery.go:165.2,165.12 1 0
github.com/ollama/ollama-distributed/pkg/p2p/discovery/discovery.go:169.49,172.30 2 0
github.com/ollama/ollama-distributed/pkg/p2p/discovery/discovery.go:173.16,174.24 1 0
github.com/ollama/ollama-distributed/pkg/p2p/discovery/discovery.go:175.16,176.24 1 0
github.com/ollama/ollama-distributed/pkg/p2p/discovery/discovery.go:177.10,178.22 1 0
github.com/ollama/ollama-distributed/pkg/p2p/discovery/discovery.go:182.2,183.16 2 0
github.com/ollama/ollama-distributed/pkg/p2p/discovery/discovery.go:183.16,185.3 1 0
github.com/ollama/ollama-distributed/pkg/p2p/discovery/discovery.go:187.2,190.41 2 0
github.com/ollama/ollama-distributed/pkg/p2p/discovery/discovery.go:190.41,192.3 1 0
github.com/ollama/ollama-distributed/pkg/p2p/discovery/discovery.go:195.2,203.12 5 0
github.com/ollama/ollama-distributed/pkg/p2p/discovery/discovery.go:207.48,209.16 2 0
github.com/ollama/ollama-distributed/pkg/p2p/discovery/discovery.go:209.16,211.3 1 0
github.com/ollama/ollama-distributed/pkg/p2p/discovery/discovery.go:213.2,213.30 1 0
github.com/ollama/ollama-distributed/pkg/p2p/discovery/discovery.go:213.30,216.3 2 0
github.com/ollama/ollama-distributed/pkg/p2p/discovery/discovery.go:219.2,219.42 1 0
github.com/ollama/ollama-distributed/pkg/p2p/discovery/discovery.go:219.42,220.28 1 0
github.com/ollama/ollama-distributed/pkg/p2p/discovery/discovery.go:220.28,224.49 3 0
github.com/ollama/ollama-distributed/pkg/p2p/discovery/discovery.go:224.49,227.5 2 0
github.com/ollama/ollama-distributed/pkg/p2p/discovery/discovery.go:229.4,229.55 1 0
github.com/ollama/ollama-distributed/pkg/p2p/discovery/discovery.go:234.2,234.47 1 0
github.com/ollama/ollama-distributed/pkg/p2p/discovery/discovery.go:234.47,236.3 1 0
github.com/ollama/ollama-distributed/pkg/p2p/discovery/discovery.go:238.2,239.12 2 0
github.com/ollama/ollama-distributed/pkg/p2p/discovery/discovery.go:243.50,260.2 8 0
github.com/ollama/ollama-distributed/pkg/p2p/discovery/discovery.go:263.55,265.16 2 0
github.com/ollama/ollama-distributed/pkg/p2p/discovery/discovery.go:265.16,267.3 1 0
github.com/ollama/ollama-distributed/pkg/p2p/discovery/discovery.go:269.2,276.12 5 0
github.com/ollama/ollama-distributed/pkg/p2p/discovery/discovery.go:280.56,281.18 1 0
github.com/ollama/ollama-distributed/pkg/p2p/discovery/discovery.go:281.18,283.3 1 0
github.com/ollama/ollama-distributed/pkg/p2p/discovery/discovery.go:285.2,292.12 5 0
github.com/ollama/ollama-distributed/pkg/p2p/discovery/discovery.go:296.35,304.40 4 0
github.com/ollama/ollama-distributed/pkg/p2p/discovery/discovery.go:304.40,307.3 2 0
github.com/ollama/ollama-distributed/pkg/p2p/discovery/discovery.go:310.2,310.24 1 0
github.com/ollama/ollama-distributed/pkg/p2p/discovery/discovery.go:310.24,313.3 2 0
github.com/ollama/ollama-distributed/pkg/p2p/discovery/discovery.go:316.2,323.40 5 0
github.com/ollama/ollama-distributed/pkg/p2p/discovery/discovery.go:327.67,333.6 4 0
github.com/ollama/ollama-distributed/pkg/p2p/discovery/discovery.go:333.6,334.10 1 0
github.com/ollama/ollama-distributed/pkg/p2p/discovery/discovery.go:335.23,336.10 1 0
github.com/ollama/ollama-distributed/pkg/p2p/discovery/discovery.go:337.19,338.28 1 0
github.com/ollama/ollama-distributed/pkg/p2p/discovery/discovery.go:344.68,348.67 2 0
github.com/ollama/ollama-distributed/pkg/p2p/discovery/discovery.go:348.67,352.3 3 0
github.com/ollama/ollama-distributed/pkg/p2p/discovery/discovery.go:355.2,356.16 2 0
github.com/ollama/ollama-distributed/pkg/p2p/discovery/discovery.go:356.16,360.3 3 0
github.com/ollama/ollama-distributed/pkg/p2p/discovery/discovery.go:363.2,364.29 2 0
github.com/ollama/ollama-distributed/pkg/p2p/discovery/discovery.go:364.29,366.29 1 0
github.com/ollama/ollama-distributed/pkg/p2p/discovery/discovery.go:366.29,367.12 1 0
github.com/ollama/ollama-distributed/pkg/p2p/discovery/discovery.go:371.3,374.10 2 0
github.com/ollama/ollama-distributed/pkg/p2p/discovery/discovery.go:375.28,376.16 1 0
github.com/ollama/ollama-distributed/pkg/p2p/discovery/discovery.go:377.23,378.10 1 0
github.com/ollama/ollama-distributed/pkg/p2p/discovery/discovery.go:383.2,388.20 5 0
github.com/ollama/ollama-distributed/pkg/p2p/discovery/discovery.go:388.20,390.3 1 0
github.com/ollama/ollama-distributed/pkg/p2p/discovery/discovery.go:394.43,397.6 2 0
github.com/ollama/ollama-distributed/pkg/p2p/discovery/discovery.go:397.6,398.10 1 0
github.com/ollama/ollama-distributed/pkg/p2p/discovery/discovery.go:399.23,400.10 1 0
github.com/ollama/ollama-distributed/pkg/p2p/discovery/discovery.go:401.30,402.27 1 0
github.com/ollama/ollama-distributed/pkg/p2p/discovery/discovery.go:403.31,404.28 1 0
github.com/ollama/ollama-distributed/pkg/p2p/discovery/discovery.go:410.63,412.66 1 0
github.com/ollama/ollama-distributed/pkg/p2p/discovery/discovery.go:412.66,413.13 1 0
github.com/ollama/ollama-distributed/pkg/p2p/discovery/discovery.go:413.13,417.52 3 0
github.com/ollama/ollama-distributed/pkg/p2p/discovery/discovery.go:417.52,420.5 2 0
github.com/ollama/ollama-distributed/pkg/p2p/discovery/discovery.go:422.4,422.59 1 0
github.com/ollama/ollama-distributed/pkg/p2p/discovery/discovery.go:426.2,427.38 2 0
github.com/ollama/ollama-distributed/pkg/p2p/discovery/discovery.go:431.58,435.2 3 0
github.com/ollama/ollama-distributed/pkg/p2p/discovery/discovery.go:438.44,444.6 4 0
github.com/ollama/ollama-distributed/pkg/p2p/discovery/discovery.go:444.6,445.10 1 0
github.com/ollama/ollama-distributed/pkg/p2p/discovery/discovery.go:446.23,447.10 1 0
github.com/ollama/ollama-distributed/pkg/p2p/discovery/discovery.go:448.19,449.21 1 0
github.com/ollama/ollama-distributed/pkg/p2p/discovery/discovery.go:455.43,457.2 1 0
github.com/ollama/ollama-distributed/pkg/p2p/discovery/discovery.go:460.58,462.2 1 0
github.com/ollama/ollama-distributed/pkg/p2p/discovery/discovery.go:465.49,467.2 1 0
github.com/ollama/ollama-distributed/pkg/p2p/discovery/discovery.go:470.34,475.18 4 0
github.com/ollama/ollama-distributed/pkg/p2p/discovery/discovery.go:475.18,477.3 1 0
github.com/ollama/ollama-distributed/pkg/p2p/discovery/discovery.go:479.2,479.40 1 0
github.com/ollama/ollama-distributed/pkg/p2p/discovery/discovery.go:487.59,488.9 1 0
github.com/ollama/ollama-distributed/pkg/p2p/discovery/discovery.go:489.27,489.27 0 0
github.com/ollama/ollama-distributed/pkg/p2p/discovery/discovery.go:490.10,490.10 0 0
github.com/ollama/ollama-distributed/pkg/p2p/discovery/discovery.go:496.62,503.2 1 0
github.com/ollama/ollama-distributed/pkg/p2p/discovery/discovery.go:506.60,521.30 6 0
github.com/ollama/ollama-distributed/pkg/p2p/discovery/discovery.go:521.30,523.3 1 0
github.com/ollama/ollama-distributed/pkg/p2p/discovery/discovery.go:527.44,532.2 3 0
github.com/ollama/ollama-distributed/pkg/p2p/discovery/discovery.go:535.61,540.13 4 0
github.com/ollama/ollama-distributed/pkg/p2p/discovery/discovery.go:540.13,542.3 1 0
github.com/ollama/ollama-distributed/pkg/p2p/discovery/discovery.go:545.2,545.39 1 0
github.com/ollama/ollama-distributed/pkg/p2p/discovery/discovery.go:545.39,547.3 1 0
github.com/ollama/ollama-distributed/pkg/p2p/discovery/discovery.go:549.2,549.19 1 0
github.com/ollama/ollama-distributed/pkg/p2p/discovery/discovery.go:553.31,556.32 2 0
github.com/ollama/ollama-distributed/pkg/p2p/discovery/discovery.go:556.32,557.37 1 0
github.com/ollama/ollama-distributed/pkg/p2p/discovery/discovery.go:557.37,559.4 1 0
github.com/ollama/ollama-distributed/pkg/p2p/discovery/discovery.go:564.68,570.6 4 0
github.com/ollama/ollama-distributed/pkg/p2p/discovery/discovery.go:570.6,571.10 1 0
github.com/ollama/ollama-distributed/pkg/p2p/discovery/discovery.go:572.21,573.10 1 0
github.com/ollama/ollama-distributed/pkg/p2p/discovery/discovery.go:574.19,577.23 3 0
github.com/ollama/ollama-distributed/pkg/p2p/discovery/discovery.go:585.48,589.2 1 0
github.com/ollama/ollama-distributed/pkg/p2p/discovery/discovery.go:592.48,596.2 1 0
github.com/ollama/ollama-distributed/pkg/p2p/discovery/discovery.go:599.75,603.38 3 0
github.com/ollama/ollama-distributed/pkg/p2p/discovery/discovery.go:603.38,605.17 2 0
github.com/ollama/ollama-distributed/pkg/p2p/discovery/discovery.go:605.17,607.12 2 0
github.com/ollama/ollama-distributed/pkg/p2p/discovery/discovery.go:610.3,611.17 2 0
github.com/ollama/ollama-distributed/pkg/p2p/discovery/discovery.go:611.17,613.12 2 0
github.com/ollama/ollama-distributed/pkg/p2p/discovery/discovery.go:616.3,616.35 1 0
github.com/ollama/ollama-distributed/pkg/p2p/discovery/discovery.go:619.2,619.19 1 0
github.com/ollama/ollama-distributed/pkg/p2p/discovery/strategies.go:26.37,28.2 1 0
github.com/ollama/ollama-distributed/pkg/p2p/discovery/strategies.go:31.121,33.2 1 0
github.com/ollama/ollama-distributed/pkg/p2p/discovery/strategies.go:36.114,38.2 1 0
github.com/ollama/ollama-distributed/pkg/p2p/discovery/strategies.go:46.38,48.2 1 0
github.com/ollama/ollama-distributed/pkg/p2p/discovery/strategies.go:51.122,56.2 3 0
github.com/ollama/ollama-distributed/pkg/p2p/discovery/strategies.go:59.115,62.2 1 0
github.com/ollama/ollama-distributed/pkg/p2p/discovery/strategies.go:85.120,93.2 1 0
github.com/ollama/ollama-distributed/pkg/p2p/discovery/strategies.go:96.44,98.2 1 0
github.com/ollama/ollama-distributed/pkg/p2p/discovery/strategies.go:101.128,104.12 2 0
github.com/ollama/ollama-distributed/pkg/p2p/discovery/strategies.go:104.12,107.41 2 0
github.com/ollama/ollama-distributed/pkg/p2p/discovery/strategies.go:107.41,108.11 1 0
github.com/ollama/ollama-distributed/pkg/p2p/discovery/strategies.go:109.26,109.26 0 0
github.com/ollama/ollama-distributed/pkg/p2p/discovery/strategies.go:110.22,111.11 1 0
github.com/ollama/ollama-distributed/pkg/p2p/discovery/strategies.go:116.2,116.22 1 0
github.com/ollama/ollama-distributed/pkg/p2p/discovery/strategies.go:120.121,123.2 1 0
github.com/ollama/ollama-distributed/pkg/p2p/discovery/strategies.go:126.77,132.6 4 0
github.com/ollama/ollama-distributed/pkg/p2p/discovery/strategies.go:132.6,133.10 1 0
github.com/ollama/ollama-distributed/pkg/p2p/discovery/strategies.go:134.21,135.10 1 0
github.com/ollama/ollama-distributed/pkg/p2p/discovery/strategies.go:136.19,137.28 1 0
github.com/ollama/ollama-distributed/pkg/p2p/discovery/strategies.go:143.69,146.28 2 0
github.com/ollama/ollama-distributed/pkg/p2p/discovery/strategies.go:146.28,148.41 1 0
github.com/ollama/ollama-distributed/pkg/p2p/discovery/strategies.go:148.41,149.31 1 0
github.com/ollama/ollama-distributed/pkg/p2p/discovery/strategies.go:149.31,150.10 1 0
github.com/ollama/ollama-distributed/pkg/p2p/discovery/strategies.go:154.4,154.68 1 0
github.com/ollama/ollama-distributed/pkg/p2p/discovery/strategies.go:154.68,155.13 1 0
github.com/ollama/ollama-distributed/pkg/p2p/discovery/strategies.go:159.4,163.88 4 0
github.com/ollama/ollama-distributed/pkg/p2p/discovery/strategies.go:163.88,164.13 1 0
github.com/ollama/ollama-distributed/pkg/p2p/discovery/strategies.go:167.4,168.15 2 0
github.com/ollama/ollama-distributed/pkg/p2p/discovery/strategies.go:174.85,177.13 3 0
github.com/ollama/ollama-distributed/pkg/p2p/discovery/strategies.go:177.13,180.3 2 0
github.com/ollama/ollama-distributed/pkg/p2p/discovery/strategies.go:181.2,187.57 5 0
github.com/ollama/ollama-distributed/pkg/p2p/discovery/strategies.go:187.57,195.3 6 0
github.com/ollama/ollama-distributed/pkg/p2p/discovery/strategies.go:197.2,202.27 5 0
github.com/ollama/ollama-distributed/pkg/p2p/discovery/strategies.go:225.84,232.2 1 0
github.com/ollama/ollama-distributed/pkg/p2p/discovery/strategies.go:235.45,237.2 1 0
github.com/ollama/ollama-distributed/pkg/p2p/discovery/strategies.go:240.129,250.12 3 0
github.com/ollama/ollama-distributed/pkg/p2p/discovery/strategies.go:250.12,253.40 2 0
github.com/ollama/ollama-distributed/pkg/p2p/discovery/strategies.go:253.40,255.18 2 0
github.com/ollama/ollama-distributed/pkg/p2p/discovery/strategies.go:255.18,257.13 2 0
github.com/ollama/ollama-distributed/pkg/p2p/discovery/strategies.go:260.4,260.33 1 0
github.com/ollama/ollama-distributed/pkg/p2p/discovery/strategies.go:260.33,261.12 1 0
github.com/ollama/ollama-distributed/pkg/p2p/discovery/strategies.go:262.27,262.27 0 0
github.com/ollama/ollama-distributed/pkg/p2p/discovery/strategies.go:263.23,264.12 1 0
github.com/ollama/ollama-distributed/pkg/p2p/discovery/strategies.go:270.2,270.22 1 0
github.com/ollama/ollama-distributed/pkg/p2p/discovery/strategies.go:274.122,284.39 3 0
github.com/ollama/ollama-distributed/pkg/p2p/discovery/strategies.go:284.39,286.17 2 0
github.com/ollama/ollama-distributed/pkg/p2p/discovery/strategies.go:286.17,288.12 2 0
github.com/ollama/ollama-distributed/pkg/p2p/discovery/strategies.go:292.3,300.34 4 0
github.com/ollama/ollama-distributed/pkg/p2p/discovery/strategies.go:300.34,302.4 1 0
github.com/ollama/ollama-distributed/pkg/p2p/discovery/strategies.go:304.3,304.71 1 0
github.com/ollama/ollama-distributed/pkg/p2p/discovery/strategies.go:307.2,307.17 1 0
github.com/ollama/ollama-distributed/pkg/p2p/discovery/strategies.go:307.17,309.3 1 0
github.com/ollama/ollama-distributed/pkg/p2p/discovery/strategies.go:311.2,311.20 1 0
github.com/ollama/ollama-distributed/pkg/p2p/discovery/strategies.go:315.81,320.33 4 0
github.com/ollama/ollama-distributed/pkg/p2p/discovery/strategies.go:320.33,322.3 1 0
github.com/ollama/ollama-distributed/pkg/p2p/discovery/strategies.go:324.2,324.15 1 0
github.com/ollama/ollama-distributed/pkg/p2p/discovery/strategies.go:341.20,348.2 1 0
github.com/ollama/ollama-distributed/pkg/p2p/discovery/strategies.go:351.41,353.2 1 0
github.com/ollama/ollama-distributed/pkg/p2p/discovery/strategies.go:356.125,357.21 1 0
github.com/ollama/ollama-distributed/pkg/p2p/discovery/strategies.go:357.21,361.3 3 0
github.com/ollama/ollama-distributed/pkg/p2p/discovery/strategies.go:363.2,363.35 1 0
github.com/ollama/ollama-distributed/pkg/p2p/discovery/strategies.go:367.118,368.25 1 0
github.com/ollama/ollama-distributed/pkg/p2p/discovery/strategies.go:368.25,370.3 1 0
github.com/ollama/ollama-distributed/pkg/p2p/discovery/strategies.go:372.2,372.39 1 0
github.com/ollama/ollama-distributed/pkg/p2p/discovery/strategies.go:386.74,392.38 4 0
github.com/ollama/ollama-distributed/pkg/p2p/discovery/strategies.go:392.38,396.3 3 0
github.com/ollama/ollama-distributed/pkg/p2p/discovery/strategies.go:398.2,403.3 1 0
github.com/ollama/ollama-distributed/pkg/p2p/discovery/strategies.go:407.41,409.2 1 0
github.com/ollama/ollama-distributed/pkg/p2p/discovery/strategies.go:412.125,415.12 2 0
github.com/ollama/ollama-distributed/pkg/p2p/discovery/strategies.go:415.12,421.41 3 0
github.com/ollama/ollama-distributed/pkg/p2p/discovery/strategies.go:421.41,423.33 2 0
github.com/ollama/ollama-distributed/pkg/p2p/discovery/strategies.go:423.33,427.19 3 0
github.com/ollama/ollama-distributed/pkg/p2p/discovery/strategies.go:427.19,430.6 2 0
github.com/ollama/ollama-distributed/pkg/p2p/discovery/strategies.go:432.5,432.37 1 0
github.com/ollama/ollama-distributed/pkg/p2p/discovery/strategies.go:432.37,433.13 1 0
github.com/ollama/ollama-distributed/pkg/p2p/discovery/strategies.go:434.28,435.31 1 0
github.com/ollama/ollama-distributed/pkg/p2p/discovery/strategies.go:436.24,437.13 1 0
github.com/ollama/ollama-distributed/pkg/p2p/discovery/strategies.go:443.3,443.12 1 0
github.com/ollama/ollama-distributed/pkg/p2p/discovery/strategies.go:446.2,446.22 1 0
github.com/ollama/ollama-distributed/pkg/p2p/discovery/strategies.go:450.118,454.40 3 0
github.com/ollama/ollama-distributed/pkg/p2p/discovery/strategies.go:454.40,456.17 2 0
github.com/ollama/ollama-distributed/pkg/p2p/discovery/strategies.go:456.17,458.12 2 0
github.com/ollama/ollama-distributed/pkg/p2p/discovery/strategies.go:461.3,463.34 2 0
github.com/ollama/ollama-distributed/pkg/p2p/discovery/strategies.go:463.34,465.4 1 0
github.com/ollama/ollama-distributed/pkg/p2p/discovery/strategies.go:468.2,468.17 1 0
github.com/ollama/ollama-distributed/pkg/p2p/discovery/strategies.go:468.17,470.3 1 0
github.com/ollama/ollama-distributed/pkg/p2p/discovery/strategies.go:472.2,472.20 1 0
github.com/ollama/ollama-distributed/pkg/p2p/discovery/strategies.go:476.73,477.44 1 0
github.com/ollama/ollama-distributed/pkg/p2p/discovery/strategies.go:477.44,478.47 1 0
github.com/ollama/ollama-distributed/pkg/p2p/discovery/strategies.go:478.47,480.4 1 0
github.com/ollama/ollama-distributed/pkg/p2p/discovery/strategies.go:485.59,487.30 2 0
github.com/ollama/ollama-distributed/pkg/p2p/discovery/strategies.go:487.30,489.3 1 0
github.com/ollama/ollama-distributed/pkg/p2p/discovery/strategies.go:490.2,490.16 1 0
github.com/ollama/ollama-distributed/pkg/p2p/discovery/strategies.go:494.66,497.34 2 0
github.com/ollama/ollama-distributed/pkg/p2p/discovery/strategies.go:497.34,503.3 1 0
github.com/ollama/ollama-distributed/pkg/p2p/discovery/strategies.go:505.2,505.14 1 0
github.com/ollama/ollama-distributed/pkg/scheduler/engine.go:169.119,200.42 6 0
github.com/ollama/ollama-distributed/pkg/scheduler/engine.go:200.42,206.3 1 0
github.com/ollama/ollama-distributed/pkg/scheduler/engine.go:208.2,208.20 1 0
github.com/ollama/ollama-distributed/pkg/scheduler/engine.go:212.32,216.15 3 0
github.com/ollama/ollama-distributed/pkg/scheduler/engine.go:216.15,218.3 1 0
github.com/ollama/ollama-distributed/pkg/scheduler/engine.go:221.2,221.35 1 0
github.com/ollama/ollama-distributed/pkg/scheduler/engine.go:221.35,223.3 1 0
github.com/ollama/ollama-distributed/pkg/scheduler/engine.go:226.2,235.12 5 0
github.com/ollama/ollama-distributed/pkg/scheduler/engine.go:239.34,243.6 3 0
github.com/ollama/ollama-distributed/pkg/scheduler/engine.go:243.6,244.10 1 0
github.com/ollama/ollama-distributed/pkg/scheduler/engine.go:245.23,246.10 1 0
github.com/ollama/ollama-distributed/pkg/scheduler/engine.go:247.19,248.26 1 0
github.com/ollama/ollama-distributed/pkg/scheduler/engine.go:254.39,255.15 1 0
github.com/ollama/ollama-distributed/pkg/scheduler/engine.go:255.15,256.31 1 0
github.com/ollama/ollama-distributed/pkg/scheduler/engine.go:256.31,258.4 1 0
github.com/ollama/ollama-distributed/pkg/scheduler/engine.go:262.2,262.18 1 0
github.com/ollama/ollama-distributed/pkg/scheduler/engine.go:262.18,265.3 2 0
github.com/ollama/ollama-distributed/pkg/scheduler/engine.go:267.2,268.18 2 0
github.com/ollama/ollama-distributed/pkg/scheduler/engine.go:268.18,271.3 2 0
github.com/ollama/ollama-distributed/pkg/scheduler/engine.go:273.2,277.38 3 0
github.com/ollama/ollama-distributed/pkg/scheduler/engine.go:277.38,280.46 2 0
github.com/ollama/ollama-distributed/pkg/scheduler/engine.go:280.46,284.4 2 0
github.com/ollama/ollama-distributed/pkg/scheduler/engine.go:284.9,287.35 2 0
github.com/ollama/ollama-distributed/pkg/scheduler/engine.go:287.35,289.5 1 0
github.com/ollama/ollama-distributed/pkg/scheduler/engine.go:289.10,291.5 1 0
github.com/ollama/ollama-distributed/pkg/scheduler/engine.go:294.4,317.5 3 0
github.com/ollama/ollama-distributed/pkg/scheduler/engine.go:322.2,322.31 1 0
github.com/ollama/ollama-distributed/pkg/scheduler/engine.go:322.31,323.48 1 0
github.com/ollama/ollama-distributed/pkg/scheduler/engine.go:323.48,325.4 1 0
github.com/ollama/ollama-distributed/pkg/scheduler/engine.go:330.38,334.6 3 0
github.com/ollama/ollama-distributed/pkg/scheduler/engine.go:334.6,335.10 1 0
github.com/ollama/ollama-distributed/pkg/scheduler/engine.go:336.23,337.10 1 0
github.com/ollama/ollama-distributed/pkg/scheduler/engine.go:338.19,339.18 1 0
github.com/ollama/ollama-distributed/pkg/scheduler/engine.go:345.31,347.67 1 0
github.com/ollama/ollama-distributed/pkg/scheduler/engine.go:347.67,348.57 1 0
github.com/ollama/ollama-distributed/pkg/scheduler/engine.go:348.57,352.4 3 0
github.com/ollama/ollama-distributed/pkg/scheduler/engine.go:356.2,356.28 1 0
github.com/ollama/ollama-distributed/pkg/scheduler/engine.go:356.28,359.30 3 0
github.com/ollama/ollama-distributed/pkg/scheduler/engine.go:359.30,361.4 1 0
github.com/ollama/ollama-distributed/pkg/scheduler/engine.go:362.3,364.51 2 0
github.com/ollama/ollama-distributed/pkg/scheduler/engine.go:369.47,372.9 2 0
github.com/ollama/ollama-distributed/pkg/scheduler/engine.go:373.25,374.13 1 0
github.com/ollama/ollama-distributed/pkg/scheduler/engine.go:375.37,376.42 1 0
github.com/ollama/ollama-distributed/pkg/scheduler/engine.go:381.95,385.45 3 0
github.com/ollama/ollama-distributed/pkg/scheduler/engine.go:385.45,387.41 1 0
github.com/ollama/ollama-distributed/pkg/scheduler/engine.go:387.41,389.4 1 0
github.com/ollama/ollama-distributed/pkg/scheduler/engine.go:390.8,401.3 1 0
github.com/ollama/ollama-distributed/pkg/scheduler/engine.go:403.2,403.12 1 0
github.com/ollama/ollama-distributed/pkg/scheduler/engine.go:407.59,413.2 4 0
github.com/ollama/ollama-distributed/pkg/scheduler/engine.go:416.55,421.29 4 0
github.com/ollama/ollama-distributed/pkg/scheduler/engine.go:421.29,423.3 1 0
github.com/ollama/ollama-distributed/pkg/scheduler/engine.go:425.2,425.15 1 0
github.com/ollama/ollama-distributed/pkg/scheduler/engine.go:429.49,433.42 3 0
github.com/ollama/ollama-distributed/pkg/scheduler/engine.go:433.42,435.3 1 0
github.com/ollama/ollama-distributed/pkg/scheduler/engine.go:437.2,438.12 2 0
github.com/ollama/ollama-distributed/pkg/scheduler/engine.go:442.38,447.2 3 0
github.com/ollama/ollama-distributed/pkg/scheduler/engine.go:450.43,455.31 4 0
github.com/ollama/ollama-distributed/pkg/scheduler/engine.go:455.31,456.38 1 0
github.com/ollama/ollama-distributed/pkg/scheduler/engine.go:456.38,458.4 1 0
github.com/ollama/ollama-distributed/pkg/scheduler/engine.go:461.2,461.14 1 0
github.com/ollama/ollama-distributed/pkg/scheduler/engine.go:465.50,470.28 4 0
github.com/ollama/ollama-distributed/pkg/scheduler/engine.go:470.28,472.3 1 0
github.com/ollama/ollama-distributed/pkg/scheduler/engine.go:474.2,474.14 1 0
github.com/ollama/ollama-distributed/pkg/scheduler/engine.go:478.50,483.31 4 0
github.com/ollama/ollama-distributed/pkg/scheduler/engine.go:483.31,484.38 1 0
github.com/ollama/ollama-distributed/pkg/scheduler/engine.go:484.38,486.4 1 0
github.com/ollama/ollama-distributed/pkg/scheduler/engine.go:489.2,489.18 1 0
github.com/ollama/ollama-distributed/pkg/scheduler/engine.go:493.39,498.2 3 0
github.com/ollama/ollama-distributed/pkg/scheduler/engine.go:501.39,506.31 4 0
github.com/ollama/ollama-distributed/pkg/scheduler/engine.go:506.31,507.38 1 0
github.com/ollama/ollama-distributed/pkg/scheduler/engine.go:507.38,509.4 1 0
github.com/ollama/ollama-distributed/pkg/scheduler/engine.go:512.2,512.14 1 0
github.com/ollama/ollama-distributed/pkg/scheduler/engine.go:516.36,550.2 14 0
github.com/ollama/ollama-distributed/pkg/scheduler/engine.go:553.35,558.16 3 0
github.com/ollama/ollama-distributed/pkg/scheduler/engine.go:558.16,560.3 1 0
github.com/ollama/ollama-distributed/pkg/scheduler/engine.go:563.2,563.29 1 0
github.com/ollama/ollama-distributed/pkg/scheduler/engine.go:563.29,565.3 1 0
github.com/ollama/ollama-distributed/pkg/scheduler/engine.go:568.2,568.25 1 0
github.com/ollama/ollama-distributed/pkg/scheduler/engine.go:568.25,570.3 1 0
github.com/ollama/ollama-distributed/pkg/scheduler/engine.go:573.2,573.40 1 0
github.com/ollama/ollama-distributed/pkg/scheduler/engine.go:573.40,575.3 1 0
github.com/ollama/ollama-distributed/pkg/scheduler/engine.go:577.2,577.13 1 0
github.com/ollama/ollama-distributed/pkg/scheduler/engine.go:581.54,585.16 3 0
github.com/ollama/ollama-distributed/pkg/scheduler/engine.go:585.16,587.3 1 0
github.com/ollama/ollama-distributed/pkg/scheduler/engine.go:590.2,590.35 1 0
github.com/ollama/ollama-distributed/pkg/scheduler/engine.go:590.35,592.3 1 0
github.com/ollama/ollama-distributed/pkg/scheduler/engine.go:595.2,601.12 4 0
github.com/ollama/ollama-distributed/pkg/scheduler/engine.go:607.26,608.6 1 0
github.com/ollama/ollama-distributed/pkg/scheduler/engine.go:608.6,609.10 1 0
github.com/ollama/ollama-distributed/pkg/scheduler/engine.go:610.19,611.10 1 0
github.com/ollama/ollama-distributed/pkg/scheduler/engine.go:612.35,613.25 1 0
github.com/ollama/ollama-distributed/pkg/scheduler/engine.go:619.47,624.16 3 0
github.com/ollama/ollama-distributed/pkg/scheduler/engine.go:624.16,632.3 2 0
github.com/ollama/ollama-distributed/pkg/scheduler/engine.go:635.2,636.31 2 0
github.com/ollama/ollama-distributed/pkg/scheduler/engine.go:640.73,659.16 6 0
github.com/ollama/ollama-distributed/pkg/scheduler/engine.go:659.16,667.3 1 0
github.com/ollama/ollama-distributed/pkg/scheduler/engine.go:670.2,670.66 1 0
github.com/ollama/ollama-distributed/pkg/scheduler/engine.go:670.66,671.56 1 0
github.com/ollama/ollama-distributed/pkg/scheduler/engine.go:671.56,672.60 1 0
github.com/ollama/ollama-distributed/pkg/scheduler/engine.go:672.60,680.5 1 0
github.com/ollama/ollama-distributed/pkg/scheduler/engine.go:683.3,683.55 1 0
github.com/ollama/ollama-distributed/pkg/scheduler/engine.go:683.55,691.4 1 0
github.com/ollama/ollama-distributed/pkg/scheduler/engine.go:695.2,701.3 1 0
github.com/ollama/ollama-distributed/pkg/scheduler/engine.go:705.65,711.22 4 0
github.com/ollama/ollama-distributed/pkg/scheduler/engine.go:711.22,715.44 2 0
github.com/ollama/ollama-distributed/pkg/scheduler/engine.go:715.44,717.4 1 0
github.com/ollama/ollama-distributed/pkg/scheduler/engine.go:717.9,720.4 2 0
github.com/ollama/ollama-distributed/pkg/scheduler/engine.go:721.8,723.3 1 0
github.com/ollama/ollama-distributed/pkg/scheduler/engine.go:724.2,726.9 2 0
github.com/ollama/ollama-distributed/pkg/scheduler/engine.go:727.34,727.34 0 0
github.com/ollama/ollama-distributed/pkg/scheduler/engine.go:728.37,728.37 0 0
github.com/ollama/ollama-distributed/pkg/scheduler/engine.go:736.33,740.6 3 0
github.com/ollama/ollama-distributed/pkg/scheduler/engine.go:740.6,741.10 1 0
github.com/ollama/ollama-distributed/pkg/scheduler/engine.go:742.19,743.10 1 0
github.com/ollama/ollama-distributed/pkg/scheduler/engine.go:744.19,745.19 1 0
github.com/ollama/ollama-distributed/pkg/scheduler/engine.go:751.39,754.29 2 0
github.com/ollama/ollama-distributed/pkg/scheduler/engine.go:754.29,756.3 1 0
github.com/ollama/ollama-distributed/pkg/scheduler/engine.go:760.57,778.16 8 0
github.com/ollama/ollama-distributed/pkg/scheduler/engine.go:778.16,780.48 1 0
github.com/ollama/ollama-distributed/pkg/scheduler/engine.go:780.48,782.4 1 0
github.com/ollama/ollama-distributed/pkg/scheduler/engine.go:782.9,784.4 1 0
github.com/ollama/ollama-distributed/pkg/scheduler/engine.go:785.3,785.9 1 0
github.com/ollama/ollama-distributed/pkg/scheduler/engine.go:789.2,789.61 1 0
github.com/ollama/ollama-distributed/pkg/scheduler/engine.go:789.61,791.57 1 0
github.com/ollama/ollama-distributed/pkg/scheduler/engine.go:791.57,792.64 1 0
github.com/ollama/ollama-distributed/pkg/scheduler/engine.go:792.64,794.5 1 0
github.com/ollama/ollama-distributed/pkg/scheduler/engine.go:797.3,797.51 1 0
github.com/ollama/ollama-distributed/pkg/scheduler/engine.go:797.51,798.58 1 0
github.com/ollama/ollama-distributed/pkg/scheduler/engine.go:798.58,800.5 1 0
github.com/ollama/ollama-distributed/pkg/scheduler/engine.go:803.3,803.53 1 0
github.com/ollama/ollama-distributed/pkg/scheduler/engine.go:803.53,804.52 1 0
github.com/ollama/ollama-distributed/pkg/scheduler/engine.go:804.52,806.38 2 0
github.com/ollama/ollama-distributed/pkg/scheduler/engine.go:806.38,807.44 1 0
github.com/ollama/ollama-distributed/pkg/scheduler/engine.go:807.44,809.7 1 0
github.com/ollama/ollama-distributed/pkg/scheduler/engine.go:816.2,817.28 2 0
github.com/ollama/ollama-distributed/pkg/scheduler/engine.go:823.69,826.21 2 0
github.com/ollama/ollama-distributed/pkg/scheduler/engine.go:826.21,828.3 1 0
github.com/ollama/ollama-distributed/pkg/scheduler/engine.go:831.2,832.29 2 0
github.com/ollama/ollama-distributed/pkg/scheduler/engine.go:832.29,833.43 1 0
github.com/ollama/ollama-distributed/pkg/scheduler/engine.go:833.43,835.4 1 0
github.com/ollama/ollama-distributed/pkg/scheduler/engine.go:839.2,839.30 1 0
github.com/ollama/ollama-distributed/pkg/scheduler/engine.go:839.30,841.3 1 0
github.com/ollama/ollama-distributed/pkg/scheduler/engine.go:844.2,844.22 1 0
github.com/ollama/ollama-distributed/pkg/scheduler/engine.go:845.21,846.39 1 0
github.com/ollama/ollama-distributed/pkg/scheduler/engine.go:847.27,848.45 1 0
github.com/ollama/ollama-distributed/pkg/scheduler/engine.go:849.16,850.35 1 0
github.com/ollama/ollama-distributed/pkg/scheduler/engine.go:851.10,852.39 1 0
github.com/ollama/ollama-distributed/pkg/scheduler/engine.go:857.74,858.21 1 0
github.com/ollama/ollama-distributed/pkg/scheduler/engine.go:858.21,860.3 1 0
github.com/ollama/ollama-distributed/pkg/scheduler/engine.go:863.2,872.26 5 0
github.com/ollama/ollama-distributed/pkg/scheduler/engine.go:876.80,877.21 1 0
github.com/ollama/ollama-distributed/pkg/scheduler/engine.go:877.21,879.3 1 0
github.com/ollama/ollama-distributed/pkg/scheduler/engine.go:882.2,885.29 3 0
github.com/ollama/ollama-distributed/pkg/scheduler/engine.go:885.29,890.31 2 0
github.com/ollama/ollama-distributed/pkg/scheduler/engine.go:890.31,893.4 2 0
github.com/ollama/ollama-distributed/pkg/scheduler/engine.go:896.2,896.25 1 0
github.com/ollama/ollama-distributed/pkg/scheduler/engine.go:896.25,899.3 1 0
github.com/ollama/ollama-distributed/pkg/scheduler/engine.go:901.2,901.26 1 0
github.com/ollama/ollama-distributed/pkg/scheduler/engine.go:905.70,906.21 1 0
github.com/ollama/ollama-distributed/pkg/scheduler/engine.go:906.21,908.3 1 0
github.com/ollama/ollama-distributed/pkg/scheduler/engine.go:911.2,915.21 3 0
github.com/ollama/ollama-distributed/pkg/scheduler/engine.go:915.21,917.3 1 0
github.com/ollama/ollama-distributed/pkg/scheduler/engine.go:918.2,918.31 1 0
github.com/ollama/ollama-distributed/pkg/scheduler/engine.go:918.31,920.3 1 0
github.com/ollama/ollama-distributed/pkg/scheduler/engine.go:922.2,922.32 1 0
github.com/ollama/ollama-distributed/pkg/scheduler/engine.go:928.49,929.26 1 0
github.com/ollama/ollama-distributed/pkg/scheduler/engine.go:929.26,930.16 1 0
github.com/ollama/ollama-distributed/pkg/scheduler/engine.go:930.16,932.4 1 0
github.com/ollama/ollama-distributed/pkg/scheduler/engine.go:934.2,934.14 1 0
github.com/ollama/ollama-distributed/pkg/scheduler/engine.go:946.63,948.2 1 0
github.com/ollama/ollama-distributed/pkg/scheduler/engine.go:951.123,954.16 2 0
github.com/ollama/ollama-distributed/pkg/scheduler/engine.go:954.16,956.3 1 0
github.com/ollama/ollama-distributed/pkg/scheduler/engine.go:959.2,959.39 1 0
github.com/ollama/ollama-distributed/pkg/scheduler/engine.go:959.39,965.67 2 0
github.com/ollama/ollama-distributed/pkg/scheduler/engine.go:965.67,967.4 1 0
github.com/ollama/ollama-distributed/pkg/scheduler/engine.go:975.2,981.22 2 0
github.com/ollama/ollama-distributed/pkg/scheduler/engine.go:985.127,988.16 2 0
github.com/ollama/ollama-distributed/pkg/scheduler/engine.go:988.16,990.3 1 0
github.com/ollama/ollama-distributed/pkg/scheduler/engine.go:993.2,993.39 1 0
github.com/ollama/ollama-distributed/pkg/scheduler/engine.go:993.39,995.3 1 0
github.com/ollama/ollama-distributed/pkg/scheduler/engine.go:1001.2,1018.22 2 0
github.com/ollama/ollama-distributed/pkg/scheduler/engine.go:1022.93,1023.46 1 0
github.com/ollama/ollama-distributed/pkg/scheduler/engine.go:1023.46,1025.3 1 0
github.com/ollama/ollama-distributed/pkg/scheduler/engine.go:1026.2,1026.52 1 0
github.com/ollama/ollama-distributed/pkg/scheduler/engine.go:1026.52,1028.3 1 0
github.com/ollama/ollama-distributed/pkg/scheduler/engine.go:1029.2,1029.48 1 0
github.com/ollama/ollama-distributed/pkg/scheduler/engine.go:1029.48,1031.3 1 0
github.com/ollama/ollama-distributed/pkg/scheduler/engine.go:1032.2,1032.46 1 0
github.com/ollama/ollama-distributed/pkg/scheduler/engine.go:1032.46,1034.3 1 0
github.com/ollama/ollama-distributed/pkg/scheduler/engine.go:1038.87,1039.43 1 0
github.com/ollama/ollama-distributed/pkg/scheduler/engine.go:1039.43,1041.3 1 0
github.com/ollama/ollama-distributed/pkg/scheduler/engine.go:1042.2,1042.49 1 0
github.com/ollama/ollama-distributed/pkg/scheduler/engine.go:1042.49,1044.3 1 0
github.com/ollama/ollama-distributed/pkg/scheduler/engine.go:1045.2,1045.45 1 0
github.com/ollama/ollama-distributed/pkg/scheduler/engine.go:1045.45,1047.3 1 0
github.com/ollama/ollama-distributed/pkg/scheduler/engine.go:1048.2,1048.43 1 0
github.com/ollama/ollama-distributed/pkg/scheduler/engine.go:1048.43,1050.3 1 0
github.com/ollama/ollama-distributed/pkg/p2p/host/host.go:61.83,64.16 2 0
github.com/ollama/ollama-distributed/pkg/p2p/host/host.go:64.16,66.3 1 0
github.com/ollama/ollama-distributed/pkg/p2p/host/host.go:69.2,70.37 2 0
github.com/ollama/ollama-distributed/pkg/p2p/host/host.go:70.37,72.17 2 0
github.com/ollama/ollama-distributed/pkg/p2p/host/host.go:72.17,74.12 2 0
github.com/ollama/ollama-distributed/pkg/p2p/host/host.go:76.3,76.43 1 0
github.com/ollama/ollama-distributed/pkg/p2p/host/host.go:80.2,88.24 3 0
github.com/ollama/ollama-distributed/pkg/p2p/host/host.go:88.24,90.3 1 0
github.com/ollama/ollama-distributed/pkg/p2p/host/host.go:91.2,91.22 1 0
github.com/ollama/ollama-distributed/pkg/p2p/host/host.go:91.22,93.3 1 0
github.com/ollama/ollama-distributed/pkg/p2p/host/host.go:96.2,97.29 2 0
github.com/ollama/ollama-distributed/pkg/p2p/host/host.go:97.29,99.3 1 0
github.com/ollama/ollama-distributed/pkg/p2p/host/host.go:100.2,100.31 1 0
github.com/ollama/ollama-distributed/pkg/p2p/host/host.go:100.31,102.3 1 0
github.com/ollama/ollama-distributed/pkg/p2p/host/host.go:103.2,103.28 1 0
github.com/ollama/ollama-distributed/pkg/p2p/host/host.go:103.28,105.17 2 0
github.com/ollama/ollama-distributed/pkg/p2p/host/host.go:105.17,107.4 1 0
github.com/ollama/ollama-distributed/pkg/p2p/host/host.go:108.3,108.88 1 0
github.com/ollama/ollama-distributed/pkg/p2p/host/host.go:112.2,117.16 2 0
github.com/ollama/ollama-distributed/pkg/p2p/host/host.go:117.16,119.3 1 0
github.com/ollama/ollama-distributed/pkg/p2p/host/host.go:122.2,135.39 5 0
github.com/ollama/ollama-distributed/pkg/p2p/host/host.go:135.39,137.49 2 0
github.com/ollama/ollama-distributed/pkg/p2p/host/host.go:137.49,139.18 2 0
github.com/ollama/ollama-distributed/pkg/p2p/host/host.go:139.18,141.13 2 0
github.com/ollama/ollama-distributed/pkg/p2p/host/host.go:143.4,143.48 1 0
github.com/ollama/ollama-distributed/pkg/p2p/host/host.go:145.3,145.93 1 0
github.com/ollama/ollama-distributed/pkg/p2p/host/host.go:145.93,147.4 1 0
github.com/ollama/ollama-distributed/pkg/p2p/host/host.go:151.2,152.16 2 0
github.com/ollama/ollama-distributed/pkg/p2p/host/host.go:152.16,154.3 1 0
github.com/ollama/ollama-distributed/pkg/p2p/host/host.go:157.2,178.21 7 0
github.com/ollama/ollama-distributed/pkg/p2p/host/host.go:182.40,187.60 2 0
github.com/ollama/ollama-distributed/pkg/p2p/host/host.go:187.60,192.31 4 0
github.com/ollama/ollama-distributed/pkg/p2p/host/host.go:192.31,194.5 1 0
github.com/ollama/ollama-distributed/pkg/p2p/host/host.go:196.63,201.34 4 0
github.com/ollama/ollama-distributed/pkg/p2p/host/host.go:201.34,203.5 1 0
github.com/ollama/ollama-distributed/pkg/p2p/host/host.go:207.2,207.21 1 0
github.com/ollama/ollama-distributed/pkg/p2p/host/host.go:211.36,215.6 3 0
github.com/ollama/ollama-distributed/pkg/p2p/host/host.go:215.6,216.10 1 0
github.com/ollama/ollama-distributed/pkg/p2p/host/host.go:217.23,218.10 1 0
github.com/ollama/ollama-distributed/pkg/p2p/host/host.go:219.19,220.21 1 0
github.com/ollama/ollama-distributed/pkg/p2p/host/host.go:226.35,234.39 4 0
github.com/ollama/ollama-distributed/pkg/p2p/host/host.go:234.39,236.32 2 0
github.com/ollama/ollama-distributed/pkg/p2p/host/host.go:236.32,238.4 1 0
github.com/ollama/ollama-distributed/pkg/p2p/host/host.go:240.2,245.37 3 0
github.com/ollama/ollama-distributed/pkg/p2p/host/host.go:249.91,253.2 3 0
github.com/ollama/ollama-distributed/pkg/p2p/host/host.go:256.62,260.2 3 0
github.com/ollama/ollama-distributed/pkg/p2p/host/host.go:263.45,265.2 1 0
github.com/ollama/ollama-distributed/pkg/p2p/host/host.go:268.50,270.2 1 0
github.com/ollama/ollama-distributed/pkg/p2p/host/host.go:273.53,275.26 1 0
github.com/ollama/ollama-distributed/pkg/p2p/host/host.go:276.32,277.21 1 0
github.com/ollama/ollama-distributed/pkg/p2p/host/host.go:278.10,281.54 1 0
github.com/ollama/ollama-distributed/pkg/p2p/host/host.go:286.62,288.2 1 0
github.com/ollama/ollama-distributed/pkg/p2p/host/host.go:291.74,293.2 1 0
github.com/ollama/ollama-distributed/pkg/p2p/host/host.go:296.77,298.2 1 0
github.com/ollama/ollama-distributed/pkg/p2p/host/host.go:301.33,304.2 2 0
github.com/ollama/ollama-distributed/pkg/p2p/host/host.go:307.75,309.29 1 0
github.com/ollama/ollama-distributed/pkg/p2p/host/host.go:309.29,311.3 1 0
github.com/ollama/ollama-distributed/pkg/p2p/host/host.go:314.2,314.45 1 0
github.com/ollama/ollama-distributed/pkg/p2p/host/host.go:314.45,316.3 1 0
github.com/ollama/ollama-distributed/pkg/p2p/host/host.go:318.2,318.31 1 0
github.com/ollama/ollama-distributed/pkg/p2p/host/host.go:322.38,324.2 1 0
github.com/ollama/ollama-distributed/pkg/p2p/host/host.go:327.49,329.2 1 0
github.com/ollama/ollama-distributed/pkg/p2p/host/host.go:332.52,334.2 1 0
github.com/ollama/ollama-distributed/pkg/p2p/host/host.go:337.48,339.30 2 0
github.com/ollama/ollama-distributed/pkg/p2p/host/host.go:339.30,341.3 1 0
github.com/ollama/ollama-distributed/pkg/p2p/host/host.go:342.2,342.18 1 0
github.com/ollama/ollama-distributed/pkg/scheduler/loadbalancer/algorithms.go:20.68,26.2 1 0
github.com/ollama/ollama-distributed/pkg/scheduler/loadbalancer/algorithms.go:28.58,30.2 1 0
github.com/ollama/ollama-distributed/pkg/scheduler/loadbalancer/algorithms.go:32.72,34.2 1 0
github.com/ollama/ollama-distributed/pkg/scheduler/loadbalancer/algorithms.go:36.111,37.21 1 0
github.com/ollama/ollama-distributed/pkg/scheduler/loadbalancer/algorithms.go:37.21,39.3 1 0
github.com/ollama/ollama-distributed/pkg/scheduler/loadbalancer/algorithms.go:42.2,42.29 1 0
github.com/ollama/ollama-distributed/pkg/scheduler/loadbalancer/algorithms.go:42.29,45.3 2 0
github.com/ollama/ollama-distributed/pkg/scheduler/loadbalancer/algorithms.go:48.2,49.37 2 0
github.com/ollama/ollama-distributed/pkg/scheduler/loadbalancer/algorithms.go:49.37,51.3 1 0
github.com/ollama/ollama-distributed/pkg/scheduler/loadbalancer/algorithms.go:53.2,53.22 1 0
github.com/ollama/ollama-distributed/pkg/scheduler/loadbalancer/algorithms.go:53.22,58.3 3 0
github.com/ollama/ollama-distributed/pkg/scheduler/loadbalancer/algorithms.go:61.2,64.29 3 0
github.com/ollama/ollama-distributed/pkg/scheduler/loadbalancer/algorithms.go:64.29,66.27 2 0
github.com/ollama/ollama-distributed/pkg/scheduler/loadbalancer/algorithms.go:66.27,68.4 1 0
github.com/ollama/ollama-distributed/pkg/scheduler/loadbalancer/algorithms.go:72.2,72.35 1 0
github.com/ollama/ollama-distributed/pkg/scheduler/loadbalancer/algorithms.go:75.81,83.2 5 0
github.com/ollama/ollama-distributed/pkg/scheduler/loadbalancer/algorithms.go:85.80,89.23 3 0
github.com/ollama/ollama-distributed/pkg/scheduler/loadbalancer/algorithms.go:89.23,93.3 3 0
github.com/ollama/ollama-distributed/pkg/scheduler/loadbalancer/algorithms.go:103.68,108.2 1 0
github.com/ollama/ollama-distributed/pkg/scheduler/loadbalancer/algorithms.go:110.58,112.2 1 0
github.com/ollama/ollama-distributed/pkg/scheduler/loadbalancer/algorithms.go:114.72,116.2 1 0
github.com/ollama/ollama-distributed/pkg/scheduler/loadbalancer/algorithms.go:118.111,119.21 1 0
github.com/ollama/ollama-distributed/pkg/scheduler/loadbalancer/algorithms.go:119.21,121.3 1 0
github.com/ollama/ollama-distributed/pkg/scheduler/loadbalancer/algorithms.go:124.2,130.29 3 0
github.com/ollama/ollama-distributed/pkg/scheduler/loadbalancer/algorithms.go:130.29,135.3 1 0
github.com/ollama/ollama-distributed/pkg/scheduler/loadbalancer/algorithms.go:138.2,138.41 1 0
github.com/ollama/ollama-distributed/pkg/scheduler/loadbalancer/algorithms.go:138.41,140.3 1 0
github.com/ollama/ollama-distributed/pkg/scheduler/loadbalancer/algorithms.go:143.2,143.41 1 0
github.com/ollama/ollama-distributed/pkg/scheduler/loadbalancer/algorithms.go:146.88,163.2 8 0
github.com/ollama/ollama-distributed/pkg/scheduler/loadbalancer/algorithms.go:165.80,169.23 3 0
github.com/ollama/ollama-distributed/pkg/scheduler/loadbalancer/algorithms.go:169.23,173.3 3 0
github.com/ollama/ollama-distributed/pkg/scheduler/loadbalancer/algorithms.go:184.58,190.2 1 0
github.com/ollama/ollama-distributed/pkg/scheduler/loadbalancer/algorithms.go:192.53,194.2 1 0
github.com/ollama/ollama-distributed/pkg/scheduler/loadbalancer/algorithms.go:196.67,198.2 1 0
github.com/ollama/ollama-distributed/pkg/scheduler/loadbalancer/algorithms.go:200.106,201.21 1 0
github.com/ollama/ollama-distributed/pkg/scheduler/loadbalancer/algorithms.go:201.21,203.3 1 0
github.com/ollama/ollama-distributed/pkg/scheduler/loadbalancer/algorithms.go:206.2,209.60 2 0
github.com/ollama/ollama-distributed/pkg/scheduler/loadbalancer/algorithms.go:209.60,210.50 1 0
github.com/ollama/ollama-distributed/pkg/scheduler/loadbalancer/algorithms.go:210.50,211.31 1 0
github.com/ollama/ollama-distributed/pkg/scheduler/loadbalancer/algorithms.go:211.31,212.35 1 0
github.com/ollama/ollama-distributed/pkg/scheduler/loadbalancer/algorithms.go:212.35,214.34 1 0
github.com/ollama/ollama-distributed/pkg/scheduler/loadbalancer/algorithms.go:214.34,216.7 1 0
github.com/ollama/ollama-distributed/pkg/scheduler/loadbalancer/algorithms.go:224.2,230.29 3 0
github.com/ollama/ollama-distributed/pkg/scheduler/loadbalancer/algorithms.go:230.29,235.3 1 0
github.com/ollama/ollama-distributed/pkg/scheduler/loadbalancer/algorithms.go:238.2,238.41 1 0
github.com/ollama/ollama-distributed/pkg/scheduler/loadbalancer/algorithms.go:238.41,240.3 1 0
github.com/ollama/ollama-distributed/pkg/scheduler/loadbalancer/algorithms.go:243.2,246.39 3 0
github.com/ollama/ollama-distributed/pkg/scheduler/loadbalancer/algorithms.go:249.74,253.2 1 0
github.com/ollama/ollama-distributed/pkg/scheduler/loadbalancer/algorithms.go:255.72,260.2 1 0
github.com/ollama/ollama-distributed/pkg/scheduler/loadbalancer/algorithms.go:262.101,285.2 6 0
github.com/ollama/ollama-distributed/pkg/scheduler/loadbalancer/algorithms.go:287.93,292.2 1 0
github.com/ollama/ollama-distributed/pkg/scheduler/loadbalancer/algorithms.go:294.74,295.48 1 0
github.com/ollama/ollama-distributed/pkg/scheduler/loadbalancer/algorithms.go:295.48,297.3 1 0
github.com/ollama/ollama-distributed/pkg/scheduler/loadbalancer/algorithms.go:300.2,300.42 1 0
github.com/ollama/ollama-distributed/pkg/scheduler/loadbalancer/algorithms.go:300.42,301.19 1 0
github.com/ollama/ollama-distributed/pkg/scheduler/loadbalancer/algorithms.go:301.19,303.4 1 0
github.com/ollama/ollama-distributed/pkg/scheduler/loadbalancer/algorithms.go:306.2,309.35 2 0
github.com/ollama/ollama-distributed/pkg/scheduler/loadbalancer/algorithms.go:309.35,311.3 1 0
github.com/ollama/ollama-distributed/pkg/scheduler/loadbalancer/algorithms.go:314.75,318.23 3 0
github.com/ollama/ollama-distributed/pkg/scheduler/loadbalancer/algorithms.go:318.23,322.3 3 0
github.com/ollama/ollama-distributed/pkg/scheduler/loadbalancer/algorithms.go:333.83,339.2 1 0
github.com/ollama/ollama-distributed/pkg/scheduler/loadbalancer/algorithms.go:341.49,343.2 1 0
github.com/ollama/ollama-distributed/pkg/scheduler/loadbalancer/algorithms.go:345.63,347.2 1 0
github.com/ollama/ollama-distributed/pkg/scheduler/loadbalancer/algorithms.go:349.102,350.21 1 0
github.com/ollama/ollama-distributed/pkg/scheduler/loadbalancer/algorithms.go:350.21,352.3 1 0
github.com/ollama/ollama-distributed/pkg/scheduler/loadbalancer/algorithms.go:354.2,365.29 4 0
github.com/ollama/ollama-distributed/pkg/scheduler/loadbalancer/algorithms.go:365.29,375.3 3 0
github.com/ollama/ollama-distributed/pkg/scheduler/loadbalancer/algorithms.go:378.2,378.46 1 0
github.com/ollama/ollama-distributed/pkg/scheduler/loadbalancer/algorithms.go:378.46,380.3 1 0
github.com/ollama/ollama-distributed/pkg/scheduler/loadbalancer/algorithms.go:383.2,383.46 1 0
github.com/ollama/ollama-distributed/pkg/scheduler/loadbalancer/algorithms.go:386.69,390.2 1 0
github.com/ollama/ollama-distributed/pkg/scheduler/loadbalancer/algorithms.go:392.108,399.2 3 0
github.com/ollama/ollama-distributed/pkg/scheduler/loadbalancer/algorithms.go:401.71,405.23 3 0
github.com/ollama/ollama-distributed/pkg/scheduler/loadbalancer/algorithms.go:405.23,409.3 3 0
github.com/ollama/ollama-distributed/pkg/scheduler/loadbalancer/algorithms.go:422.71,430.2 1 0
github.com/ollama/ollama-distributed/pkg/scheduler/loadbalancer/algorithms.go:432.47,434.2 1 0
github.com/ollama/ollama-distributed/pkg/scheduler/loadbalancer/algorithms.go:436.61,438.2 1 0
github.com/ollama/ollama-distributed/pkg/scheduler/loadbalancer/algorithms.go:440.100,441.21 1 0
github.com/ollama/ollama-distributed/pkg/scheduler/loadbalancer/algorithms.go:441.21,443.3 1 0
github.com/ollama/ollama-distributed/pkg/scheduler/loadbalancer/algorithms.go:446.2,449.28 2 0
github.com/ollama/ollama-distributed/pkg/scheduler/loadbalancer/algorithms.go:450.21,451.36 1 0
github.com/ollama/ollama-distributed/pkg/scheduler/loadbalancer/algorithms.go:452.20,453.35 1 0
github.com/ollama/ollama-distributed/pkg/scheduler/loadbalancer/algorithms.go:454.24,455.39 1 0
github.com/ollama/ollama-distributed/pkg/scheduler/loadbalancer/algorithms.go:456.10,457.36 1 0
github.com/ollama/ollama-distributed/pkg/scheduler/loadbalancer/algorithms.go:461.63,467.24 3 0
github.com/ollama/ollama-distributed/pkg/scheduler/loadbalancer/algorithms.go:467.24,469.3 1 0
github.com/ollama/ollama-distributed/pkg/scheduler/loadbalancer/algorithms.go:469.8,469.34 1 0
github.com/ollama/ollama-distributed/pkg/scheduler/loadbalancer/algorithms.go:469.34,471.3 1 0
github.com/ollama/ollama-distributed/pkg/scheduler/loadbalancer/algorithms.go:471.8,473.3 1 0
github.com/ollama/ollama-distributed/pkg/scheduler/loadbalancer/algorithms.go:476.79,477.21 1 0
github.com/ollama/ollama-distributed/pkg/scheduler/loadbalancer/algorithms.go:477.21,479.3 1 0
github.com/ollama/ollama-distributed/pkg/scheduler/loadbalancer/algorithms.go:482.2,483.29 2 0
github.com/ollama/ollama-distributed/pkg/scheduler/loadbalancer/algorithms.go:483.29,485.3 1 0
github.com/ollama/ollama-distributed/pkg/scheduler/loadbalancer/algorithms.go:486.2,490.29 3 0
github.com/ollama/ollama-distributed/pkg/scheduler/loadbalancer/algorithms.go:490.29,493.3 2 0
github.com/ollama/ollama-distributed/pkg/scheduler/loadbalancer/algorithms.go:495.2,495.39 1 0
github.com/ollama/ollama-distributed/pkg/scheduler/loadbalancer/algorithms.go:498.82,499.21 1 0
github.com/ollama/ollama-distributed/pkg/scheduler/loadbalancer/algorithms.go:499.21,501.3 1 0
github.com/ollama/ollama-distributed/pkg/scheduler/loadbalancer/algorithms.go:504.2,505.29 2 0
github.com/ollama/ollama-distributed/pkg/scheduler/loadbalancer/algorithms.go:505.29,507.3 1 0
github.com/ollama/ollama-distributed/pkg/scheduler/loadbalancer/algorithms.go:508.2,512.29 3 0
github.com/ollama/ollama-distributed/pkg/scheduler/loadbalancer/algorithms.go:512.29,515.3 2 0
github.com/ollama/ollama-distributed/pkg/scheduler/loadbalancer/algorithms.go:517.2,517.39 1 0
github.com/ollama/ollama-distributed/pkg/scheduler/loadbalancer/algorithms.go:520.87,528.2 4 0
github.com/ollama/ollama-distributed/pkg/scheduler/loadbalancer/algorithms.go:530.86,535.29 3 0
github.com/ollama/ollama-distributed/pkg/scheduler/loadbalancer/algorithms.go:535.29,536.31 1 0
github.com/ollama/ollama-distributed/pkg/scheduler/loadbalancer/algorithms.go:536.31,539.4 2 0
github.com/ollama/ollama-distributed/pkg/scheduler/loadbalancer/algorithms.go:542.2,542.39 1 0
github.com/ollama/ollama-distributed/pkg/scheduler/loadbalancer/algorithms.go:545.90,550.29 3 0
github.com/ollama/ollama-distributed/pkg/scheduler/loadbalancer/algorithms.go:550.29,551.32 1 0
github.com/ollama/ollama-distributed/pkg/scheduler/loadbalancer/algorithms.go:551.32,554.4 2 0
github.com/ollama/ollama-distributed/pkg/scheduler/loadbalancer/algorithms.go:557.2,557.39 1 0
github.com/ollama/ollama-distributed/pkg/scheduler/loadbalancer/algorithms.go:560.69,564.23 3 0
github.com/ollama/ollama-distributed/pkg/scheduler/loadbalancer/algorithms.go:564.23,568.3 3 0
github.com/ollama/ollama-distributed/pkg/scheduler/loadbalancer/intelligent_load_balancer.go:179.74,212.2 9 0
github.com/ollama/ollama-distributed/pkg/scheduler/loadbalancer/intelligent_load_balancer.go:215.89,223.2 4 0
github.com/ollama/ollama-distributed/pkg/scheduler/loadbalancer/intelligent_load_balancer.go:226.116,234.32 4 0
github.com/ollama/ollama-distributed/pkg/scheduler/loadbalancer/intelligent_load_balancer.go:234.32,237.3 2 0
github.com/ollama/ollama-distributed/pkg/scheduler/loadbalancer/intelligent_load_balancer.go:240.2,241.16 2 0
github.com/ollama/ollama-distributed/pkg/scheduler/loadbalancer/intelligent_load_balancer.go:241.16,244.3 2 0
github.com/ollama/ollama-distributed/pkg/scheduler/loadbalancer/intelligent_load_balancer.go:247.2,248.16 2 0
github.com/ollama/ollama-distributed/pkg/scheduler/loadbalancer/intelligent_load_balancer.go:248.16,251.3 2 0
github.com/ollama/ollama-distributed/pkg/scheduler/loadbalancer/intelligent_load_balancer.go:254.2,275.27 6 0
github.com/ollama/ollama-distributed/pkg/scheduler/loadbalancer/intelligent_load_balancer.go:279.85,280.31 1 0
github.com/ollama/ollama-distributed/pkg/scheduler/loadbalancer/intelligent_load_balancer.go:280.31,282.3 1 0
github.com/ollama/ollama-distributed/pkg/scheduler/loadbalancer/intelligent_load_balancer.go:284.2,286.29 2 0
github.com/ollama/ollama-distributed/pkg/scheduler/loadbalancer/intelligent_load_balancer.go:286.29,289.46 2 0
github.com/ollama/ollama-distributed/pkg/scheduler/loadbalancer/intelligent_load_balancer.go:289.46,290.50 1 0
github.com/ollama/ollama-distributed/pkg/scheduler/loadbalancer/intelligent_load_balancer.go:290.50,292.10 2 0
github.com/ollama/ollama-distributed/pkg/scheduler/loadbalancer/intelligent_load_balancer.go:296.3,296.16 1 0
github.com/ollama/ollama-distributed/pkg/scheduler/loadbalancer/intelligent_load_balancer.go:296.16,298.4 1 0
github.com/ollama/ollama-distributed/pkg/scheduler/loadbalancer/intelligent_load_balancer.go:301.2,301.20 1 0
github.com/ollama/ollama-distributed/pkg/scheduler/loadbalancer/intelligent_load_balancer.go:305.114,306.25 1 0
github.com/ollama/ollama-distributed/pkg/scheduler/loadbalancer/intelligent_load_balancer.go:307.16,310.78 3 0
github.com/ollama/ollama-distributed/pkg/scheduler/loadbalancer/intelligent_load_balancer.go:312.13,315.75 3 0
github.com/ollama/ollama-distributed/pkg/scheduler/loadbalancer/intelligent_load_balancer.go:317.17,320.69 3 0
github.com/ollama/ollama-distributed/pkg/scheduler/loadbalancer/intelligent_load_balancer.go:322.14,324.14 1 0
github.com/ollama/ollama-distributed/pkg/scheduler/loadbalancer/intelligent_load_balancer.go:326.10,327.14 1 0
github.com/ollama/ollama-distributed/pkg/scheduler/loadbalancer/intelligent_load_balancer.go:332.99,333.18 1 0
github.com/ollama/ollama-distributed/pkg/scheduler/loadbalancer/intelligent_load_balancer.go:334.11,335.27 1 0
github.com/ollama/ollama-distributed/pkg/scheduler/loadbalancer/intelligent_load_balancer.go:336.11,337.27 1 0
github.com/ollama/ollama-distributed/pkg/scheduler/loadbalancer/intelligent_load_balancer.go:338.11,339.43 1 0
github.com/ollama/ollama-distributed/pkg/scheduler/loadbalancer/intelligent_load_balancer.go:340.12,341.28 1 0
github.com/ollama/ollama-distributed/pkg/scheduler/loadbalancer/intelligent_load_balancer.go:342.12,343.28 1 0
github.com/ollama/ollama-distributed/pkg/scheduler/loadbalancer/intelligent_load_balancer.go:344.10,345.14 1 0
github.com/ollama/ollama-distributed/pkg/scheduler/loadbalancer/intelligent_load_balancer.go:350.108,351.18 1 0
github.com/ollama/ollama-distributed/pkg/scheduler/loadbalancer/intelligent_load_balancer.go:352.11,353.29 1 0
github.com/ollama/ollama-distributed/pkg/scheduler/loadbalancer/intelligent_load_balancer.go:354.11,355.29 1 0
github.com/ollama/ollama-distributed/pkg/scheduler/loadbalancer/intelligent_load_balancer.go:356.11,357.30 1 0
github.com/ollama/ollama-distributed/pkg/scheduler/loadbalancer/intelligent_load_balancer.go:358.12,359.30 1 0
github.com/ollama/ollama-distributed/pkg/scheduler/loadbalancer/intelligent_load_balancer.go:360.12,361.30 1 0
github.com/ollama/ollama-distributed/pkg/scheduler/loadbalancer/intelligent_load_balancer.go:362.10,363.14 1 0
github.com/ollama/ollama-distributed/pkg/scheduler/loadbalancer/intelligent_load_balancer.go:368.122,370.26 1 0
github.com/ollama/ollama-distributed/pkg/scheduler/loadbalancer/intelligent_load_balancer.go:370.26,371.72 1 0
github.com/ollama/ollama-distributed/pkg/scheduler/loadbalancer/intelligent_load_balancer.go:371.72,373.4 1 0
github.com/ollama/ollama-distributed/pkg/scheduler/loadbalancer/intelligent_load_balancer.go:374.3,374.74 1 0
github.com/ollama/ollama-distributed/pkg/scheduler/loadbalancer/intelligent_load_balancer.go:378.2,378.49 1 0
github.com/ollama/ollama-distributed/pkg/scheduler/loadbalancer/intelligent_load_balancer.go:382.130,389.20 4 0
github.com/ollama/ollama-distributed/pkg/scheduler/loadbalancer/intelligent_load_balancer.go:389.20,392.3 1 0
github.com/ollama/ollama-distributed/pkg/scheduler/loadbalancer/intelligent_load_balancer.go:394.2,394.24 1 0
github.com/ollama/ollama-distributed/pkg/scheduler/loadbalancer/intelligent_load_balancer.go:394.24,397.3 1 0
github.com/ollama/ollama-distributed/pkg/scheduler/loadbalancer/intelligent_load_balancer.go:399.2,399.37 1 0
github.com/ollama/ollama-distributed/pkg/scheduler/loadbalancer/intelligent_load_balancer.go:399.37,402.3 1 0
github.com/ollama/ollama-distributed/pkg/scheduler/loadbalancer/intelligent_load_balancer.go:404.2,404.34 1 0
github.com/ollama/ollama-distributed/pkg/scheduler/loadbalancer/intelligent_load_balancer.go:404.34,407.3 1 0
github.com/ollama/ollama-distributed/pkg/scheduler/loadbalancer/intelligent_load_balancer.go:410.2,410.40 1 0
github.com/ollama/ollama-distributed/pkg/scheduler/loadbalancer/intelligent_load_balancer.go:414.74,418.2 1 0
github.com/ollama/ollama-distributed/pkg/scheduler/loadbalancer/intelligent_load_balancer.go:421.86,422.21 1 0
github.com/ollama/ollama-distributed/pkg/scheduler/loadbalancer/intelligent_load_balancer.go:422.21,424.3 1 0
github.com/ollama/ollama-distributed/pkg/scheduler/loadbalancer/intelligent_load_balancer.go:427.2,428.29 2 0
github.com/ollama/ollama-distributed/pkg/scheduler/loadbalancer/intelligent_load_balancer.go:428.29,430.3 1 0
github.com/ollama/ollama-distributed/pkg/scheduler/loadbalancer/intelligent_load_balancer.go:431.2,435.29 3 0
github.com/ollama/ollama-distributed/pkg/scheduler/loadbalancer/intelligent_load_balancer.go:435.29,438.3 2 0
github.com/ollama/ollama-distributed/pkg/scheduler/loadbalancer/intelligent_load_balancer.go:440.2,440.39 1 0
github.com/ollama/ollama-distributed/pkg/scheduler/loadbalancer/intelligent_load_balancer.go:444.87,451.50 4 0
github.com/ollama/ollama-distributed/pkg/scheduler/loadbalancer/intelligent_load_balancer.go:451.50,453.3 1 0
github.com/ollama/ollama-distributed/pkg/scheduler/loadbalancer/intelligent_load_balancer.go:457.77,461.45 3 0
github.com/ollama/ollama-distributed/pkg/scheduler/loadbalancer/intelligent_load_balancer.go:461.45,462.40 1 0
github.com/ollama/ollama-distributed/pkg/scheduler/loadbalancer/intelligent_load_balancer.go:462.40,464.9 2 0
github.com/ollama/ollama-distributed/pkg/scheduler/loadbalancer/intelligent_load_balancer.go:470.71,475.40 3 0
github.com/ollama/ollama-distributed/pkg/scheduler/loadbalancer/intelligent_load_balancer.go:475.40,478.3 1 0
github.com/ollama/ollama-distributed/pkg/scheduler/loadbalancer/intelligent_load_balancer.go:481.2,481.40 1 0
github.com/ollama/ollama-distributed/pkg/scheduler/loadbalancer/intelligent_load_balancer.go:481.40,484.3 1 0
github.com/ollama/ollama-distributed/pkg/scheduler/loadbalancer/intelligent_load_balancer.go:486.2,486.20 1 0
github.com/ollama/ollama-distributed/pkg/scheduler/loadbalancer/intelligent_load_balancer.go:490.71,495.35 4 0
github.com/ollama/ollama-distributed/pkg/scheduler/loadbalancer/intelligent_load_balancer.go:495.35,497.3 1 0
github.com/ollama/ollama-distributed/pkg/scheduler/loadbalancer/intelligent_load_balancer.go:499.2,499.19 1 0
github.com/ollama/ollama-distributed/pkg/scheduler/loadbalancer/intelligent_load_balancer.go:503.66,514.2 5 0
github.com/ollama/ollama-distributed/pkg/scheduler/loadbalancer/intelligent_load_balancer.go:517.75,530.34 2 0
github.com/ollama/ollama-distributed/pkg/scheduler/loadbalancer/intelligent_load_balancer.go:530.34,537.3 1 0
github.com/ollama/ollama-distributed/pkg/scheduler/loadbalancer/intelligent_load_balancer.go:541.76,543.29 2 0
github.com/ollama/ollama-distributed/pkg/scheduler/loadbalancer/intelligent_load_balancer.go:543.29,545.3 1 0
github.com/ollama/ollama-distributed/pkg/scheduler/loadbalancer/intelligent_load_balancer.go:546.2,546.12 1 0
github.com/ollama/ollama-distributed/pkg/scheduler/loadbalancer/intelligent_load_balancer.go:552.64,559.29 4 0
github.com/ollama/ollama-distributed/pkg/scheduler/loadbalancer/intelligent_load_balancer.go:559.29,561.3 1 0
github.com/ollama/ollama-distributed/pkg/scheduler/loadbalancer/intelligent_load_balancer.go:564.2,564.30 1 0
github.com/ollama/ollama-distributed/pkg/scheduler/loadbalancer/intelligent_load_balancer.go:568.65,573.13 4 0
github.com/ollama/ollama-distributed/pkg/scheduler/loadbalancer/intelligent_load_balancer.go:573.13,582.3 2 0
github.com/ollama/ollama-distributed/pkg/scheduler/loadbalancer/intelligent_load_balancer.go:585.2,590.23 4 0
github.com/ollama/ollama-distributed/pkg/scheduler/loadbalancer/intelligent_load_balancer.go:590.23,592.3 1 0
github.com/ollama/ollama-distributed/pkg/scheduler/loadbalancer/intelligent_load_balancer.go:592.8,594.3 1 0
github.com/ollama/ollama-distributed/pkg/scheduler/loadbalancer/intelligent_load_balancer.go:600.73,607.28 4 0
github.com/ollama/ollama-distributed/pkg/scheduler/loadbalancer/intelligent_load_balancer.go:607.28,609.3 1 0
github.com/ollama/ollama-distributed/pkg/scheduler/loadbalancer/intelligent_load_balancer.go:612.2,612.17 1 0
github.com/ollama/ollama-distributed/pkg/scheduler/loadbalancer/intelligent_load_balancer.go:612.17,614.3 1 0
github.com/ollama/ollama-distributed/pkg/scheduler/loadbalancer/intelligent_load_balancer.go:618.48,625.23 4 0
github.com/ollama/ollama-distributed/pkg/scheduler/loadbalancer/intelligent_load_balancer.go:625.23,630.40 3 0
github.com/ollama/ollama-distributed/pkg/scheduler/loadbalancer/intelligent_load_balancer.go:630.40,632.35 1 0
github.com/ollama/ollama-distributed/pkg/scheduler/loadbalancer/intelligent_load_balancer.go:632.35,634.20 2 0
github.com/ollama/ollama-distributed/pkg/scheduler/loadbalancer/intelligent_load_balancer.go:634.20,636.6 1 0
github.com/ollama/ollama-distributed/pkg/scheduler/loadbalancer/intelligent_load_balancer.go:640.3,640.74 1 0
github.com/ollama/ollama-distributed/pkg/scheduler/loadbalancer/intelligent_load_balancer.go:645.110,646.18 1 0
github.com/ollama/ollama-distributed/pkg/scheduler/loadbalancer/intelligent_load_balancer.go:646.18,649.3 1 0
github.com/ollama/ollama-distributed/pkg/scheduler/loadbalancer/intelligent_load_balancer.go:652.2,657.36 4 0
github.com/ollama/ollama-distributed/pkg/scheduler/loadbalancer/intelligent_load_balancer.go:657.36,658.62 1 0
github.com/ollama/ollama-distributed/pkg/scheduler/loadbalancer/intelligent_load_balancer.go:658.62,660.4 1 0
github.com/ollama/ollama-distributed/pkg/scheduler/loadbalancer/intelligent_load_balancer.go:663.2,663.30 1 0
github.com/ollama/ollama-distributed/pkg/scheduler/loadbalancer/intelligent_load_balancer.go:663.30,666.3 1 0
github.com/ollama/ollama-distributed/pkg/scheduler/loadbalancer/intelligent_load_balancer.go:669.2,673.40 4 0
github.com/ollama/ollama-distributed/pkg/scheduler/loadbalancer/intelligent_load_balancer.go:673.40,679.3 4 0
github.com/ollama/ollama-distributed/pkg/scheduler/loadbalancer/intelligent_load_balancer.go:681.2,684.46 3 0
[...]
github.com/ollama/ollama-distributed/internal/auth/middleware.go:175.57,176.30 1 0
github.com/ollama/ollama-distributed/internal/auth/middleware.go:176.30,177.25 1 0
github.com/ollama/ollama-distributed/internal/auth/middleware.go:177.25,180.4 2 0
github.com/ollama/ollama-distributed/internal/auth/middleware.go:183.3,184.21 2 0
github.com/ollama/ollama-distributed/internal/auth/middleware.go:184.21,186.4 1 0
github.com/ollama/ollama-distributed/internal/auth/middleware.go:188.3,188.11 1 0
github.com/ollama/ollama-distributed/internal/auth/middleware.go:193.58,198.30 2 0
github.com/ollama/ollama-distributed/internal/auth/middleware.go:198.30,201.54 2 0
github.com/ollama/ollama-distributed/internal/auth/middleware.go:201.54,203.4 1 0
github.com/ollama/ollama-distributed/internal/auth/middleware.go:206.3,208.37 2 0
github.com/ollama/ollama-distributed/internal/auth/middleware.go:208.37,210.4 1 0
github.com/ollama/ollama-distributed/internal/auth/middleware.go:213.3,213.47 1 0
github.com/ollama/ollama-distributed/internal/auth/middleware.go:213.47,214.32 1 0
github.com/ollama/ollama-distributed/internal/auth/middleware.go:214.32,216.5 1 0
github.com/ollama/ollama-distributed/internal/auth/middleware.go:220.3,223.51 2 0
github.com/ollama/ollama-distributed/internal/auth/middleware.go:223.51,230.4 3 0
github.com/ollama/ollama-distributed/internal/auth/middleware.go:232.3,236.11 4 0
github.com/ollama/ollama-distributed/internal/auth/middleware.go:241.53,242.30 1 0
github.com/ollama/ollama-distributed/internal/auth/middleware.go:242.30,250.48 4 0
github.com/ollama/ollama-distributed/internal/auth/middleware.go:250.48,251.31 1 0
github.com/ollama/ollama-distributed/internal/auth/middleware.go:251.31,253.10 2 0
github.com/ollama/ollama-distributed/internal/auth/middleware.go:257.3,257.14 1 0
github.com/ollama/ollama-distributed/internal/auth/middleware.go:257.14,259.4 1 0
github.com/ollama/ollama-distributed/internal/auth/middleware.go:261.3,266.36 5 0
github.com/ollama/ollama-distributed/internal/auth/middleware.go:266.36,269.4 2 0
github.com/ollama/ollama-distributed/internal/auth/middleware.go:271.3,271.11 1 0
github.com/ollama/ollama-distributed/internal/auth/middleware.go:276.64,277.30 1 0
github.com/ollama/ollama-distributed/internal/auth/middleware.go:277.30,286.3 7 0
github.com/ollama/ollama-distributed/internal/auth/middleware.go:290.57,291.30 1 0
github.com/ollama/ollama-distributed/internal/auth/middleware.go:291.30,311.21 6 0
github.com/ollama/ollama-distributed/internal/auth/middleware.go:311.21,315.30 4 0
github.com/ollama/ollama-distributed/internal/auth/middleware.go:315.30,317.5 1 0
github.com/ollama/ollama-distributed/internal/auth/middleware.go:318.4,318.29 1 0
github.com/ollama/ollama-distributed/internal/auth/middleware.go:318.29,320.5 1 0
github.com/ollama/ollama-distributed/internal/auth/middleware.go:330.81,332.49 1 0
github.com/ollama/ollama-distributed/internal/auth/middleware.go:332.49,334.3 1 0
github.com/ollama/ollama-distributed/internal/auth/middleware.go:337.2,337.52 1 0
github.com/ollama/ollama-distributed/internal/auth/middleware.go:337.52,339.3 1 0
github.com/ollama/ollama-distributed/internal/auth/middleware.go:341.2,341.35 1 0
github.com/ollama/ollama-distributed/internal/auth/middleware.go:344.72,346.22 2 0
github.com/ollama/ollama-distributed/internal/auth/middleware.go:346.22,348.3 1 0
github.com/ollama/ollama-distributed/internal/auth/middleware.go:350.2,351.62 2 0
github.com/ollama/ollama-distributed/internal/auth/middleware.go:351.62,353.3 1 0
github.com/ollama/ollama-distributed/internal/auth/middleware.go:355.2,355.17 1 0
github.com/ollama/ollama-distributed/internal/auth/middleware.go:358.67,361.63 2 0
github.com/ollama/ollama-distributed/internal/auth/middleware.go:361.63,363.3 1 0
github.com/ollama/ollama-distributed/internal/auth/middleware.go:366.2,366.54 1 0
github.com/ollama/ollama-distributed/internal/auth/middleware.go:366.54,368.3 1 0
github.com/ollama/ollama-distributed/internal/auth/middleware.go:371.2,371.48 1 0
github.com/ollama/ollama-distributed/internal/auth/middleware.go:371.48,373.3 1 0
github.com/ollama/ollama-distributed/internal/auth/middleware.go:375.2,375.11 1 0
github.com/ollama/ollama-distributed/internal/auth/middleware.go:378.71,388.41 2 0
github.com/ollama/ollama-distributed/internal/auth/middleware.go:388.41,389.25 1 0
github.com/ollama/ollama-distributed/internal/auth/middleware.go:389.25,391.4 1 0
github.com/ollama/ollama-distributed/internal/auth/middleware.go:392.3,392.42 1 0
github.com/ollama/ollama-distributed/internal/auth/middleware.go:392.42,394.4 1 0
github.com/ollama/ollama-distributed/internal/auth/middleware.go:398.2,398.25 1 0
github.com/ollama/ollama-distributed/internal/auth/middleware.go:398.25,400.3 1 0
github.com/ollama/ollama-distributed/internal/auth/middleware.go:402.2,402.14 1 0
github.com/ollama/ollama-distributed/internal/auth/middleware.go:405.73,409.20 3 0
github.com/ollama/ollama-distributed/internal/auth/middleware.go:410.17,412.23 2 0
github.com/ollama/ollama-distributed/internal/auth/middleware.go:413.24,414.36 1 0
github.com/ollama/ollama-distributed/internal/auth/middleware.go:415.24,416.36 1 0
github.com/ollama/ollama-distributed/internal/auth/middleware.go:417.28,418.36 1 0
github.com/ollama/ollama-distributed/internal/auth/middleware.go:419.35,420.33 1 0
github.com/ollama/ollama-distributed/internal/auth/middleware.go:421.25,422.36 1 0
github.com/ollama/ollama-distributed/internal/auth/middleware.go:423.24,424.36 1 0
github.com/ollama/ollama-distributed/internal/auth/middleware.go:425.11,426.36 1 0
github.com/ollama/ollama-distributed/internal/auth/middleware.go:428.3,431.4 1 0
github.com/ollama/ollama-distributed/internal/auth/middleware.go:432.10,436.4 2 0
github.com/ollama/ollama-distributed/internal/auth/middleware.go:439.2,440.11 2 0
github.com/ollama/ollama-distributed/internal/auth/middleware.go:443.83,450.28 7 0
github.com/ollama/ollama-distributed/internal/auth/middleware.go:450.28,453.3 2 0
github.com/ollama/ollama-distributed/internal/auth/middleware.go:454.2,454.27 1 0
github.com/ollama/ollama-distributed/internal/auth/middleware.go:454.27,457.3 2 0
github.com/ollama/ollama-distributed/internal/auth/middleware.go:460.74,461.54 1 0
github.com/ollama/ollama-distributed/internal/auth/middleware.go:461.54,462.44 1 0
github.com/ollama/ollama-distributed/internal/auth/middleware.go:462.44,464.4 1 0
github.com/ollama/ollama-distributed/internal/auth/middleware.go:466.2,466.12 1 0
github.com/ollama/ollama-distributed/internal/auth/middleware.go:470.43,471.43 1 0
github.com/ollama/ollama-distributed/internal/auth/middleware.go:471.43,472.32 1 0
github.com/ollama/ollama-distributed/internal/auth/middleware.go:472.32,474.4 1 0
github.com/ollama/ollama-distributed/internal/auth/middleware.go:476.2,476.12 1 0
github.com/ollama/ollama-distributed/internal/auth/middleware.go:480.46,481.48 1 0
github.com/ollama/ollama-distributed/internal/auth/middleware.go:481.48,482.36 1 0
github.com/ollama/ollama-distributed/internal/auth/middleware.go:482.36,484.4 1 0
github.com/ollama/ollama-distributed/internal/auth/middleware.go:486.2,486.11 1 0
github.com/ollama/ollama-distributed/internal/auth/middleware.go:490.60,491.57 1 0
github.com/ollama/ollama-distributed/internal/auth/middleware.go:491.57,492.46 1 0
github.com/ollama/ollama-distributed/internal/auth/middleware.go:492.46,493.31 1 0
github.com/ollama/ollama-distributed/internal/auth/middleware.go:493.31,494.60 1 0
github.com/ollama/ollama-distributed/internal/auth/middleware.go:494.60,496.6 1 0
github.com/ollama/ollama-distributed/internal/auth/middleware.go:500.2,500.14 1 0
github.com/ollama/ollama-distributed/internal/auth/routes.go:18.108,24.2 1 0
github.com/ollama/ollama-distributed/internal/auth/routes.go:27.53,36.2 6 0
github.com/ollama/ollama-distributed/internal/auth/routes.go:36.2,41.3 4 0
github.com/ollama/ollama-distributed/internal/auth/routes.go:44.2,46.2 3 0
github.com/ollama/ollama-distributed/internal/auth/routes.go:46.2,49.3 2 0
github.com/ollama/ollama-distributed/internal/auth/routes.go:49.3,56.4 6 0
github.com/ollama/ollama-distributed/internal/auth/routes.go:59.3,60.3 2 0
github.com/ollama/ollama-distributed/internal/auth/routes.go:60.3,64.4 3 0
github.com/ollama/ollama-distributed/internal/auth/routes.go:67.3,69.3 3 0
github.com/ollama/ollama-distributed/internal/auth/routes.go:69.3,77.4 7 0
github.com/ollama/ollama-distributed/internal/auth/routes.go:83.40,85.47 2 0
github.com/ollama/ollama-distributed/internal/auth/routes.go:85.47,88.3 2 0
github.com/ollama/ollama-distributed/internal/auth/routes.go:91.2,95.33 2 0
github.com/ollama/ollama-distributed/internal/auth/routes.go:95.33,97.3 1 0
github.com/ollama/ollama-distributed/internal/auth/routes.go:100.2,101.16 2 0
github.com/ollama/ollama-distributed/internal/auth/routes.go:101.16,104.3 2 0
github.com/ollama/ollama-distributed/internal/auth/routes.go:106.2,113.33 2 0
github.com/ollama/ollama-distributed/internal/auth/routes.go:116.43,118.47 2 0
github.com/ollama/ollama-distributed/internal/auth/routes.go:118.47,121.3 2 0
github.com/ollama/ollama-distributed/internal/auth/routes.go:124.2,124.20 1 0
github.com/ollama/ollama-distributed/internal/auth/routes.go:124.20,126.3 1 0
github.com/ollama/ollama-distributed/internal/auth/routes.go:129.2,131.36 3 0
github.com/ollama/ollama-distributed/internal/auth/routes.go:131.36,132.23 1 0
github.com/ollama/ollama-distributed/internal/auth/routes.go:132.23,134.9 2 0
github.com/ollama/ollama-distributed/internal/auth/routes.go:138.2,138.18 1 0
github.com/ollama/ollama-distributed/internal/auth/routes.go:138.18,141.3 2 0
github.com/ollama/ollama-distributed/internal/auth/routes.go:143.2,144.16 2 0
github.com/ollama/ollama-distributed/internal/auth/routes.go:144.16,147.3 2 0
github.com/ollama/ollama-distributed/internal/auth/routes.go:150.2,152.49 2 0
github.com/ollama/ollama-distributed/internal/auth/routes.go:155.47,157.47 2 0
github.com/ollama/ollama-distributed/internal/auth/routes.go:157.47,160.3 2 0
github.com/ollama/ollama-distributed/internal/auth/routes.go:163.2,164.16 2 0
github.com/ollama/ollama-distributed/internal/auth/routes.go:164.16,167.3 2 0
github.com/ollama/ollama-distributed/internal/auth/routes.go:171.2,171.98 1 0
github.com/ollama/ollama-distributed/internal/auth/routes.go:174.41,180.2 1 0
github.com/ollama/ollama-distributed/internal/auth/routes.go:184.45,186.17 2 0
github.com/ollama/ollama-distributed/internal/auth/routes.go:186.17,189.3 2 0
github.com/ollama/ollama-distributed/internal/auth/routes.go:192.2,194.44 2 0
github.com/ollama/ollama-distributed/internal/auth/routes.go:197.48,199.17 2 0
github.com/ollama/ollama-distributed/internal/auth/routes.go:199.17,202.3 2 0
github.com/ollama/ollama-distributed/internal/auth/routes.go:204.2,205.47 2 0
github.com/ollama/ollama-distributed/internal/auth/routes.go:205.47,208.3 2 0
github.com/ollama/ollama-distributed/internal/auth/routes.go:211.2,211.22 1 0
github.com/ollama/ollama-distributed/internal/auth/routes.go:211.22,213.3 1 0
github.com/ollama/ollama-distributed/internal/auth/routes.go:214.2,214.25 1 0
github.com/ollama/ollama-distributed/internal/auth/routes.go:214.25,215.34 1 0
github.com/ollama/ollama-distributed/internal/auth/routes.go:215.34,216.28 1 0
github.com/ollama/ollama-distributed/internal/auth/routes.go:216.28,218.5 1 0
github.com/ollama/ollama-distributed/internal/auth/routes.go:222.2,227.44 3 0
github.com/ollama/ollama-distributed/internal/auth/routes.go:230.49,232.17 2 0
github.com/ollama/ollama-distributed/internal/auth/routes.go:232.17,235.3 2 0
github.com/ollama/ollama-distributed/internal/auth/routes.go:237.2,238.47 2 0
github.com/ollama/ollama-distributed/internal/auth/routes.go:238.47,241.3 2 0
github.com/ollama/ollama-distributed/internal/auth/routes.go:244.2,244.86 1 0
github.com/ollama/ollama-distributed/internal/auth/routes.go:247.41,249.20 2 0
github.com/ollama/ollama-distributed/internal/auth/routes.go:249.20,252.3 2 0
github.com/ollama/ollama-distributed/internal/auth/routes.go:255.2,255.28 1 0
github.com/ollama/ollama-distributed/internal/auth/routes.go:255.28,257.3 1 0
github.com/ollama/ollama-distributed/internal/auth/routes.go:260.2,260.27 1 0
github.com/ollama/ollama-distributed/internal/auth/routes.go:260.27,262.3 1 0
github.com/ollama/ollama-distributed/internal/auth/routes.go:264.2,264.68 1 0
github.com/ollama/ollama-distributed/internal/auth/routes.go:267.46,270.2 1 0
github.com/ollama/ollama-distributed/internal/auth/routes.go:272.48,276.16 3 0
github.com/ollama/ollama-distributed/internal/auth/routes.go:276.16,279.3 2 0
github.com/ollama/ollama-distributed/internal/auth/routes.go:281.2,281.73 1 0
github.com/ollama/ollama-distributed/internal/auth/routes.go:286.46,288.17 2 0
github.com/ollama/ollama-distributed/internal/auth/routes.go:288.17,291.3 2 0
github.com/ollama/ollama-distributed/internal/auth/routes.go:294.2,295.38 2 0
github.com/ollama/ollama-distributed/internal/auth/routes.go:295.38,299.3 2 0
github.com/ollama/ollama-distributed/internal/auth/routes.go:301.2,301.55 1 0
github.com/ollama/ollama-distributed/internal/auth/routes.go:304.47,306.17 2 0
github.com/ollama/ollama-distributed/internal/auth/routes.go:306.17,309.3 2 0
github.com/ollama/ollama-distributed/internal/auth/routes.go:311.2,312.47 2 0
github.com/ollama/ollama-distributed/internal/auth/routes.go:312.47,315.3 2 0
github.com/ollama/ollama-distributed/internal/auth/routes.go:317.2,318.16 2 0
github.com/ollama/ollama-distributed/internal/auth/routes.go:318.16,321.3 2 0
github.com/ollama/ollama-distributed/internal/auth/routes.go:323.2,331.38 3 0
github.com/ollama/ollama-distributed/internal/auth/routes.go:334.47,338.16 3 0
github.com/ollama/ollama-distributed/internal/auth/routes.go:338.16,341.3 2 0
github.com/ollama/ollama-distributed/internal/auth/routes.go:343.2,343.73 1 0
github.com/ollama/ollama-distributed/internal/auth/routes.go:348.44,351.2 1 0
github.com/ollama/ollama-distributed/internal/auth/routes.go:353.45,355.47 2 0
github.com/ollama/ollama-distributed/internal/auth/routes.go:355.47,358.3 2 0
github.com/ollama/ollama-distributed/internal/auth/routes.go:360.2,361.16 2 0
github.com/ollama/ollama-distributed/internal/auth/routes.go:361.16,364.3 2 0
github.com/ollama/ollama-distributed/internal/auth/routes.go:367.2,369.49 2 0
github.com/ollama/ollama-distributed/internal/auth/routes.go:372.42,377.2 2 0
github.com/ollama/ollama-distributed/internal/auth/routes.go:379.45,383.47 3 0
github.com/ollama/ollama-distributed/internal/auth/routes.go:383.47,386.3 2 0
github.com/ollama/ollama-distributed/internal/auth/routes.go:389.2,389.101 1 0
github.com/ollama/ollama-distributed/internal/auth/routes.go:392.45,397.2 2 0
github.com/ollama/ollama-distributed/internal/auth/routes.go:399.52,404.2 2 0
github.com/ollama/ollama-distributed/internal/auth/routes.go:406.47,413.2 3 0
github.com/ollama/ollama-distributed/internal/auth/server_example.go:13.30,16.16 2 0
github.com/ollama/ollama-distributed/internal/auth/server_example.go:16.16,18.3 1 0
github.com/ollama/ollama-distributed/internal/auth/server_example.go:21.2,21.32 1 0
github.com/ollama/ollama-distributed/internal/auth/server_example.go:21.32,29.3 7 0
github.com/ollama/ollama-distributed/internal/auth/server_example.go:32.2,33.16 2 0
github.com/ollama/ollama-distributed/internal/auth/server_example.go:33.16,35.3 1 0
github.com/ollama/ollama-distributed/internal/auth/server_example.go:36.2,60.51 13 0
github.com/ollama/ollama-distributed/internal/auth/server_example.go:60.51,62.3 1 0
github.com/ollama/ollama-distributed/internal/auth/server_example.go:66.80,91.2 9 0
github.com/ollama/ollama-distributed/internal/auth/server_example.go:94.72,98.76 2 0
github.com/ollama/ollama-distributed/internal/auth/server_example.go:98.76,120.3 3 0
github.com/ollama/ollama-distributed/internal/auth/server_example.go:123.2,123.80 1 0
github.com/ollama/ollama-distributed/internal/auth/server_example.go:123.80,138.3 4 0
github.com/ollama/ollama-distributed/internal/auth/server_example.go:141.2,141.88 1 0
github.com/ollama/ollama-distributed/internal/auth/server_example.go:141.88,151.3 4 0
github.com/ollama/ollama-distributed/internal/auth/server_example.go:154.2,154.84 1 0
github.com/ollama/ollama-distributed/internal/auth/server_example.go:154.84,163.3 4 0
github.com/ollama/ollama-distributed/internal/auth/server_example.go:167.73,171.78 2 0
github.com/ollama/ollama-distributed/internal/auth/server_example.go:171.78,191.3 3 0
github.com/ollama/ollama-distributed/internal/auth/server_example.go:194.2,194.95 1 0
github.com/ollama/ollama-distributed/internal/auth/server_example.go:194.95,205.3 4 0
github.com/ollama/ollama-distributed/internal/auth/server_example.go:208.2,208.88 1 0
github.com/ollama/ollama-distributed/internal/auth/server_example.go:208.88,217.3 4 0
github.com/ollama/ollama-distributed/internal/auth/server_example.go:221.75,225.88 2 0
github.com/ollama/ollama-distributed/internal/auth/server_example.go:225.88,235.3 3 0
github.com/ollama/ollama-distributed/internal/auth/server_example.go:238.2,238.88 1 0
github.com/ollama/ollama-distributed/internal/auth/server_example.go:238.88,248.3 5 0
github.com/ollama/ollama-distributed/internal/auth/server_example.go:251.2,251.89 1 0
github.com/ollama/ollama-distributed/internal/auth/server_example.go:251.89,258.3 3 0
github.com/ollama/ollama-distributed/internal/auth/server_example.go:262.77,264.90 1 0
github.com/ollama/ollama-distributed/internal/auth/server_example.go:264.90,278.3 6 0
github.com/ollama/ollama-distributed/internal/auth/server_example.go:281.2,281.86 1 0
github.com/ollama/ollama-distributed/internal/auth/server_example.go:281.86,295.3 5 0
github.com/ollama/ollama-distributed/internal/auth/server_example.go:298.2,298.92 1 0
github.com/ollama/ollama-distributed/internal/auth/server_example.go:298.92,310.3 5 0
github.com/ollama/ollama-distributed/internal/auth/server_example.go:314.78,316.87 1 0
github.com/ollama/ollama-distributed/internal/auth/server_example.go:316.87,331.3 3 0
github.com/ollama/ollama-distributed/internal/auth/server_example.go:334.2,334.42 1 0
github.com/ollama/ollama-distributed/internal/auth/server_example.go:334.42,340.3 1 0
github.com/ollama/ollama-distributed/internal/auth/server_example.go:343.2,343.89 1 0
github.com/ollama/ollama-distributed/internal/auth/server_example.go:343.89,357.3 3 0
github.com/ollama/ollama-distributed/internal/auth/server_example.go:361.80,365.103 2 0
github.com/ollama/ollama-distributed/internal/auth/server_example.go:365.103,376.3 5 0
github.com/ollama/ollama-distributed/internal/auth/server_example.go:380.44,387.38 4 0
github.com/ollama/ollama-distributed/internal/auth/server_example.go:387.38,389.3 1 0
github.com/ollama/ollama-distributed/internal/auth/server_example.go:393.18,406.16 3 0
github.com/ollama/ollama-distributed/internal/auth/server_example.go:406.16,408.3 1 0
github.com/ollama/ollama-distributed/internal/auth/server_example.go:409.2,420.16 4 0
github.com/ollama/ollama-distributed/internal/auth/server_example.go:420.16,422.3 1 0
github.com/ollama/ollama-distributed/internal/auth/server_example.go:424.2,431.16 3 0
github.com/ollama/ollama-distributed/internal/auth/server_example.go:431.16,433.3 1 0
github.com/ollama/ollama-distributed/internal/auth/server_example.go:435.2,444.16 4 0
github.com/ollama/ollama-distributed/internal/auth/server_example.go:444.16,446.3 1 0
github.com/ollama/ollama-distributed/internal/auth/server_example.go:448.2,452.16 3 0
github.com/ollama/ollama-distributed/internal/auth/server_example.go:452.16,454.3 1 0
github.com/ollama/ollama-distributed/internal/auth/server_example.go:456.2,463.68 5 0
github.com/ollama/ollama-distributed/internal/auth/types.go:157.35,158.21 1 0
github.com/ollama/ollama-distributed/internal/auth/types.go:158.21,160.3 1 0
github.com/ollama/ollama-distributed/internal/auth/types.go:161.2,161.18 1 0
