mode: set
github.com/khryptorgraphics/spark/pkg/p2p/nat/traversal.go:36.34,37.11 1 1
github.com/khryptorgraphics/spark/pkg/p2p/nat/traversal.go:38.19,39.16 1 1
github.com/khryptorgraphics/spark/pkg/p2p/nat/traversal.go:40.23,41.21 1 1
github.com/khryptorgraphics/spark/pkg/p2p/nat/traversal.go:42.29,43.27 1 1
github.com/khryptorgraphics/spark/pkg/p2p/nat/traversal.go:44.33,45.32 1 1
github.com/khryptorgraphics/spark/pkg/p2p/nat/traversal.go:46.24,47.21 1 1
github.com/khryptorgraphics/spark/pkg/p2p/nat/traversal.go:48.22,49.19 1 1
github.com/khryptorgraphics/spark/pkg/p2p/nat/traversal.go:50.10,51.19 1 1
github.com/khryptorgraphics/spark/pkg/p2p/nat/traversal.go:180.48,203.2 1 1
github.com/khryptorgraphics/spark/pkg/p2p/nat/traversal.go:206.96,207.19 1 1
github.com/khryptorgraphics/spark/pkg/p2p/nat/traversal.go:207.19,209.3 1 1
github.com/khryptorgraphics/spark/pkg/p2p/nat/traversal.go:211.2,231.16 6 1
github.com/khryptorgraphics/spark/pkg/p2p/nat/traversal.go:235.71,246.2 3 1
github.com/khryptorgraphics/spark/pkg/p2p/nat/traversal.go:249.116,264.2 3 1
github.com/khryptorgraphics/spark/pkg/p2p/nat/traversal.go:267.85,270.60 2 1
github.com/khryptorgraphics/spark/pkg/p2p/nat/traversal.go:270.60,271.51 1 1
github.com/khryptorgraphics/spark/pkg/p2p/nat/traversal.go:271.51,275.4 3 1
github.com/khryptorgraphics/spark/pkg/p2p/nat/traversal.go:277.2,281.16 3 1
github.com/khryptorgraphics/spark/pkg/p2p/nat/traversal.go:281.16,284.3 2 1
github.com/khryptorgraphics/spark/pkg/p2p/nat/traversal.go:287.2,301.21 9 0
github.com/khryptorgraphics/spark/pkg/p2p/nat/traversal.go:305.103,306.29 1 1
github.com/khryptorgraphics/spark/pkg/p2p/nat/traversal.go:306.29,308.3 1 1
github.com/khryptorgraphics/spark/pkg/p2p/nat/traversal.go:311.2,321.39 4 1
github.com/khryptorgraphics/spark/pkg/p2p/nat/traversal.go:321.39,322.24 1 1
github.com/khryptorgraphics/spark/pkg/p2p/nat/traversal.go:322.24,323.12 1 0
github.com/khryptorgraphics/spark/pkg/p2p/nat/traversal.go:326.3,326.26 1 1
github.com/khryptorgraphics/spark/pkg/p2p/nat/traversal.go:326.26,333.4 2 1
github.com/khryptorgraphics/spark/pkg/p2p/nat/traversal.go:337.2,341.29 4 1
github.com/khryptorgraphics/spark/pkg/p2p/nat/traversal.go:341.29,342.10 1 1
github.com/khryptorgraphics/spark/pkg/p2p/nat/traversal.go:343.31,345.25 2 1
github.com/khryptorgraphics/spark/pkg/p2p/nat/traversal.go:345.25,347.5 1 0
github.com/khryptorgraphics/spark/pkg/p2p/nat/traversal.go:348.4,348.24 1 1
github.com/khryptorgraphics/spark/pkg/p2p/nat/traversal.go:349.29,350.86 1 1
github.com/khryptorgraphics/spark/pkg/p2p/nat/traversal.go:354.2,354.92 1 1
github.com/khryptorgraphics/spark/pkg/p2p/nat/traversal.go:358.126,368.16 4 1
github.com/khryptorgraphics/spark/pkg/p2p/nat/traversal.go:368.16,371.3 2 1
github.com/khryptorgraphics/spark/pkg/p2p/nat/traversal.go:372.2,377.16 4 1
github.com/khryptorgraphics/spark/pkg/p2p/nat/traversal.go:377.16,380.3 2 0
github.com/khryptorgraphics/spark/pkg/p2p/nat/traversal.go:383.2,386.16 4 1
github.com/khryptorgraphics/spark/pkg/p2p/nat/traversal.go:386.16,389.3 2 1
github.com/khryptorgraphics/spark/pkg/p2p/nat/traversal.go:392.2,392.18 1 0
github.com/khryptorgraphics/spark/pkg/p2p/nat/traversal.go:392.18,395.3 2 0
github.com/khryptorgraphics/spark/pkg/p2p/nat/traversal.go:398.2,408.30 5 0
github.com/khryptorgraphics/spark/pkg/p2p/nat/traversal.go:408.30,415.3 1 0
github.com/khryptorgraphics/spark/pkg/p2p/nat/traversal.go:417.2,417.36 1 0
github.com/khryptorgraphics/spark/pkg/p2p/nat/traversal.go:421.123,426.19 3 0
github.com/khryptorgraphics/spark/pkg/p2p/nat/traversal.go:426.19,429.3 2 0
github.com/khryptorgraphics/spark/pkg/p2p/nat/traversal.go:432.2,434.57 3 0
github.com/khryptorgraphics/spark/pkg/p2p/nat/traversal.go:434.57,435.71 1 0
github.com/khryptorgraphics/spark/pkg/p2p/nat/traversal.go:435.71,440.4 4 0
github.com/khryptorgraphics/spark/pkg/p2p/nat/traversal.go:442.2,446.16 3 0
github.com/khryptorgraphics/spark/pkg/p2p/nat/traversal.go:446.16,450.3 3 0
github.com/khryptorgraphics/spark/pkg/p2p/nat/traversal.go:453.2,461.23 7 0
github.com/khryptorgraphics/spark/pkg/p2p/nat/traversal.go:465.66,469.39 3 1
github.com/khryptorgraphics/spark/pkg/p2p/nat/traversal.go:469.39,470.57 1 1
github.com/khryptorgraphics/spark/pkg/p2p/nat/traversal.go:470.57,473.4 2 1
github.com/khryptorgraphics/spark/pkg/p2p/nat/traversal.go:476.2,476.19 1 1
github.com/khryptorgraphics/spark/pkg/p2p/nat/traversal.go:480.120,489.16 6 0
github.com/khryptorgraphics/spark/pkg/p2p/nat/traversal.go:489.16,491.3 1 0
github.com/khryptorgraphics/spark/pkg/p2p/nat/traversal.go:496.2,504.23 2 0
github.com/khryptorgraphics/spark/pkg/p2p/nat/traversal.go:508.110,511.16 2 0
github.com/khryptorgraphics/spark/pkg/p2p/nat/traversal.go:511.16,513.3 1 0
github.com/khryptorgraphics/spark/pkg/p2p/nat/traversal.go:516.2,516.44 1 0
github.com/khryptorgraphics/spark/pkg/p2p/nat/traversal.go:520.99,523.16 2 1
github.com/khryptorgraphics/spark/pkg/p2p/nat/traversal.go:523.16,525.3 1 0
github.com/khryptorgraphics/spark/pkg/p2p/nat/traversal.go:527.2,528.16 2 1
github.com/khryptorgraphics/spark/pkg/p2p/nat/traversal.go:528.16,530.3 1 0
github.com/khryptorgraphics/spark/pkg/p2p/nat/traversal.go:531.2,535.9 3 1
github.com/khryptorgraphics/spark/pkg/p2p/nat/traversal.go:535.9,537.3 1 0
github.com/khryptorgraphics/spark/pkg/p2p/nat/traversal.go:540.2,542.67 2 1
github.com/khryptorgraphics/spark/pkg/p2p/nat/traversal.go:542.67,543.10 1 1
github.com/khryptorgraphics/spark/pkg/p2p/nat/traversal.go:544.21,545.20 1 0
github.com/khryptorgraphics/spark/pkg/p2p/nat/traversal.go:546.11,546.11 0 1
github.com/khryptorgraphics/spark/pkg/p2p/nat/traversal.go:550.3,552.17 3 1
github.com/khryptorgraphics/spark/pkg/p2p/nat/traversal.go:552.17,554.4 1 0
github.com/khryptorgraphics/spark/pkg/p2p/nat/traversal.go:554.9,556.4 1 1
github.com/khryptorgraphics/spark/pkg/p2p/nat/traversal.go:559.3,559.44 1 1
github.com/khryptorgraphics/spark/pkg/p2p/nat/traversal.go:559.44,562.37 3 1
github.com/khryptorgraphics/spark/pkg/p2p/nat/traversal.go:562.37,564.5 1 0
github.com/khryptorgraphics/spark/pkg/p2p/nat/traversal.go:568.2,569.12 2 1
github.com/khryptorgraphics/spark/pkg/p2p/nat/traversal.go:573.94,576.16 2 0
github.com/khryptorgraphics/spark/pkg/p2p/nat/traversal.go:576.16,578.17 2 0
github.com/khryptorgraphics/spark/pkg/p2p/nat/traversal.go:578.17,580.4 1 0
github.com/khryptorgraphics/spark/pkg/p2p/nat/traversal.go:583.2,584.16 2 0
github.com/khryptorgraphics/spark/pkg/p2p/nat/traversal.go:584.16,586.17 2 0
github.com/khryptorgraphics/spark/pkg/p2p/nat/traversal.go:586.17,588.4 1 0
github.com/khryptorgraphics/spark/pkg/p2p/nat/traversal.go:591.2,594.8 1 0
github.com/khryptorgraphics/spark/pkg/p2p/nat/traversal.go:598.29,600.13 1 0
github.com/khryptorgraphics/spark/pkg/p2p/nat/traversal.go:600.13,602.3 1 0
github.com/khryptorgraphics/spark/pkg/p2p/nat/traversal.go:604.2,604.13 1 0
github.com/khryptorgraphics/spark/pkg/p2p/nat/traversal.go:608.59,610.2 1 0
github.com/khryptorgraphics/spark/pkg/p2p/nat/traversal.go:613.52,615.2 1 1
github.com/khryptorgraphics/spark/pkg/p2p/nat/traversal.go:618.63,620.2 1 1
github.com/khryptorgraphics/spark/pkg/p2p/nat/traversal.go:623.62,625.2 1 1
github.com/khryptorgraphics/spark/pkg/p2p/nat/traversal.go:628.54,630.2 1 1
github.com/khryptorgraphics/spark/pkg/p2p/nat/traversal.go:633.53,639.6 4 1
github.com/khryptorgraphics/spark/pkg/p2p/nat/traversal.go:639.6,640.10 1 1
github.com/khryptorgraphics/spark/pkg/p2p/nat/traversal.go:641.23,642.10 1 1
github.com/khryptorgraphics/spark/pkg/p2p/nat/traversal.go:643.19,644.25 1 1
github.com/khryptorgraphics/spark/pkg/p2p/nat/traversal.go:650.51,652.39 1 1
github.com/khryptorgraphics/spark/pkg/p2p/nat/traversal.go:652.39,653.62 1 1
github.com/khryptorgraphics/spark/pkg/p2p/nat/traversal.go:653.62,655.4 1 1
github.com/khryptorgraphics/spark/pkg/p2p/nat/traversal.go:659.2,659.39 1 1
github.com/khryptorgraphics/spark/pkg/p2p/nat/traversal.go:659.39,660.62 1 0
github.com/khryptorgraphics/spark/pkg/p2p/nat/traversal.go:660.62,662.4 1 0
github.com/khryptorgraphics/spark/pkg/p2p/nat/traversal.go:667.67,676.16 7 1
github.com/khryptorgraphics/spark/pkg/p2p/nat/traversal.go:676.16,680.3 3 0
github.com/khryptorgraphics/spark/pkg/p2p/nat/traversal.go:682.2,683.25 2 1
github.com/khryptorgraphics/spark/pkg/p2p/nat/traversal.go:687.67,696.16 7 0
github.com/khryptorgraphics/spark/pkg/p2p/nat/traversal.go:696.16,700.3 3 0
github.com/khryptorgraphics/spark/pkg/p2p/nat/traversal.go:702.2,703.25 2 0
github.com/khryptorgraphics/spark/pkg/p2p/nat/traversal.go:707.55,713.6 4 1
github.com/khryptorgraphics/spark/pkg/p2p/nat/traversal.go:713.6,714.10 1 1
github.com/khryptorgraphics/spark/pkg/p2p/nat/traversal.go:715.23,716.10 1 1
github.com/khryptorgraphics/spark/pkg/p2p/nat/traversal.go:717.19,718.29 1 0
github.com/khryptorgraphics/spark/pkg/p2p/nat/traversal.go:724.55,728.44 3 1
github.com/khryptorgraphics/spark/pkg/p2p/nat/traversal.go:728.44,729.71 1 1
github.com/khryptorgraphics/spark/pkg/p2p/nat/traversal.go:729.71,733.4 3 1
github.com/khryptorgraphics/spark/pkg/p2p/nat/traversal.go:738.45,743.42 3 1
github.com/khryptorgraphics/spark/pkg/p2p/nat/traversal.go:743.42,745.3 1 0
github.com/khryptorgraphics/spark/pkg/p2p/nat/traversal.go:746.2,752.12 4 1
