mode: set
github.com/khryptorgraphics/ollamamax/ollama-distributed/pkg/distributed/alignment_compressor.go:71.68,79.2 1 0
github.com/khryptorgraphics/ollamamax/ollama-distributed/pkg/distributed/alignment_compressor.go:87.24,88.19 1 0
github.com/khryptorgraphics/ollamamax/ollama-distributed/pkg/distributed/alignment_compressor.go:88.19,90.3 1 0
github.com/khryptorgraphics/ollamamax/ollama-distributed/pkg/distributed/alignment_compressor.go:92.2,105.11 3 0
github.com/khryptorgraphics/ollamamax/ollama-distributed/pkg/distributed/alignment_compressor.go:109.109,110.34 1 0
github.com/khryptorgraphics/ollamamax/ollama-distributed/pkg/distributed/alignment_compressor.go:110.34,113.3 1 0
github.com/khryptorgraphics/ollamamax/ollama-distributed/pkg/distributed/alignment_compressor.go:115.2,119.21 3 0
github.com/khryptorgraphics/ollamamax/ollama-distributed/pkg/distributed/alignment_compressor.go:119.21,121.3 1 0
github.com/khryptorgraphics/ollamamax/ollama-distributed/pkg/distributed/alignment_compressor.go:124.2,125.16 2 0
github.com/khryptorgraphics/ollamamax/ollama-distributed/pkg/distributed/alignment_compressor.go:125.16,127.3 1 0
github.com/khryptorgraphics/ollamamax/ollama-distributed/pkg/distributed/alignment_compressor.go:130.2,131.16 2 0
github.com/khryptorgraphics/ollamamax/ollama-distributed/pkg/distributed/alignment_compressor.go:131.16,133.3 1 0
github.com/khryptorgraphics/ollamamax/ollama-distributed/pkg/distributed/alignment_compressor.go:136.2,137.16 2 0
github.com/khryptorgraphics/ollamamax/ollama-distributed/pkg/distributed/alignment_compressor.go:137.16,139.3 1 0
github.com/khryptorgraphics/ollamamax/ollama-distributed/pkg/distributed/alignment_compressor.go:142.2,148.24 4 0
github.com/khryptorgraphics/ollamamax/ollama-distributed/pkg/distributed/alignment_compressor.go:152.110,153.34 1 0
github.com/khryptorgraphics/ollamamax/ollama-distributed/pkg/distributed/alignment_compressor.go:153.34,156.3 1 0
github.com/khryptorgraphics/ollamamax/ollama-distributed/pkg/distributed/alignment_compressor.go:159.2,160.16 2 0
github.com/khryptorgraphics/ollamamax/ollama-distributed/pkg/distributed/alignment_compressor.go:160.16,162.3 1 0
github.com/khryptorgraphics/ollamamax/ollama-distributed/pkg/distributed/alignment_compressor.go:165.2,170.26 5 0
github.com/khryptorgraphics/ollamamax/ollama-distributed/pkg/distributed/alignment_compressor.go:174.105,175.34 1 0
github.com/khryptorgraphics/ollamamax/ollama-distributed/pkg/distributed/alignment_compressor.go:175.34,177.3 1 0
github.com/khryptorgraphics/ollamamax/ollama-distributed/pkg/distributed/alignment_compressor.go:180.2,181.21 2 0
github.com/khryptorgraphics/ollamamax/ollama-distributed/pkg/distributed/alignment_compressor.go:181.21,183.3 1 0
github.com/khryptorgraphics/ollamamax/ollama-distributed/pkg/distributed/alignment_compressor.go:186.2,187.16 2 0
github.com/khryptorgraphics/ollamamax/ollama-distributed/pkg/distributed/alignment_compressor.go:187.16,189.3 1 0
github.com/khryptorgraphics/ollamamax/ollama-distributed/pkg/distributed/alignment_compressor.go:192.2,193.16 2 0
github.com/khryptorgraphics/ollamamax/ollama-distributed/pkg/distributed/alignment_compressor.go:193.16,195.3 1 0
github.com/khryptorgraphics/ollamamax/ollama-distributed/pkg/distributed/alignment_compressor.go:198.2,199.16 2 0
github.com/khryptorgraphics/ollamamax/ollama-distributed/pkg/distributed/alignment_compressor.go:199.16,201.3 1 0
github.com/khryptorgraphics/ollamamax/ollama-distributed/pkg/distributed/alignment_compressor.go:203.2,203.24 1 0
github.com/khryptorgraphics/ollamamax/ollama-distributed/pkg/distributed/alignment_compressor.go:207.110,212.13 4 0
github.com/khryptorgraphics/ollamamax/ollama-distributed/pkg/distributed/alignment_compressor.go:212.13,217.3 2 0
github.com/khryptorgraphics/ollamamax/ollama-distributed/pkg/distributed/alignment_compressor.go:219.2,225.26 7 0
github.com/khryptorgraphics/ollamamax/ollama-distributed/pkg/distributed/alignment_compressor.go:229.114,244.22 8 0
github.com/khryptorgraphics/ollamamax/ollama-distributed/pkg/distributed/alignment_compressor.go:244.22,247.3 2 0
github.com/khryptorgraphics/ollamamax/ollama-distributed/pkg/distributed/alignment_compressor.go:251.71,255.2 2 0
github.com/khryptorgraphics/ollamamax/ollama-distributed/pkg/distributed/alignment_compressor.go:258.70,262.2 2 0
github.com/khryptorgraphics/ollamamax/ollama-distributed/pkg/distributed/alignment_compressor.go:265.63,278.2 3 0
github.com/khryptorgraphics/ollamamax/ollama-distributed/pkg/distributed/alignment_compressor.go:281.39,284.2 2 0
github.com/khryptorgraphics/ollamamax/ollama-distributed/pkg/distributed/block_sync.go:68.101,78.2 2 1
github.com/khryptorgraphics/ollamamax/ollama-distributed/pkg/distributed/block_sync.go:81.55,86.56 3 0
github.com/khryptorgraphics/ollamamax/ollama-distributed/pkg/distributed/block_sync.go:86.56,92.80 4 0
github.com/khryptorgraphics/ollamamax/ollama-distributed/pkg/distributed/block_sync.go:92.80,94.4 1 0
github.com/khryptorgraphics/ollamamax/ollama-distributed/pkg/distributed/block_sync.go:97.3,115.53 4 0
github.com/khryptorgraphics/ollamamax/ollama-distributed/pkg/distributed/block_sync.go:115.53,117.4 1 0
github.com/khryptorgraphics/ollamamax/ollama-distributed/pkg/distributed/block_sync.go:118.3,118.71 1 0
github.com/khryptorgraphics/ollamamax/ollama-distributed/pkg/distributed/block_sync.go:121.2,121.12 1 0
github.com/khryptorgraphics/ollamamax/ollama-distributed/pkg/distributed/block_sync.go:125.69,126.64 1 0
github.com/khryptorgraphics/ollamamax/ollama-distributed/pkg/distributed/block_sync.go:126.64,127.76 1 0
github.com/khryptorgraphics/ollamamax/ollama-distributed/pkg/distributed/block_sync.go:127.76,129.4 1 0
github.com/khryptorgraphics/ollamamax/ollama-distributed/pkg/distributed/block_sync.go:131.2,131.11 1 0
github.com/khryptorgraphics/ollamamax/ollama-distributed/pkg/distributed/block_sync.go:135.93,140.13 4 0
github.com/khryptorgraphics/ollamamax/ollama-distributed/pkg/distributed/block_sync.go:140.13,142.3 1 0
github.com/khryptorgraphics/ollamamax/ollama-distributed/pkg/distributed/block_sync.go:144.2,157.12 9 0
github.com/khryptorgraphics/ollamamax/ollama-distributed/pkg/distributed/block_sync.go:161.78,166.13 4 0
github.com/khryptorgraphics/ollamamax/ollama-distributed/pkg/distributed/block_sync.go:166.13,168.3 1 0
github.com/khryptorgraphics/ollamamax/ollama-distributed/pkg/distributed/block_sync.go:170.2,170.24 1 0
github.com/khryptorgraphics/ollamamax/ollama-distributed/pkg/distributed/block_sync.go:174.75,179.13 4 0
github.com/khryptorgraphics/ollamamax/ollama-distributed/pkg/distributed/block_sync.go:179.13,181.3 1 0
github.com/khryptorgraphics/ollamamax/ollama-distributed/pkg/distributed/block_sync.go:183.2,183.20 1 0
github.com/khryptorgraphics/ollamamax/ollama-distributed/pkg/distributed/block_sync.go:186.24,187.11 1 0
github.com/khryptorgraphics/ollamamax/ollama-distributed/pkg/distributed/block_sync.go:187.11,189.3 1 0
github.com/khryptorgraphics/ollamamax/ollama-distributed/pkg/distributed/block_sync.go:190.2,190.10 1 0
github.com/khryptorgraphics/ollamamax/ollama-distributed/pkg/distributed/chunked_communication.go:87.52,96.2 1 0
github.com/khryptorgraphics/ollamamax/ollama-distributed/pkg/distributed/chunked_communication.go:99.77,100.19 1 0
github.com/khryptorgraphics/ollamamax/ollama-distributed/pkg/distributed/chunked_communication.go:100.19,102.3 1 0
github.com/khryptorgraphics/ollamamax/ollama-distributed/pkg/distributed/chunked_communication.go:104.2,109.3 1 0
github.com/khryptorgraphics/ollamamax/ollama-distributed/pkg/distributed/chunked_communication.go:118.35,145.2 9 0
github.com/khryptorgraphics/ollamamax/ollama-distributed/pkg/distributed/chunked_communication.go:153.3,161.44 5 0
github.com/khryptorgraphics/ollamamax/ollama-distributed/pkg/distributed/chunked_communication.go:161.44,162.10 1 0
github.com/khryptorgraphics/ollamamax/ollama-distributed/pkg/distributed/chunked_communication.go:163.21,169.10 2 0
github.com/khryptorgraphics/ollamamax/ollama-distributed/pkg/distributed/chunked_communication.go:170.11,170.11 0 0
github.com/khryptorgraphics/ollamamax/ollama-distributed/pkg/distributed/chunked_communication.go:174.3,180.17 5 0
github.com/khryptorgraphics/ollamamax/ollama-distributed/pkg/distributed/chunked_communication.go:180.17,187.4 2 0
github.com/khryptorgraphics/ollamamax/ollama-distributed/pkg/distributed/chunked_communication.go:189.3,192.23 4 0
github.com/khryptorgraphics/ollamamax/ollama-distributed/pkg/distributed/chunked_communication.go:196.2,208.3 6 0
github.com/khryptorgraphics/ollamamax/ollama-distributed/pkg/distributed/chunked_communication.go:212.117,215.33 1 0
github.com/khryptorgraphics/ollamamax/ollama-distributed/pkg/distributed/chunked_communication.go:215.33,218.3 1 0
github.com/khryptorgraphics/ollamamax/ollama-distributed/pkg/distributed/chunked_communication.go:221.2,223.12 2 0
github.com/khryptorgraphics/ollamamax/ollama-distributed/pkg/distributed/chunked_communication.go:231.19,235.2 1 0
github.com/khryptorgraphics/ollamamax/ollama-distributed/pkg/distributed/chunked_communication.go:238.95,243.13 4 0
github.com/khryptorgraphics/ollamamax/ollama-distributed/pkg/distributed/chunked_communication.go:243.13,245.3 1 0
github.com/khryptorgraphics/ollamamax/ollama-distributed/pkg/distributed/chunked_communication.go:247.2,247.22 1 0
github.com/khryptorgraphics/ollamamax/ollama-distributed/pkg/distributed/chunked_communication.go:251.111,256.13 4 0
github.com/khryptorgraphics/ollamamax/ollama-distributed/pkg/distributed/chunked_communication.go:256.13,258.3 1 0
github.com/khryptorgraphics/ollamamax/ollama-distributed/pkg/distributed/chunked_communication.go:258.8,260.3 1 0
github.com/khryptorgraphics/ollamamax/ollama-distributed/pkg/distributed/chunked_communication.go:262.2,275.3 6 0
github.com/khryptorgraphics/ollamamax/ollama-distributed/pkg/distributed/chunked_communication.go:279.65,291.2 3 0
github.com/khryptorgraphics/ollamamax/ollama-distributed/pkg/distributed/compression_model.go:47.62,56.2 1 1
github.com/khryptorgraphics/ollamamax/ollama-distributed/pkg/distributed/compression_model.go:59.108,60.19 1 1
github.com/khryptorgraphics/ollamamax/ollama-distributed/pkg/distributed/compression_model.go:60.19,62.3 1 0
github.com/khryptorgraphics/ollamamax/ollama-distributed/pkg/distributed/compression_model.go:64.2,70.3 1 1
github.com/khryptorgraphics/ollamamax/ollama-distributed/pkg/distributed/compression_model.go:74.70,79.13 4 1
github.com/khryptorgraphics/ollamamax/ollama-distributed/pkg/distributed/compression_model.go:79.13,81.3 1 1
github.com/khryptorgraphics/ollamamax/ollama-distributed/pkg/distributed/compression_model.go:83.2,83.13 1 1
github.com/khryptorgraphics/ollamamax/ollama-distributed/pkg/distributed/compression_model.go:87.92,92.13 4 1
github.com/khryptorgraphics/ollamamax/ollama-distributed/pkg/distributed/compression_model.go:92.13,94.3 1 1
github.com/khryptorgraphics/ollamamax/ollama-distributed/pkg/distributed/compression_model.go:99.2,101.19 2 1
github.com/khryptorgraphics/ollamamax/ollama-distributed/pkg/distributed/compression_model.go:101.19,104.3 1 1
github.com/khryptorgraphics/ollamamax/ollama-distributed/pkg/distributed/compression_model.go:104.8,104.26 1 1
github.com/khryptorgraphics/ollamamax/ollama-distributed/pkg/distributed/compression_model.go:104.26,107.3 1 1
github.com/khryptorgraphics/ollamamax/ollama-distributed/pkg/distributed/compression_model.go:110.2,110.33 1 1
github.com/khryptorgraphics/ollamamax/ollama-distributed/pkg/distributed/compression_model.go:110.33,112.3 1 0
github.com/khryptorgraphics/ollamamax/ollama-distributed/pkg/distributed/compression_model.go:113.2,113.33 1 1
github.com/khryptorgraphics/ollamamax/ollama-distributed/pkg/distributed/compression_model.go:113.33,115.3 1 0
github.com/khryptorgraphics/ollamamax/ollama-distributed/pkg/distributed/compression_model.go:118.2,121.28 2 1
github.com/khryptorgraphics/ollamamax/ollama-distributed/pkg/distributed/compression_model.go:121.28,125.3 3 1
github.com/khryptorgraphics/ollamamax/ollama-distributed/pkg/distributed/compression_model.go:127.2,127.12 1 1
github.com/khryptorgraphics/ollamamax/ollama-distributed/pkg/distributed/compression_model.go:131.92,137.17 2 1
github.com/khryptorgraphics/ollamamax/ollama-distributed/pkg/distributed/compression_model.go:137.17,139.3 1 0
github.com/khryptorgraphics/ollamamax/ollama-distributed/pkg/distributed/compression_model.go:140.2,140.17 1 1
github.com/khryptorgraphics/ollamamax/ollama-distributed/pkg/distributed/compression_model.go:140.17,142.3 1 0
github.com/khryptorgraphics/ollamamax/ollama-distributed/pkg/distributed/compression_model.go:144.2,144.14 1 1
github.com/khryptorgraphics/ollamamax/ollama-distributed/pkg/distributed/compression_model.go:148.92,162.2 7 1
github.com/khryptorgraphics/ollamamax/ollama-distributed/pkg/distributed/compression_model.go:165.81,174.25 3 1
github.com/khryptorgraphics/ollamamax/ollama-distributed/pkg/distributed/compression_model.go:174.25,175.14 1 1
github.com/khryptorgraphics/ollamamax/ollama-distributed/pkg/distributed/compression_model.go:175.14,177.4 1 0
github.com/khryptorgraphics/ollamamax/ollama-distributed/pkg/distributed/compression_model.go:178.3,178.14 1 1
github.com/khryptorgraphics/ollamamax/ollama-distributed/pkg/distributed/compression_model.go:178.14,180.4 1 1
github.com/khryptorgraphics/ollamamax/ollama-distributed/pkg/distributed/compression_model.go:184.2,185.25 2 1
github.com/khryptorgraphics/ollamamax/ollama-distributed/pkg/distributed/compression_model.go:185.25,188.3 2 1
github.com/khryptorgraphics/ollamamax/ollama-distributed/pkg/distributed/compression_model.go:190.2,190.18 1 1
github.com/khryptorgraphics/ollamamax/ollama-distributed/pkg/distributed/compression_model.go:194.100,201.2 3 0
github.com/khryptorgraphics/ollamamax/ollama-distributed/pkg/distributed/compression_model.go:204.89,210.31 3 0
github.com/khryptorgraphics/ollamamax/ollama-distributed/pkg/distributed/compression_model.go:210.31,212.3 1 0
github.com/khryptorgraphics/ollamamax/ollama-distributed/pkg/distributed/compression_model.go:214.2,214.21 1 0
github.com/khryptorgraphics/ollamamax/ollama-distributed/pkg/distributed/compression_model.go:218.105,223.26 3 0
github.com/khryptorgraphics/ollamamax/ollama-distributed/pkg/distributed/compression_model.go:223.26,227.35 3 0
github.com/khryptorgraphics/ollamamax/ollama-distributed/pkg/distributed/compression_model.go:227.35,229.4 1 0
github.com/khryptorgraphics/ollamamax/ollama-distributed/pkg/distributed/compression_model.go:229.9,231.4 1 0
github.com/khryptorgraphics/ollamamax/ollama-distributed/pkg/distributed/compression_model.go:234.2,241.25 5 0
github.com/khryptorgraphics/ollamamax/ollama-distributed/pkg/distributed/compression_model.go:245.95,255.2 6 1
github.com/khryptorgraphics/ollamamax/ollama-distributed/pkg/distributed/compression_model.go:258.62,268.2 3 0
github.com/khryptorgraphics/ollamamax/ollama-distributed/pkg/distributed/compression_model.go:271.75,276.13 4 0
github.com/khryptorgraphics/ollamamax/ollama-distributed/pkg/distributed/compression_model.go:276.13,278.3 1 0
github.com/khryptorgraphics/ollamamax/ollama-distributed/pkg/distributed/compression_model.go:280.2,280.14 1 0
github.com/khryptorgraphics/ollamamax/ollama-distributed/pkg/distributed/dynamic_partition.go:84.23,112.2 5 0
github.com/khryptorgraphics/ollamamax/ollama-distributed/pkg/distributed/dynamic_partition.go:115.112,120.13 4 0
github.com/khryptorgraphics/ollamamax/ollama-distributed/pkg/distributed/dynamic_partition.go:120.13,127.3 2 0
github.com/khryptorgraphics/ollamamax/ollama-distributed/pkg/distributed/dynamic_partition.go:130.2,136.36 5 0
github.com/khryptorgraphics/ollamamax/ollama-distributed/pkg/distributed/dynamic_partition.go:136.36,138.3 1 0
github.com/khryptorgraphics/ollamamax/ollama-distributed/pkg/distributed/dynamic_partition.go:140.2,141.39 2 0
github.com/khryptorgraphics/ollamamax/ollama-distributed/pkg/distributed/dynamic_partition.go:141.39,143.3 1 0
github.com/khryptorgraphics/ollamamax/ollama-distributed/pkg/distributed/dynamic_partition.go:146.2,146.62 1 0
github.com/khryptorgraphics/ollamamax/ollama-distributed/pkg/distributed/dynamic_partition.go:150.72,155.49 3 0
github.com/khryptorgraphics/ollamamax/ollama-distributed/pkg/distributed/dynamic_partition.go:155.49,157.3 1 0
github.com/khryptorgraphics/ollamamax/ollama-distributed/pkg/distributed/dynamic_partition.go:160.2,160.46 1 0
github.com/khryptorgraphics/ollamamax/ollama-distributed/pkg/distributed/dynamic_partition.go:160.46,162.3 1 0
github.com/khryptorgraphics/ollamamax/ollama-distributed/pkg/distributed/dynamic_partition.go:165.2,165.26 1 0
github.com/khryptorgraphics/ollamamax/ollama-distributed/pkg/distributed/dynamic_partition.go:165.26,167.3 1 0
github.com/khryptorgraphics/ollamamax/ollama-distributed/pkg/distributed/dynamic_partition.go:169.2,169.14 1 0
github.com/khryptorgraphics/ollamamax/ollama-distributed/pkg/distributed/dynamic_partition.go:173.96,179.18 4 0
github.com/khryptorgraphics/ollamamax/ollama-distributed/pkg/distributed/dynamic_partition.go:180.19,181.48 1 0
github.com/khryptorgraphics/ollamamax/ollama-distributed/pkg/distributed/dynamic_partition.go:182.17,183.53 1 0
github.com/khryptorgraphics/ollamamax/ollama-distributed/pkg/distributed/dynamic_partition.go:184.10,185.19 1 0
github.com/khryptorgraphics/ollamamax/ollama-distributed/pkg/distributed/dynamic_partition.go:189.2,189.56 1 0
github.com/khryptorgraphics/ollamamax/ollama-distributed/pkg/distributed/dynamic_partition.go:189.56,191.3 1 0
github.com/khryptorgraphics/ollamamax/ollama-distributed/pkg/distributed/dynamic_partition.go:193.2,194.57 2 0
github.com/khryptorgraphics/ollamamax/ollama-distributed/pkg/distributed/dynamic_partition.go:194.57,196.3 1 0
github.com/khryptorgraphics/ollamamax/ollama-distributed/pkg/distributed/dynamic_partition.go:198.2,198.19 1 0
github.com/khryptorgraphics/ollamamax/ollama-distributed/pkg/distributed/dynamic_partition.go:202.88,208.2 4 0
github.com/khryptorgraphics/ollamamax/ollama-distributed/pkg/distributed/dynamic_partition.go:210.87,212.32 2 0
github.com/khryptorgraphics/ollamamax/ollama-distributed/pkg/distributed/dynamic_partition.go:212.32,214.3 1 0
github.com/khryptorgraphics/ollamamax/ollama-distributed/pkg/distributed/dynamic_partition.go:217.2,218.23 2 0
github.com/khryptorgraphics/ollamamax/ollama-distributed/pkg/distributed/dynamic_partition.go:218.23,220.3 1 0
github.com/khryptorgraphics/ollamamax/ollama-distributed/pkg/distributed/dynamic_partition.go:221.2,221.19 1 0
github.com/khryptorgraphics/ollamamax/ollama-distributed/pkg/distributed/dynamic_partition.go:224.82,227.2 1 0
github.com/khryptorgraphics/ollamamax/ollama-distributed/pkg/distributed/dynamic_partition.go:229.81,232.2 1 0
github.com/khryptorgraphics/ollamamax/ollama-distributed/pkg/distributed/dynamic_partition.go:235.55,241.6 4 0
github.com/khryptorgraphics/ollamamax/ollama-distributed/pkg/distributed/dynamic_partition.go:241.6,242.10 1 0
github.com/khryptorgraphics/ollamamax/ollama-distributed/pkg/distributed/dynamic_partition.go:243.24,244.10 1 0
github.com/khryptorgraphics/ollamamax/ollama-distributed/pkg/distributed/dynamic_partition.go:245.19,246.28 1 0
github.com/khryptorgraphics/ollamamax/ollama-distributed/pkg/distributed/dynamic_partition.go:251.54,254.2 0 0
github.com/khryptorgraphics/ollamamax/ollama-distributed/pkg/distributed/dynamic_partition.go:257.38,260.2 2 0
github.com/khryptorgraphics/ollamamax/ollama-distributed/pkg/distributed/entropy_monitor.go:59.58,68.2 1 1
github.com/khryptorgraphics/ollamamax/ollama-distributed/pkg/distributed/entropy_monitor.go:71.70,72.19 1 1
github.com/khryptorgraphics/ollamamax/ollama-distributed/pkg/distributed/entropy_monitor.go:72.19,74.3 1 0
github.com/khryptorgraphics/ollamamax/ollama-distributed/pkg/distributed/entropy_monitor.go:76.2,81.3 1 1
github.com/khryptorgraphics/ollamamax/ollama-distributed/pkg/distributed/entropy_monitor.go:86.108,87.25 1 0
github.com/khryptorgraphics/ollamamax/ollama-distributed/pkg/distributed/entropy_monitor.go:87.25,89.3 1 0
github.com/khryptorgraphics/ollamamax/ollama-distributed/pkg/distributed/entropy_monitor.go:91.2,98.13 5 0
github.com/khryptorgraphics/ollamamax/ollama-distributed/pkg/distributed/entropy_monitor.go:98.13,105.3 2 0
github.com/khryptorgraphics/ollamamax/ollama-distributed/pkg/distributed/entropy_monitor.go:107.2,110.21 3 0
github.com/khryptorgraphics/ollamamax/ollama-distributed/pkg/distributed/entropy_monitor.go:114.112,115.27 1 0
github.com/khryptorgraphics/ollamamax/ollama-distributed/pkg/distributed/entropy_monitor.go:115.27,117.3 1 0
github.com/khryptorgraphics/ollamamax/ollama-distributed/pkg/distributed/entropy_monitor.go:119.2,126.13 5 0
github.com/khryptorgraphics/ollamamax/ollama-distributed/pkg/distributed/entropy_monitor.go:126.13,133.3 2 0
github.com/khryptorgraphics/ollamamax/ollama-distributed/pkg/distributed/entropy_monitor.go:135.2,138.21 3 0
github.com/khryptorgraphics/ollamamax/ollama-distributed/pkg/distributed/entropy_monitor.go:142.70,145.27 2 0
github.com/khryptorgraphics/ollamamax/ollama-distributed/pkg/distributed/entropy_monitor.go:145.27,147.3 1 0
github.com/khryptorgraphics/ollamamax/ollama-distributed/pkg/distributed/entropy_monitor.go:149.2,149.14 1 0
github.com/khryptorgraphics/ollamamax/ollama-distributed/pkg/distributed/entropy_monitor.go:149.14,151.3 1 0
github.com/khryptorgraphics/ollamamax/ollama-distributed/pkg/distributed/entropy_monitor.go:154.2,155.27 2 0
github.com/khryptorgraphics/ollamamax/ollama-distributed/pkg/distributed/entropy_monitor.go:155.27,157.12 2 0
github.com/khryptorgraphics/ollamamax/ollama-distributed/pkg/distributed/entropy_monitor.go:157.12,159.4 1 0
github.com/khryptorgraphics/ollamamax/ollama-distributed/pkg/distributed/entropy_monitor.go:163.2,164.20 2 0
github.com/khryptorgraphics/ollamamax/ollama-distributed/pkg/distributed/entropy_monitor.go:164.20,166.3 1 0
github.com/khryptorgraphics/ollamamax/ollama-distributed/pkg/distributed/entropy_monitor.go:168.2,168.16 1 0
github.com/khryptorgraphics/ollamamax/ollama-distributed/pkg/distributed/entropy_monitor.go:172.83,177.56 3 0
github.com/khryptorgraphics/ollamamax/ollama-distributed/pkg/distributed/entropy_monitor.go:177.56,180.3 2 0
github.com/khryptorgraphics/ollamamax/ollama-distributed/pkg/distributed/entropy_monitor.go:182.2,187.63 4 0
github.com/khryptorgraphics/ollamamax/ollama-distributed/pkg/distributed/entropy_monitor.go:191.70,192.22 1 0
github.com/khryptorgraphics/ollamamax/ollama-distributed/pkg/distributed/entropy_monitor.go:192.22,194.3 1 0
github.com/khryptorgraphics/ollamamax/ollama-distributed/pkg/distributed/entropy_monitor.go:196.2,197.27 2 0
github.com/khryptorgraphics/ollamamax/ollama-distributed/pkg/distributed/entropy_monitor.go:197.27,199.3 1 0
github.com/khryptorgraphics/ollamamax/ollama-distributed/pkg/distributed/entropy_monitor.go:200.2,200.35 1 0
github.com/khryptorgraphics/ollamamax/ollama-distributed/pkg/distributed/entropy_monitor.go:204.83,205.22 1 0
github.com/khryptorgraphics/ollamamax/ollama-distributed/pkg/distributed/entropy_monitor.go:205.22,207.3 1 0
github.com/khryptorgraphics/ollamamax/ollama-distributed/pkg/distributed/entropy_monitor.go:209.2,210.27 2 0
github.com/khryptorgraphics/ollamamax/ollama-distributed/pkg/distributed/entropy_monitor.go:210.27,213.3 2 0
github.com/khryptorgraphics/ollamamax/ollama-distributed/pkg/distributed/entropy_monitor.go:214.2,216.28 2 0
github.com/khryptorgraphics/ollamamax/ollama-distributed/pkg/distributed/entropy_monitor.go:220.68,222.11 2 0
github.com/khryptorgraphics/ollamamax/ollama-distributed/pkg/distributed/entropy_monitor.go:222.11,224.3 1 0
github.com/khryptorgraphics/ollamamax/ollama-distributed/pkg/distributed/entropy_monitor.go:227.2,228.20 2 0
github.com/khryptorgraphics/ollamamax/ollama-distributed/pkg/distributed/entropy_monitor.go:228.20,230.3 1 0
github.com/khryptorgraphics/ollamamax/ollama-distributed/pkg/distributed/entropy_monitor.go:232.2,236.33 3 0
github.com/khryptorgraphics/ollamamax/ollama-distributed/pkg/distributed/entropy_monitor.go:236.33,242.3 5 0
github.com/khryptorgraphics/ollamamax/ollama-distributed/pkg/distributed/entropy_monitor.go:244.2,247.14 3 0
github.com/khryptorgraphics/ollamamax/ollama-distributed/pkg/distributed/entropy_monitor.go:251.82,256.16 4 0
github.com/khryptorgraphics/ollamamax/ollama-distributed/pkg/distributed/entropy_monitor.go:256.16,258.3 1 0
github.com/khryptorgraphics/ollamamax/ollama-distributed/pkg/distributed/entropy_monitor.go:258.8,260.3 1 0
github.com/khryptorgraphics/ollamamax/ollama-distributed/pkg/distributed/entropy_monitor.go:262.2,262.20 1 0
github.com/khryptorgraphics/ollamamax/ollama-distributed/pkg/distributed/entropy_monitor.go:262.20,264.3 1 0
github.com/khryptorgraphics/ollamamax/ollama-distributed/pkg/distributed/entropy_monitor.go:267.2,267.58 1 0
github.com/khryptorgraphics/ollamamax/ollama-distributed/pkg/distributed/entropy_monitor.go:267.58,269.3 1 0
github.com/khryptorgraphics/ollamamax/ollama-distributed/pkg/distributed/entropy_monitor.go:271.2,271.61 1 0
github.com/khryptorgraphics/ollamamax/ollama-distributed/pkg/distributed/entropy_monitor.go:275.58,281.43 4 0
github.com/khryptorgraphics/ollamamax/ollama-distributed/pkg/distributed/entropy_monitor.go:281.43,283.3 1 0
github.com/khryptorgraphics/ollamamax/ollama-distributed/pkg/distributed/entropy_monitor.go:283.8,285.3 1 0
github.com/khryptorgraphics/ollamamax/ollama-distributed/pkg/distributed/entropy_monitor.go:288.2,289.81 2 0
github.com/khryptorgraphics/ollamamax/ollama-distributed/pkg/distributed/entropy_monitor.go:293.56,304.2 3 0
github.com/khryptorgraphics/ollamamax/ollama-distributed/pkg/distributed/fused_payload.go:81.54,88.2 1 0
github.com/khryptorgraphics/ollamamax/ollama-distributed/pkg/distributed/fused_payload.go:91.78,92.19 1 0
github.com/khryptorgraphics/ollamamax/ollama-distributed/pkg/distributed/fused_payload.go:92.19,94.3 1 0
github.com/khryptorgraphics/ollamamax/ollama-distributed/pkg/distributed/fused_payload.go:96.2,99.3 1 0
github.com/khryptorgraphics/ollamamax/ollama-distributed/pkg/distributed/fused_payload.go:107.26,108.51 1 0
github.com/khryptorgraphics/ollamamax/ollama-distributed/pkg/distributed/fused_payload.go:108.51,110.3 1 0
github.com/khryptorgraphics/ollamamax/ollama-distributed/pkg/distributed/fused_payload.go:112.2,122.56 2 0
github.com/khryptorgraphics/ollamamax/ollama-distributed/pkg/distributed/fused_payload.go:122.56,124.48 2 0
github.com/khryptorgraphics/ollamamax/ollama-distributed/pkg/distributed/fused_payload.go:124.48,127.4 2 0
github.com/khryptorgraphics/ollamamax/ollama-distributed/pkg/distributed/fused_payload.go:131.2,131.52 1 0
github.com/khryptorgraphics/ollamamax/ollama-distributed/pkg/distributed/fused_payload.go:131.52,133.3 1 0
github.com/khryptorgraphics/ollamamax/ollama-distributed/pkg/distributed/fused_payload.go:136.2,138.21 2 0
github.com/khryptorgraphics/ollamamax/ollama-distributed/pkg/distributed/fused_payload.go:142.82,182.2 21 0
github.com/khryptorgraphics/ollamamax/ollama-distributed/pkg/distributed/fused_payload.go:185.81,186.20 1 0
github.com/khryptorgraphics/ollamamax/ollama-distributed/pkg/distributed/fused_payload.go:186.20,188.3 1 0
github.com/khryptorgraphics/ollamamax/ollama-distributed/pkg/distributed/fused_payload.go:190.2,225.31 19 0
github.com/khryptorgraphics/ollamamax/ollama-distributed/pkg/distributed/fused_payload.go:225.31,227.50 2 0
github.com/khryptorgraphics/ollamamax/ollama-distributed/pkg/distributed/fused_payload.go:227.50,229.4 1 0
github.com/khryptorgraphics/ollamamax/ollama-distributed/pkg/distributed/fused_payload.go:232.2,232.21 1 0
github.com/khryptorgraphics/ollamamax/ollama-distributed/pkg/distributed/fused_payload.go:236.75,238.24 2 0
github.com/khryptorgraphics/ollamamax/ollama-distributed/pkg/distributed/fused_payload.go:238.24,240.3 1 0
github.com/khryptorgraphics/ollamamax/ollama-distributed/pkg/distributed/fused_payload.go:241.2,241.23 1 0
github.com/khryptorgraphics/ollamamax/ollama-distributed/pkg/distributed/fused_payload.go:241.23,243.3 1 0
github.com/khryptorgraphics/ollamamax/ollama-distributed/pkg/distributed/fused_payload.go:244.2,244.23 1 0
github.com/khryptorgraphics/ollamamax/ollama-distributed/pkg/distributed/fused_payload.go:244.23,246.3 1 0
github.com/khryptorgraphics/ollamamax/ollama-distributed/pkg/distributed/fused_payload.go:247.2,247.22 1 0
github.com/khryptorgraphics/ollamamax/ollama-distributed/pkg/distributed/fused_payload.go:247.22,249.3 1 0
github.com/khryptorgraphics/ollamamax/ollama-distributed/pkg/distributed/fused_payload.go:250.2,250.23 1 0
github.com/khryptorgraphics/ollamamax/ollama-distributed/pkg/distributed/fused_payload.go:250.23,252.3 1 0
github.com/khryptorgraphics/ollamamax/ollama-distributed/pkg/distributed/fused_payload.go:253.2,253.23 1 0
github.com/khryptorgraphics/ollamamax/ollama-distributed/pkg/distributed/fused_payload.go:253.23,255.3 1 0
github.com/khryptorgraphics/ollamamax/ollama-distributed/pkg/distributed/fused_payload.go:257.2,259.12 3 0
github.com/khryptorgraphics/ollamamax/ollama-distributed/pkg/distributed/fused_payload.go:263.76,273.2 2 0
github.com/khryptorgraphics/ollamamax/ollama-distributed/pkg/distributed/fused_payload.go:276.75,279.2 1 0
github.com/khryptorgraphics/ollamamax/ollama-distributed/pkg/distributed/fused_payload.go:282.68,285.2 1 0
github.com/khryptorgraphics/ollamamax/ollama-distributed/pkg/distributed/fused_payload.go:288.88,305.68 10 0
github.com/khryptorgraphics/ollamamax/ollama-distributed/pkg/distributed/fused_payload.go:305.68,308.3 2 0
github.com/khryptorgraphics/ollamamax/ollama-distributed/pkg/distributed/fused_payload.go:312.67,324.2 3 0
github.com/khryptorgraphics/ollamamax/ollama-distributed/pkg/distributed/momentum_alignment.go:65.64,73.2 1 0
github.com/khryptorgraphics/ollamamax/ollama-distributed/pkg/distributed/momentum_alignment.go:76.75,77.19 1 0
github.com/khryptorgraphics/ollamamax/ollama-distributed/pkg/distributed/momentum_alignment.go:77.19,79.3 1 0
github.com/khryptorgraphics/ollamamax/ollama-distributed/pkg/distributed/momentum_alignment.go:81.2,92.11 3 0
github.com/khryptorgraphics/ollamamax/ollama-distributed/pkg/distributed/momentum_alignment.go:96.78,110.2 4 0
github.com/khryptorgraphics/ollamamax/ollama-distributed/pkg/distributed/momentum_alignment.go:113.95,118.13 4 0
github.com/khryptorgraphics/ollamamax/ollama-distributed/pkg/distributed/momentum_alignment.go:118.13,120.3 1 0
github.com/khryptorgraphics/ollamamax/ollama-distributed/pkg/distributed/momentum_alignment.go:123.2,132.28 4 0
github.com/khryptorgraphics/ollamamax/ollama-distributed/pkg/distributed/momentum_alignment.go:132.28,137.68 3 0
github.com/khryptorgraphics/ollamamax/ollama-distributed/pkg/distributed/momentum_alignment.go:137.68,139.4 1 0
github.com/khryptorgraphics/ollamamax/ollama-distributed/pkg/distributed/momentum_alignment.go:142.2,142.12 1 0
github.com/khryptorgraphics/ollamamax/ollama-distributed/pkg/distributed/momentum_alignment.go:147.71,155.42 5 0
github.com/khryptorgraphics/ollamamax/ollama-distributed/pkg/distributed/momentum_alignment.go:155.42,156.43 1 0
github.com/khryptorgraphics/ollamamax/ollama-distributed/pkg/distributed/momentum_alignment.go:156.43,158.4 1 0
github.com/khryptorgraphics/ollamamax/ollama-distributed/pkg/distributed/momentum_alignment.go:161.2,161.31 1 0
github.com/khryptorgraphics/ollamamax/ollama-distributed/pkg/distributed/momentum_alignment.go:161.31,163.3 1 0
github.com/khryptorgraphics/ollamamax/ollama-distributed/pkg/distributed/momentum_alignment.go:166.2,172.42 3 0
github.com/khryptorgraphics/ollamamax/ollama-distributed/pkg/distributed/momentum_alignment.go:172.42,173.19 1 0
github.com/khryptorgraphics/ollamamax/ollama-distributed/pkg/distributed/momentum_alignment.go:173.19,175.4 1 0
github.com/khryptorgraphics/ollamamax/ollama-distributed/pkg/distributed/momentum_alignment.go:178.2,180.29 2 0
github.com/khryptorgraphics/ollamamax/ollama-distributed/pkg/distributed/momentum_alignment.go:184.77,187.47 2 0
github.com/khryptorgraphics/ollamamax/ollama-distributed/pkg/distributed/momentum_alignment.go:187.47,188.20 1 0
github.com/khryptorgraphics/ollamamax/ollama-distributed/pkg/distributed/momentum_alignment.go:188.20,190.84 1 0
github.com/khryptorgraphics/ollamamax/ollama-distributed/pkg/distributed/momentum_alignment.go:190.84,193.5 1 0
github.com/khryptorgraphics/ollamamax/ollama-distributed/pkg/distributed/momentum_alignment.go:197.2,197.19 1 0
github.com/khryptorgraphics/ollamamax/ollama-distributed/pkg/distributed/momentum_alignment.go:206.13,207.23 1 0
github.com/khryptorgraphics/ollamamax/ollama-distributed/pkg/distributed/momentum_alignment.go:207.23,209.3 1 0
github.com/khryptorgraphics/ollamamax/ollama-distributed/pkg/distributed/momentum_alignment.go:212.2,217.35 4 0
github.com/khryptorgraphics/ollamamax/ollama-distributed/pkg/distributed/momentum_alignment.go:217.35,218.58 1 0
github.com/khryptorgraphics/ollamamax/ollama-distributed/pkg/distributed/momentum_alignment.go:218.58,220.4 1 0
github.com/khryptorgraphics/ollamamax/ollama-distributed/pkg/distributed/momentum_alignment.go:221.3,221.21 1 0
github.com/khryptorgraphics/ollamamax/ollama-distributed/pkg/distributed/momentum_alignment.go:225.2,225.38 1 0
github.com/khryptorgraphics/ollamamax/ollama-distributed/pkg/distributed/momentum_alignment.go:225.38,229.63 2 0
github.com/khryptorgraphics/ollamamax/ollama-distributed/pkg/distributed/momentum_alignment.go:229.63,231.4 1 0
github.com/khryptorgraphics/ollamamax/ollama-distributed/pkg/distributed/momentum_alignment.go:232.3,234.10 2 0
github.com/khryptorgraphics/ollamamax/ollama-distributed/pkg/distributed/momentum_alignment.go:238.2,238.21 1 0
github.com/khryptorgraphics/ollamamax/ollama-distributed/pkg/distributed/momentum_alignment.go:238.21,239.25 1 0
github.com/khryptorgraphics/ollamamax/ollama-distributed/pkg/distributed/momentum_alignment.go:239.25,241.4 1 0
github.com/khryptorgraphics/ollamamax/ollama-distributed/pkg/distributed/momentum_alignment.go:244.2,244.15 1 0
github.com/khryptorgraphics/ollamamax/ollama-distributed/pkg/distributed/momentum_alignment.go:248.59,253.42 3 0
github.com/khryptorgraphics/ollamamax/ollama-distributed/pkg/distributed/momentum_alignment.go:253.42,254.19 1 0
github.com/khryptorgraphics/ollamamax/ollama-distributed/pkg/distributed/momentum_alignment.go:254.19,256.4 1 0
github.com/khryptorgraphics/ollamamax/ollama-distributed/pkg/distributed/momentum_alignment.go:259.2,259.12 1 0
github.com/khryptorgraphics/ollamamax/ollama-distributed/pkg/distributed/momentum_alignment.go:263.35,266.2 2 0
github.com/khryptorgraphics/ollamamax/ollama-distributed/pkg/distributed/nvrar_allreduce.go:63.40,71.2 1 1
github.com/khryptorgraphics/ollamamax/ollama-distributed/pkg/distributed/nvrar_allreduce.go:74.88,75.19 1 1
github.com/khryptorgraphics/ollamamax/ollama-distributed/pkg/distributed/nvrar_allreduce.go:75.19,77.3 1 0
github.com/khryptorgraphics/ollamamax/ollama-distributed/pkg/distributed/nvrar_allreduce.go:79.2,86.3 1 1
github.com/khryptorgraphics/ollamamax/ollama-distributed/pkg/distributed/nvrar_allreduce.go:90.57,99.43 6 1
github.com/khryptorgraphics/ollamamax/ollama-distributed/pkg/distributed/nvrar_allreduce.go:99.43,100.30 1 1
github.com/khryptorgraphics/ollamamax/ollama-distributed/pkg/distributed/nvrar_allreduce.go:100.30,101.12 1 0
github.com/khryptorgraphics/ollamamax/ollama-distributed/pkg/distributed/nvrar_allreduce.go:105.3,114.38 3 1
github.com/khryptorgraphics/ollamamax/ollama-distributed/pkg/distributed/nvrar_allreduce.go:114.38,118.4 3 1
github.com/khryptorgraphics/ollamamax/ollama-distributed/pkg/distributed/nvrar_allreduce.go:120.3,120.36 1 1
github.com/khryptorgraphics/ollamamax/ollama-distributed/pkg/distributed/nvrar_allreduce.go:123.2,123.12 1 1
github.com/khryptorgraphics/ollamamax/ollama-distributed/pkg/distributed/nvrar_allreduce.go:127.101,131.57 2 0
github.com/khryptorgraphics/ollamamax/ollama-distributed/pkg/distributed/nvrar_allreduce.go:131.57,134.3 1 0
github.com/khryptorgraphics/ollamamax/ollama-distributed/pkg/distributed/nvrar_allreduce.go:137.2,139.16 3 0
github.com/khryptorgraphics/ollamamax/ollama-distributed/pkg/distributed/nvrar_allreduce.go:139.16,141.3 1 0
github.com/khryptorgraphics/ollamamax/ollama-distributed/pkg/distributed/nvrar_allreduce.go:142.2,147.16 4 0
github.com/khryptorgraphics/ollamamax/ollama-distributed/pkg/distributed/nvrar_allreduce.go:147.16,149.3 1 0
github.com/khryptorgraphics/ollamamax/ollama-distributed/pkg/distributed/nvrar_allreduce.go:150.2,155.16 4 0
github.com/khryptorgraphics/ollamamax/ollama-distributed/pkg/distributed/nvrar_allreduce.go:155.16,157.3 1 0
github.com/khryptorgraphics/ollamamax/ollama-distributed/pkg/distributed/nvrar_allreduce.go:158.2,163.20 3 0
github.com/khryptorgraphics/ollamamax/ollama-distributed/pkg/distributed/nvrar_allreduce.go:167.111,173.2 1 0
github.com/khryptorgraphics/ollamamax/ollama-distributed/pkg/distributed/nvrar_allreduce.go:177.115,182.20 2 0
github.com/khryptorgraphics/ollamamax/ollama-distributed/pkg/distributed/nvrar_allreduce.go:182.20,184.3 1 0
github.com/khryptorgraphics/ollamamax/ollama-distributed/pkg/distributed/nvrar_allreduce.go:187.2,191.34 3 0
github.com/khryptorgraphics/ollamamax/ollama-distributed/pkg/distributed/nvrar_allreduce.go:191.34,195.3 1 0
github.com/khryptorgraphics/ollamamax/ollama-distributed/pkg/distributed/nvrar_allreduce.go:197.2,197.25 1 0
github.com/khryptorgraphics/ollamamax/ollama-distributed/pkg/distributed/nvrar_allreduce.go:201.94,207.2 1 0
github.com/khryptorgraphics/ollamamax/ollama-distributed/pkg/distributed/nvrar_allreduce.go:210.107,213.2 1 0
github.com/khryptorgraphics/ollamamax/ollama-distributed/pkg/distributed/nvrar_allreduce.go:216.108,234.53 10 0
github.com/khryptorgraphics/ollamamax/ollama-distributed/pkg/distributed/nvrar_allreduce.go:234.53,236.3 1 0
github.com/khryptorgraphics/ollamamax/ollama-distributed/pkg/distributed/nvrar_allreduce.go:240.59,254.2 3 1
github.com/khryptorgraphics/ollamamax/ollama-distributed/pkg/distributed/ring_partition.go:49.98,57.2 1 1
github.com/khryptorgraphics/ollamamax/ollama-distributed/pkg/distributed/ring_partition.go:60.72,64.21 3 1
github.com/khryptorgraphics/ollamamax/ollama-distributed/pkg/distributed/ring_partition.go:64.21,66.3 1 0
github.com/khryptorgraphics/ollamamax/ollama-distributed/pkg/distributed/ring_partition.go:69.2,71.46 3 1
github.com/khryptorgraphics/ollamamax/ollama-distributed/pkg/distributed/ring_partition.go:71.46,73.3 1 1
github.com/khryptorgraphics/ollamamax/ollama-distributed/pkg/distributed/ring_partition.go:76.2,79.35 3 1
github.com/khryptorgraphics/ollamamax/ollama-distributed/pkg/distributed/ring_partition.go:79.35,84.21 2 1
github.com/khryptorgraphics/ollamamax/ollama-distributed/pkg/distributed/ring_partition.go:84.21,86.4 1 0
github.com/khryptorgraphics/ollamamax/ollama-distributed/pkg/distributed/ring_partition.go:89.3,89.47 1 1
github.com/khryptorgraphics/ollamamax/ollama-distributed/pkg/distributed/ring_partition.go:89.47,91.4 1 1
github.com/khryptorgraphics/ollamamax/ollama-distributed/pkg/distributed/ring_partition.go:93.3,93.21 1 1
github.com/khryptorgraphics/ollamamax/ollama-distributed/pkg/distributed/ring_partition.go:93.21,96.86 2 1
github.com/khryptorgraphics/ollamamax/ollama-distributed/pkg/distributed/ring_partition.go:96.86,98.5 1 1
github.com/khryptorgraphics/ollamamax/ollama-distributed/pkg/distributed/ring_partition.go:100.4,111.30 3 1
github.com/khryptorgraphics/ollamamax/ollama-distributed/pkg/distributed/ring_partition.go:114.3,114.37 1 1
github.com/khryptorgraphics/ollamamax/ollama-distributed/pkg/distributed/ring_partition.go:114.37,115.9 1 1
github.com/khryptorgraphics/ollamamax/ollama-distributed/pkg/distributed/ring_partition.go:120.2,123.41 3 1
github.com/khryptorgraphics/ollamamax/ollama-distributed/pkg/distributed/ring_partition.go:123.41,126.3 2 1
github.com/khryptorgraphics/ollamamax/ollama-distributed/pkg/distributed/ring_partition.go:128.2,128.12 1 1
github.com/khryptorgraphics/ollamamax/ollama-distributed/pkg/distributed/ring_partition.go:132.81,137.13 4 0
github.com/khryptorgraphics/ollamamax/ollama-distributed/pkg/distributed/ring_partition.go:137.13,139.3 1 0
github.com/khryptorgraphics/ollamamax/ollama-distributed/pkg/distributed/ring_partition.go:141.2,141.23 1 0
github.com/khryptorgraphics/ollamamax/ollama-distributed/pkg/distributed/ring_partition.go:145.80,149.41 3 0
github.com/khryptorgraphics/ollamamax/ollama-distributed/pkg/distributed/ring_partition.go:149.41,150.30 1 0
github.com/khryptorgraphics/ollamamax/ollama-distributed/pkg/distributed/ring_partition.go:150.30,153.4 2 0
github.com/khryptorgraphics/ollamamax/ollama-distributed/pkg/distributed/ring_partition.go:156.2,156.67 1 0
github.com/khryptorgraphics/ollamamax/ollama-distributed/pkg/distributed/topology.go:22.38,23.11 1 1
github.com/khryptorgraphics/ollamamax/ollama-distributed/pkg/distributed/topology.go:24.17,25.17 1 1
github.com/khryptorgraphics/ollamamax/ollama-distributed/pkg/distributed/topology.go:26.20,27.20 1 1
github.com/khryptorgraphics/ollamamax/ollama-distributed/pkg/distributed/topology.go:28.18,29.18 1 0
github.com/khryptorgraphics/ollamamax/ollama-distributed/pkg/distributed/topology.go:30.10,31.19 1 0
github.com/khryptorgraphics/ollamamax/ollama-distributed/pkg/distributed/topology.go:113.84,130.2 2 1
github.com/khryptorgraphics/ollamamax/ollama-distributed/pkg/distributed/topology.go:133.42,142.2 5 0
github.com/khryptorgraphics/ollamamax/ollama-distributed/pkg/distributed/topology.go:145.41,150.2 4 0
github.com/khryptorgraphics/ollamamax/ollama-distributed/pkg/distributed/topology.go:153.83,168.16 4 1
github.com/khryptorgraphics/ollamamax/ollama-distributed/pkg/distributed/topology.go:168.16,170.3 1 0
github.com/khryptorgraphics/ollamamax/ollama-distributed/pkg/distributed/topology.go:172.2,190.12 12 1
github.com/khryptorgraphics/ollamamax/ollama-distributed/pkg/distributed/topology.go:194.73,195.36 1 1
github.com/khryptorgraphics/ollamamax/ollama-distributed/pkg/distributed/topology.go:195.36,197.3 1 1
github.com/khryptorgraphics/ollamamax/ollama-distributed/pkg/distributed/topology.go:197.8,197.46 1 1
github.com/khryptorgraphics/ollamamax/ollama-distributed/pkg/distributed/topology.go:197.46,199.3 1 1
github.com/khryptorgraphics/ollamamax/ollama-distributed/pkg/distributed/topology.go:200.2,200.19 1 1
github.com/khryptorgraphics/ollamamax/ollama-distributed/pkg/distributed/topology.go:204.83,207.46 2 1
github.com/khryptorgraphics/ollamamax/ollama-distributed/pkg/distributed/topology.go:207.46,208.32 1 1
github.com/khryptorgraphics/ollamamax/ollama-distributed/pkg/distributed/topology.go:208.32,211.23 2 1
github.com/khryptorgraphics/ollamamax/ollama-distributed/pkg/distributed/topology.go:211.23,213.5 1 0
github.com/khryptorgraphics/ollamamax/ollama-distributed/pkg/distributed/topology.go:215.4,215.25 1 1
github.com/khryptorgraphics/ollamamax/ollama-distributed/pkg/distributed/topology.go:215.25,218.5 2 1
github.com/khryptorgraphics/ollamamax/ollama-distributed/pkg/distributed/topology.go:221.2,224.31 2 1
github.com/khryptorgraphics/ollamamax/ollama-distributed/pkg/distributed/topology.go:228.77,247.19 7 1
github.com/khryptorgraphics/ollamamax/ollama-distributed/pkg/distributed/topology.go:248.17,249.29 1 1
github.com/khryptorgraphics/ollamamax/ollama-distributed/pkg/distributed/topology.go:250.20,251.32 1 1
github.com/khryptorgraphics/ollamamax/ollama-distributed/pkg/distributed/topology.go:252.18,253.30 1 0
github.com/khryptorgraphics/ollamamax/ollama-distributed/pkg/distributed/topology.go:256.2,258.23 2 1
github.com/khryptorgraphics/ollamamax/ollama-distributed/pkg/distributed/topology.go:262.93,267.13 4 1
github.com/khryptorgraphics/ollamamax/ollama-distributed/pkg/distributed/topology.go:267.13,269.3 1 0
github.com/khryptorgraphics/ollamamax/ollama-distributed/pkg/distributed/topology.go:271.2,277.13 6 1
github.com/khryptorgraphics/ollamamax/ollama-distributed/pkg/distributed/topology.go:277.13,280.3 2 0
github.com/khryptorgraphics/ollamamax/ollama-distributed/pkg/distributed/topology.go:283.2,298.26 13 1
github.com/khryptorgraphics/ollamamax/ollama-distributed/pkg/distributed/topology.go:298.26,301.3 2 0
github.com/khryptorgraphics/ollamamax/ollama-distributed/pkg/distributed/topology.go:303.2,303.12 1 1
github.com/khryptorgraphics/ollamamax/ollama-distributed/pkg/distributed/topology.go:307.86,327.16 13 0
github.com/khryptorgraphics/ollamamax/ollama-distributed/pkg/distributed/topology.go:327.16,329.3 1 0
github.com/khryptorgraphics/ollamamax/ollama-distributed/pkg/distributed/topology.go:331.2,349.12 12 0
github.com/khryptorgraphics/ollamamax/ollama-distributed/pkg/distributed/topology.go:353.75,358.13 4 0
github.com/khryptorgraphics/ollamamax/ollama-distributed/pkg/distributed/topology.go:358.13,360.3 1 0
github.com/khryptorgraphics/ollamamax/ollama-distributed/pkg/distributed/topology.go:362.2,362.21 1 0
github.com/khryptorgraphics/ollamamax/ollama-distributed/pkg/distributed/topology.go:366.75,371.13 4 0
github.com/khryptorgraphics/ollamamax/ollama-distributed/pkg/distributed/topology.go:371.13,373.3 1 0
github.com/khryptorgraphics/ollamamax/ollama-distributed/pkg/distributed/topology.go:375.2,375.23 1 0
github.com/khryptorgraphics/ollamamax/ollama-distributed/pkg/distributed/topology.go:379.64,380.29 1 0
github.com/khryptorgraphics/ollamamax/ollama-distributed/pkg/distributed/topology.go:380.29,382.3 1 0
github.com/khryptorgraphics/ollamamax/ollama-distributed/pkg/distributed/topology.go:384.2,384.41 1 0
github.com/khryptorgraphics/ollamamax/ollama-distributed/pkg/distributed/topology.go:388.75,393.38 4 0
github.com/khryptorgraphics/ollamamax/ollama-distributed/pkg/distributed/topology.go:393.38,394.27 1 0
github.com/khryptorgraphics/ollamamax/ollama-distributed/pkg/distributed/topology.go:394.27,396.4 1 0
github.com/khryptorgraphics/ollamamax/ollama-distributed/pkg/distributed/topology.go:399.2,399.17 1 0
github.com/khryptorgraphics/ollamamax/ollama-distributed/pkg/distributed/topology.go:403.46,409.6 4 0
github.com/khryptorgraphics/ollamamax/ollama-distributed/pkg/distributed/topology.go:409.6,410.10 1 0
github.com/khryptorgraphics/ollamamax/ollama-distributed/pkg/distributed/topology.go:411.24,412.10 1 0
github.com/khryptorgraphics/ollamamax/ollama-distributed/pkg/distributed/topology.go:413.19,414.28 1 0
github.com/khryptorgraphics/ollamamax/ollama-distributed/pkg/distributed/topology.go:420.50,424.2 1 0
github.com/khryptorgraphics/ollamamax/ollama-distributed/pkg/distributed/topology.go:427.53,433.6 4 0
github.com/khryptorgraphics/ollamamax/ollama-distributed/pkg/distributed/topology.go:433.6,434.10 1 0
github.com/khryptorgraphics/ollamamax/ollama-distributed/pkg/distributed/topology.go:435.24,436.10 1 0
github.com/khryptorgraphics/ollamamax/ollama-distributed/pkg/distributed/topology.go:437.19,438.27 1 0
github.com/khryptorgraphics/ollamamax/ollama-distributed/pkg/distributed/topology.go:444.49,453.2 3 0
github.com/khryptorgraphics/ollamamax/ollama-distributed/pkg/distributed/topology.go:456.47,461.38 4 0
github.com/khryptorgraphics/ollamamax/ollama-distributed/pkg/distributed/topology.go:461.38,463.3 1 0
github.com/khryptorgraphics/ollamamax/ollama-distributed/pkg/distributed/topology.go:464.2,466.35 2 0
github.com/khryptorgraphics/ollamamax/ollama-distributed/pkg/distributed/topology.go:466.35,468.43 2 0
github.com/khryptorgraphics/ollamamax/ollama-distributed/pkg/distributed/topology.go:468.43,469.50 1 0
github.com/khryptorgraphics/ollamamax/ollama-distributed/pkg/distributed/topology.go:469.50,476.5 5 0
github.com/khryptorgraphics/ollamamax/ollama-distributed/pkg/distributed/topology.go:478.3,478.28 1 0
github.com/khryptorgraphics/ollamamax/ollama-distributed/pkg/distributed/topology.go:483.49,488.2 0 0
github.com/khryptorgraphics/ollamamax/ollama-distributed/pkg/distributed/topology.go:491.44,501.38 8 0
github.com/khryptorgraphics/ollamamax/ollama-distributed/pkg/distributed/topology.go:501.38,506.23 4 0
github.com/khryptorgraphics/ollamamax/ollama-distributed/pkg/distributed/topology.go:507.18,508.30 1 0
github.com/khryptorgraphics/ollamamax/ollama-distributed/pkg/distributed/topology.go:509.21,510.33 1 0
github.com/khryptorgraphics/ollamamax/ollama-distributed/pkg/distributed/topology.go:511.19,512.31 1 0
github.com/khryptorgraphics/ollamamax/ollama-distributed/pkg/distributed/topology.go:516.2,516.36 1 0
github.com/khryptorgraphics/ollamamax/ollama-distributed/pkg/distributed/topology.go:520.58,522.2 1 0
