mode: set
github.com/khryptorgraphics/ollamamax/pkg/ollama_integration.go:27.93,28.19 1 0
github.com/khryptorgraphics/ollamamax/pkg/ollama_integration.go:28.19,34.3 1 0
github.com/khryptorgraphics/ollamamax/pkg/ollama_integration.go:36.2,41.3 1 0
github.com/khryptorgraphics/ollamamax/pkg/ollama_integration.go:45.77,50.9 2 0
github.com/khryptorgraphics/ollamamax/pkg/ollama_integration.go:51.44,52.13 1 0
github.com/khryptorgraphics/ollamamax/pkg/ollama_integration.go:53.20,54.19 1 0
github.com/khryptorgraphics/ollamamax/pkg/ollama_integration.go:59.88,72.2 3 0
github.com/khryptorgraphics/ollamamax/pkg/ollama_integration.go:96.110,114.2 3 0
github.com/khryptorgraphics/ollamamax/pkg/ollama_integration.go:117.93,121.32 2 0
github.com/khryptorgraphics/ollamamax/pkg/ollama_integration.go:121.32,122.10 1 0
github.com/khryptorgraphics/ollamamax/pkg/ollama_integration.go:123.45,124.58 1 0
github.com/khryptorgraphics/ollamamax/pkg/ollama_integration.go:125.21,126.20 1 0
github.com/khryptorgraphics/ollamamax/pkg/ollama_integration.go:130.2,131.12 2 0
github.com/khryptorgraphics/ollamamax/pkg/ollama_integration.go:135.95,139.9 2 0
github.com/khryptorgraphics/ollamamax/pkg/ollama_integration.go:140.44,142.13 2 0
github.com/khryptorgraphics/ollamamax/pkg/ollama_integration.go:143.20,144.19 1 0
github.com/khryptorgraphics/ollamamax/pkg/ollama_integration.go:186.117,187.16 1 0
github.com/khryptorgraphics/ollamamax/pkg/ollama_integration.go:187.16,189.3 1 0
github.com/khryptorgraphics/ollamamax/pkg/ollama_integration.go:191.2,194.9 2 0
github.com/khryptorgraphics/ollamamax/pkg/ollama_integration.go:195.44,202.23 2 0
github.com/khryptorgraphics/ollamamax/pkg/ollama_integration.go:203.20,204.24 1 0
github.com/khryptorgraphics/ollamamax/pkg/ollama_integration.go:232.105,233.16 1 0
github.com/khryptorgraphics/ollamamax/pkg/ollama_integration.go:233.16,235.3 1 0
github.com/khryptorgraphics/ollamamax/pkg/ollama_integration.go:237.2,237.28 1 0
github.com/khryptorgraphics/ollamamax/pkg/ollama_integration.go:237.28,239.3 1 0
github.com/khryptorgraphics/ollamamax/pkg/ollama_integration.go:241.2,244.9 2 0
github.com/khryptorgraphics/ollamamax/pkg/ollama_integration.go:245.44,255.23 2 0
github.com/khryptorgraphics/ollamamax/pkg/ollama_integration.go:256.20,257.24 1 0
github.com/khryptorgraphics/ollamamax/pkg/ollama_integration.go:262.52,265.2 2 0
github.com/khryptorgraphics/ollamamax/pkg/performance_monitor.go:91.101,92.23 1 0
github.com/khryptorgraphics/ollamamax/pkg/performance_monitor.go:92.23,101.3 1 0
github.com/khryptorgraphics/ollamamax/pkg/performance_monitor.go:103.2,109.3 1 0
github.com/khryptorgraphics/ollamamax/pkg/performance_monitor.go:113.71,117.2 3 0
github.com/khryptorgraphics/ollamamax/pkg/performance_monitor.go:120.64,124.2 3 0
github.com/khryptorgraphics/ollamamax/pkg/performance_monitor.go:127.44,131.2 3 0
github.com/khryptorgraphics/ollamamax/pkg/performance_monitor.go:134.64,141.2 4 0
github.com/khryptorgraphics/ollamamax/pkg/performance_monitor.go:144.64,150.6 4 0
github.com/khryptorgraphics/ollamamax/pkg/performance_monitor.go:150.6,151.10 1 0
github.com/khryptorgraphics/ollamamax/pkg/performance_monitor.go:152.19,153.26 1 0
github.com/khryptorgraphics/ollamamax/pkg/performance_monitor.go:154.20,155.10 1 0
github.com/khryptorgraphics/ollamamax/pkg/performance_monitor.go:156.21,157.10 1 0
github.com/khryptorgraphics/ollamamax/pkg/performance_monitor.go:163.67,168.42 2 0
github.com/khryptorgraphics/ollamamax/pkg/performance_monitor.go:168.42,170.17 2 0
github.com/khryptorgraphics/ollamamax/pkg/performance_monitor.go:170.17,172.12 2 0
github.com/khryptorgraphics/ollamamax/pkg/performance_monitor.go:176.3,176.51 1 0
github.com/khryptorgraphics/ollamamax/pkg/performance_monitor.go:180.2,185.31 4 0
github.com/khryptorgraphics/ollamamax/pkg/performance_monitor.go:189.74,202.2 3 0
github.com/khryptorgraphics/ollamamax/pkg/performance_monitor.go:205.80,206.34 1 0
github.com/khryptorgraphics/ollamamax/pkg/performance_monitor.go:206.34,208.3 1 0
github.com/khryptorgraphics/ollamamax/pkg/performance_monitor.go:209.2,209.36 1 0
github.com/khryptorgraphics/ollamamax/pkg/performance_monitor.go:209.36,211.3 1 0
github.com/khryptorgraphics/ollamamax/pkg/performance_monitor.go:212.2,212.26 1 0
github.com/khryptorgraphics/ollamamax/pkg/performance_monitor.go:212.26,214.3 1 0
github.com/khryptorgraphics/ollamamax/pkg/performance_monitor.go:215.2,215.34 1 0
github.com/khryptorgraphics/ollamamax/pkg/performance_monitor.go:215.34,217.3 1 0
github.com/khryptorgraphics/ollamamax/pkg/performance_monitor.go:218.2,218.29 1 0
github.com/khryptorgraphics/ollamamax/pkg/performance_monitor.go:218.29,220.3 1 0
github.com/khryptorgraphics/ollamamax/pkg/performance_monitor.go:221.2,221.33 1 0
github.com/khryptorgraphics/ollamamax/pkg/performance_monitor.go:221.33,223.3 1 0
github.com/khryptorgraphics/ollamamax/pkg/performance_monitor.go:224.2,224.37 1 0
github.com/khryptorgraphics/ollamamax/pkg/performance_monitor.go:224.37,226.3 1 0
github.com/khryptorgraphics/ollamamax/pkg/performance_monitor.go:227.2,227.33 1 0
github.com/khryptorgraphics/ollamamax/pkg/performance_monitor.go:227.33,229.3 1 0
github.com/khryptorgraphics/ollamamax/pkg/performance_monitor.go:230.2,230.31 1 0
github.com/khryptorgraphics/ollamamax/pkg/performance_monitor.go:230.31,232.3 1 0
github.com/khryptorgraphics/ollamamax/pkg/performance_monitor.go:233.2,233.31 1 0
github.com/khryptorgraphics/ollamamax/pkg/performance_monitor.go:233.31,235.3 1 0
github.com/khryptorgraphics/ollamamax/pkg/performance_monitor.go:236.2,236.33 1 0
github.com/khryptorgraphics/ollamamax/pkg/performance_monitor.go:236.33,238.3 1 0
github.com/khryptorgraphics/ollamamax/pkg/performance_monitor.go:239.2,239.31 1 0
github.com/khryptorgraphics/ollamamax/pkg/performance_monitor.go:239.31,241.3 1 0
github.com/khryptorgraphics/ollamamax/pkg/performance_monitor.go:242.2,242.31 1 0
github.com/khryptorgraphics/ollamamax/pkg/performance_monitor.go:242.31,244.3 1 0
github.com/khryptorgraphics/ollamamax/pkg/performance_monitor.go:248.72,252.66 2 0
github.com/khryptorgraphics/ollamamax/pkg/performance_monitor.go:252.66,262.3 1 0
github.com/khryptorgraphics/ollamamax/pkg/performance_monitor.go:265.2,265.72 1 0
github.com/khryptorgraphics/ollamamax/pkg/performance_monitor.go:265.72,275.3 1 0
github.com/khryptorgraphics/ollamamax/pkg/performance_monitor.go:278.2,278.74 1 0
github.com/khryptorgraphics/ollamamax/pkg/performance_monitor.go:278.74,288.3 1 0
github.com/khryptorgraphics/ollamamax/pkg/performance_monitor.go:291.2,291.54 1 0
github.com/khryptorgraphics/ollamamax/pkg/performance_monitor.go:291.54,293.57 2 0
github.com/khryptorgraphics/ollamamax/pkg/performance_monitor.go:293.57,295.4 1 0
github.com/khryptorgraphics/ollamamax/pkg/performance_monitor.go:297.3,305.5 1 0
github.com/khryptorgraphics/ollamamax/pkg/performance_monitor.go:309.2,309.68 1 0
github.com/khryptorgraphics/ollamamax/pkg/performance_monitor.go:309.68,319.3 1 0
github.com/khryptorgraphics/ollamamax/pkg/performance_monitor.go:322.2,322.64 1 0
github.com/khryptorgraphics/ollamamax/pkg/performance_monitor.go:322.64,332.3 1 0
github.com/khryptorgraphics/ollamamax/pkg/performance_monitor.go:335.2,335.31 1 0
github.com/khryptorgraphics/ollamamax/pkg/performance_monitor.go:335.31,337.3 1 0
github.com/khryptorgraphics/ollamamax/pkg/performance_monitor.go:351.69,359.34 4 0
github.com/khryptorgraphics/ollamamax/pkg/performance_monitor.go:359.34,362.3 2 0
github.com/khryptorgraphics/ollamamax/pkg/performance_monitor.go:362.8,362.41 1 0
github.com/khryptorgraphics/ollamamax/pkg/performance_monitor.go:362.41,365.3 2 0
github.com/khryptorgraphics/ollamamax/pkg/performance_monitor.go:368.2,368.37 1 0
github.com/khryptorgraphics/ollamamax/pkg/performance_monitor.go:368.37,371.3 2 0
github.com/khryptorgraphics/ollamamax/pkg/performance_monitor.go:371.8,371.44 1 0
github.com/khryptorgraphics/ollamamax/pkg/performance_monitor.go:371.44,374.3 2 0
github.com/khryptorgraphics/ollamamax/pkg/performance_monitor.go:377.2,377.29 1 0
github.com/khryptorgraphics/ollamamax/pkg/performance_monitor.go:377.29,380.3 2 0
github.com/khryptorgraphics/ollamamax/pkg/performance_monitor.go:380.8,380.37 1 0
github.com/khryptorgraphics/ollamamax/pkg/performance_monitor.go:380.37,383.3 2 0
github.com/khryptorgraphics/ollamamax/pkg/performance_monitor.go:386.2,386.50 1 0
github.com/khryptorgraphics/ollamamax/pkg/performance_monitor.go:386.50,389.3 2 0
github.com/khryptorgraphics/ollamamax/pkg/performance_monitor.go:389.8,389.56 1 0
github.com/khryptorgraphics/ollamamax/pkg/performance_monitor.go:389.56,392.3 2 0
github.com/khryptorgraphics/ollamamax/pkg/performance_monitor.go:395.2,396.16 2 0
github.com/khryptorgraphics/ollamamax/pkg/performance_monitor.go:396.16,398.3 1 0
github.com/khryptorgraphics/ollamamax/pkg/performance_monitor.go:398.8,398.23 1 0
github.com/khryptorgraphics/ollamamax/pkg/performance_monitor.go:398.23,400.3 1 0
github.com/khryptorgraphics/ollamamax/pkg/performance_monitor.go:402.2,412.3 1 0
github.com/khryptorgraphics/ollamamax/cmd/ollama-distributed/main.go:20.13,74.42 11 0
github.com/khryptorgraphics/ollamamax/cmd/ollama-distributed/main.go:74.42,77.3 2 0
github.com/khryptorgraphics/ollamamax/cmd/ollama-distributed/main.go:80.37,98.55 4 0
github.com/khryptorgraphics/ollamamax/cmd/ollama-distributed/main.go:98.55,100.4 1 0
github.com/khryptorgraphics/ollamamax/cmd/ollama-distributed/main.go:103.2,107.12 4 0
github.com/khryptorgraphics/ollamamax/cmd/ollama-distributed/main.go:110.32,122.55 1 0
github.com/khryptorgraphics/ollamamax/cmd/ollama-distributed/main.go:122.55,124.4 1 0
github.com/khryptorgraphics/ollamamax/cmd/ollama-distributed/main.go:128.32,137.55 2 0
github.com/khryptorgraphics/ollamamax/cmd/ollama-distributed/main.go:137.55,139.4 1 0
github.com/khryptorgraphics/ollamamax/cmd/ollama-distributed/main.go:142.2,144.12 2 0
github.com/khryptorgraphics/ollamamax/cmd/ollama-distributed/main.go:147.33,159.55 4 0
github.com/khryptorgraphics/ollamamax/cmd/ollama-distributed/main.go:159.55,161.4 1 0
github.com/khryptorgraphics/ollamamax/cmd/ollama-distributed/main.go:164.2,168.12 4 0
github.com/khryptorgraphics/ollamamax/cmd/ollama-distributed/main.go:171.35,182.55 3 0
github.com/khryptorgraphics/ollamamax/cmd/ollama-distributed/main.go:182.55,184.4 1 0
github.com/khryptorgraphics/ollamamax/cmd/ollama-distributed/main.go:187.2,190.12 3 0
github.com/khryptorgraphics/ollamamax/cmd/ollama-distributed/main.go:193.35,197.55 1 0
github.com/khryptorgraphics/ollamamax/cmd/ollama-distributed/main.go:197.55,199.4 1 0
github.com/khryptorgraphics/ollamamax/cmd/ollama-distributed/main.go:203.35,207.55 1 0
github.com/khryptorgraphics/ollamamax/cmd/ollama-distributed/main.go:207.55,209.4 1 0
github.com/khryptorgraphics/ollamamax/cmd/ollama-distributed/main.go:213.39,217.55 1 0
github.com/khryptorgraphics/ollamamax/cmd/ollama-distributed/main.go:217.55,219.4 1 0
github.com/khryptorgraphics/ollamamax/cmd/ollama-distributed/main.go:223.32,234.55 2 0
github.com/khryptorgraphics/ollamamax/cmd/ollama-distributed/main.go:234.55,236.4 1 0
github.com/khryptorgraphics/ollamamax/cmd/ollama-distributed/main.go:239.2,242.55 1 0
github.com/khryptorgraphics/ollamamax/cmd/ollama-distributed/main.go:242.55,244.4 1 0
github.com/khryptorgraphics/ollamamax/cmd/ollama-distributed/main.go:247.2,247.12 1 0
github.com/khryptorgraphics/ollamamax/cmd/ollama-distributed/main.go:251.60,265.53 10 0
github.com/khryptorgraphics/ollamamax/cmd/ollama-distributed/main.go:265.53,267.3 1 0
github.com/khryptorgraphics/ollamamax/cmd/ollama-distributed/main.go:268.2,272.43 3 0
github.com/khryptorgraphics/ollamamax/cmd/ollama-distributed/main.go:272.43,274.3 1 0
github.com/khryptorgraphics/ollamamax/cmd/ollama-distributed/main.go:275.2,301.12 22 0
github.com/khryptorgraphics/ollamamax/cmd/ollama-distributed/main.go:304.23,314.20 8 0
github.com/khryptorgraphics/ollamamax/cmd/ollama-distributed/main.go:314.20,316.3 1 0
github.com/khryptorgraphics/ollamamax/cmd/ollama-distributed/main.go:318.2,321.19 4 0
github.com/khryptorgraphics/ollamamax/cmd/ollama-distributed/main.go:321.19,323.3 1 0
github.com/khryptorgraphics/ollamamax/cmd/ollama-distributed/main.go:325.2,328.19 4 0
github.com/khryptorgraphics/ollamamax/cmd/ollama-distributed/main.go:328.19,330.3 1 0
github.com/khryptorgraphics/ollamamax/cmd/ollama-distributed/main.go:332.2,351.12 17 0
github.com/khryptorgraphics/ollamamax/cmd/ollama-distributed/main.go:354.40,358.22 3 0
github.com/khryptorgraphics/ollamamax/cmd/ollama-distributed/main.go:358.22,360.3 1 0
github.com/khryptorgraphics/ollamamax/cmd/ollama-distributed/main.go:362.2,371.12 9 0
github.com/khryptorgraphics/ollamamax/cmd/ollama-distributed/main.go:374.64,375.11 1 0
github.com/khryptorgraphics/ollamamax/cmd/ollama-distributed/main.go:375.11,378.3 2 0
github.com/khryptorgraphics/ollamamax/cmd/ollama-distributed/main.go:380.2,393.13 12 0
github.com/khryptorgraphics/ollamamax/cmd/ollama-distributed/main.go:393.13,413.3 17 0
github.com/khryptorgraphics/ollamamax/cmd/ollama-distributed/main.go:415.2,421.11 6 0
github.com/khryptorgraphics/ollamamax/cmd/ollama-distributed/main.go:421.11,424.3 2 0
github.com/khryptorgraphics/ollamamax/cmd/ollama-distributed/main.go:426.2,426.12 1 0
github.com/khryptorgraphics/ollamamax/cmd/ollama-distributed/main.go:429.41,445.32 5 0
github.com/khryptorgraphics/ollamamax/cmd/ollama-distributed/main.go:445.32,446.13 1 0
github.com/khryptorgraphics/ollamamax/cmd/ollama-distributed/main.go:446.13,448.4 1 0
github.com/khryptorgraphics/ollamamax/cmd/ollama-distributed/main.go:448.9,450.4 1 0
github.com/khryptorgraphics/ollamamax/cmd/ollama-distributed/main.go:453.2,453.9 1 0
github.com/khryptorgraphics/ollamamax/cmd/ollama-distributed/main.go:453.9,458.3 4 0
github.com/khryptorgraphics/ollamamax/cmd/ollama-distributed/main.go:460.2,465.12 5 0
github.com/khryptorgraphics/ollamamax/cmd/ollama-distributed/main.go:468.26,486.30 5 0
github.com/khryptorgraphics/ollamamax/cmd/ollama-distributed/main.go:486.30,489.3 2 0
github.com/khryptorgraphics/ollamamax/cmd/ollama-distributed/main.go:491.2,491.12 1 0
github.com/khryptorgraphics/ollamamax/cmd/ollama-distributed/main.go:494.26,507.29 5 0
github.com/khryptorgraphics/ollamamax/cmd/ollama-distributed/main.go:507.29,511.3 3 0
github.com/khryptorgraphics/ollamamax/cmd/ollama-distributed/main.go:513.2,516.12 3 0
github.com/khryptorgraphics/ollamamax/cmd/ollama-distributed/main.go:519.30,533.31 6 0
github.com/khryptorgraphics/ollamamax/cmd/ollama-distributed/main.go:533.31,536.3 2 0
github.com/khryptorgraphics/ollamamax/cmd/ollama-distributed/main.go:538.2,542.12 4 0
github.com/khryptorgraphics/ollamamax/cmd/ollama-distributed/main.go:545.39,551.32 4 0
github.com/khryptorgraphics/ollamamax/cmd/ollama-distributed/main.go:551.32,557.3 2 0
github.com/khryptorgraphics/ollamamax/cmd/ollama-distributed/main.go:559.2,560.12 2 0
github.com/khryptorgraphics/ollamamax/cmd/ollama-distributed/main.go:563.27,578.27 5 0
github.com/khryptorgraphics/ollamamax/cmd/ollama-distributed/main.go:578.27,580.3 1 0
github.com/khryptorgraphics/ollamamax/cmd/ollama-distributed/main.go:582.2,582.12 1 0
github.com/khryptorgraphics/ollamamax/cmd/ollama-distributed/main.go:586.45,616.2 6 0
github.com/khryptorgraphics/ollamamax/cmd/ollama-distributed/main.go:618.31,626.27 3 0
github.com/khryptorgraphics/ollamamax/cmd/ollama-distributed/main.go:626.27,627.48 1 0
github.com/khryptorgraphics/ollamamax/cmd/ollama-distributed/main.go:627.48,629.4 1 0
github.com/khryptorgraphics/ollamamax/cmd/ollama-distributed/main.go:631.2,631.12 1 0
github.com/khryptorgraphics/ollamamax/cmd/ollama-distributed/main.go:634.23,636.55 1 0
github.com/khryptorgraphics/ollamamax/cmd/ollama-distributed/main.go:636.55,638.3 1 0
github.com/khryptorgraphics/ollamamax/cmd/ollama-distributed/main.go:639.2,639.14 1 0
github.com/khryptorgraphics/ollamamax/main.go:17.13,42.25 6 0
github.com/khryptorgraphics/ollamamax/main.go:42.25,44.3 1 0
github.com/khryptorgraphics/ollamamax/main.go:45.2,45.25 1 0
github.com/khryptorgraphics/ollamamax/main.go:45.25,47.3 1 0
github.com/khryptorgraphics/ollamamax/main.go:48.2,48.25 1 0
github.com/khryptorgraphics/ollamamax/main.go:48.25,50.3 1 0
github.com/khryptorgraphics/ollamamax/main.go:51.2,51.30 1 0
github.com/khryptorgraphics/ollamamax/main.go:51.30,53.3 1 0
github.com/khryptorgraphics/ollamamax/main.go:55.2,56.16 2 0
github.com/khryptorgraphics/ollamamax/main.go:56.16,59.3 2 0
github.com/khryptorgraphics/ollamamax/main.go:60.2,66.16 4 0
github.com/khryptorgraphics/ollamamax/main.go:66.16,69.3 2 0
github.com/khryptorgraphics/ollamamax/main.go:71.2,81.12 6 0
github.com/khryptorgraphics/ollamamax/main.go:81.12,85.3 3 0
github.com/khryptorgraphics/ollamamax/main.go:88.2,88.12 1 0
github.com/khryptorgraphics/ollamamax/main.go:88.12,92.7 3 0
github.com/khryptorgraphics/ollamamax/main.go:92.7,93.11 1 0
github.com/khryptorgraphics/ollamamax/main.go:94.22,95.11 1 0
github.com/khryptorgraphics/ollamamax/main.go:96.20,98.19 2 0
github.com/khryptorgraphics/ollamamax/main.go:98.19,100.14 2 0
github.com/khryptorgraphics/ollamamax/main.go:102.5,102.65 1 0
github.com/khryptorgraphics/ollamamax/main.go:107.2,118.9 6 0
github.com/khryptorgraphics/ollamamax/main.go:119.28,120.43 1 0
github.com/khryptorgraphics/ollamamax/main.go:121.10,122.35 1 0
github.com/khryptorgraphics/ollamamax/main.go:125.2,126.44 2 0
github.com/khryptorgraphics/ollamamax/internal/config/config.go:79.30,124.2 1 0
github.com/khryptorgraphics/ollamamax/internal/config/config.go:127.55,128.42 1 0
github.com/khryptorgraphics/ollamamax/internal/config/config.go:128.42,130.3 1 0
github.com/khryptorgraphics/ollamamax/internal/config/config.go:131.2,131.21 1 0
github.com/khryptorgraphics/ollamamax/internal/config/config.go:134.59,135.42 1 0
github.com/khryptorgraphics/ollamamax/internal/config/config.go:135.42,136.55 1 0
github.com/khryptorgraphics/ollamamax/internal/config/config.go:136.55,138.4 1 0
github.com/khryptorgraphics/ollamamax/internal/config/config.go:140.2,140.21 1 0
github.com/khryptorgraphics/ollamamax/internal/config/config.go:143.62,144.42 1 0
github.com/khryptorgraphics/ollamamax/internal/config/config.go:144.42,145.61 1 0
github.com/khryptorgraphics/ollamamax/internal/config/config.go:145.61,147.4 1 0
github.com/khryptorgraphics/ollamamax/internal/config/config.go:149.2,149.21 1 0
github.com/khryptorgraphics/ollamamax/internal/config/config.go:153.27,155.2 1 0
github.com/khryptorgraphics/ollamamax/pkg/config/config.go:32.38,43.2 1 0
github.com/khryptorgraphics/ollamamax/pkg/config/config.go:46.48,57.2 1 0
github.com/khryptorgraphics/ollamamax/pkg/consensus/consensus.go:75.63,83.2 1 0
github.com/khryptorgraphics/ollamamax/pkg/consensus/consensus.go:86.76,89.2 1 0
github.com/khryptorgraphics/ollamamax/pkg/consensus/consensus.go:92.84,95.2 1 0
github.com/khryptorgraphics/ollamamax/pkg/consensus/consensus.go:98.41,106.2 1 0
github.com/khryptorgraphics/ollamamax/pkg/consensus/consensus.go:109.55,112.2 1 0
github.com/khryptorgraphics/ollamamax/pkg/consensus/consensus.go:115.54,118.2 1 0
github.com/khryptorgraphics/ollamamax/pkg/scheduler/partitioning/stub.go:73.42,74.42 1 0
github.com/khryptorgraphics/ollamamax/pkg/scheduler/partitioning/stub.go:74.42,75.34 1 0
github.com/khryptorgraphics/ollamamax/pkg/scheduler/partitioning/stub.go:75.34,77.4 1 0
github.com/khryptorgraphics/ollamamax/pkg/scheduler/partitioning/stub.go:78.3,78.40 1 0
github.com/khryptorgraphics/ollamamax/pkg/scheduler/partitioning/stub.go:78.40,80.4 1 0
github.com/khryptorgraphics/ollamamax/pkg/scheduler/partitioning/stub.go:82.2,82.13 1 0
github.com/khryptorgraphics/ollamamax/pkg/scheduler/partitioning/stub.go:85.45,86.45 1 0
github.com/khryptorgraphics/ollamamax/pkg/scheduler/partitioning/stub.go:86.45,87.34 1 0
github.com/khryptorgraphics/ollamamax/pkg/scheduler/partitioning/stub.go:87.34,89.4 1 0
github.com/khryptorgraphics/ollamamax/pkg/scheduler/partitioning/stub.go:90.3,90.40 1 0
github.com/khryptorgraphics/ollamamax/pkg/scheduler/partitioning/stub.go:90.40,92.4 1 0
github.com/khryptorgraphics/ollamamax/pkg/scheduler/partitioning/stub.go:94.2,94.10 1 0
github.com/khryptorgraphics/ollamamax/pkg/scheduler/partitioning/stub.go:176.60,183.2 1 0
github.com/khryptorgraphics/ollamamax/pkg/scheduler/partitioning/stub.go:186.74,188.2 1 0
github.com/khryptorgraphics/ollamamax/pkg/scheduler/partitioning/stub.go:191.133,194.2 1 0
github.com/khryptorgraphics/ollamamax/pkg/scheduler/partitioning/stub.go:197.47,199.2 1 0
github.com/khryptorgraphics/ollamamax/pkg/scheduler/partitioning/stub.go:201.47,203.2 1 0
github.com/khryptorgraphics/ollamamax/pkg/scheduler/partitioning/stub.go:205.53,207.2 1 0
github.com/khryptorgraphics/ollamamax/pkg/scheduler/partitioning/stub.go:209.57,211.2 1 0
github.com/khryptorgraphics/ollamamax/pkg/scheduler/partitioning/stub.go:213.58,215.2 1 0
github.com/khryptorgraphics/ollamamax/pkg/scheduler/partitioning/stub.go:222.41,224.2 1 0
github.com/khryptorgraphics/ollamamax/pkg/scheduler/partitioning/stub.go:226.100,241.2 1 0
github.com/khryptorgraphics/ollamamax/pkg/scheduler/partitioning/stub.go:243.54,250.2 1 0
github.com/khryptorgraphics/ollamamax/pkg/scheduler/partitioning/stub.go:252.60,254.2 1 0
github.com/khryptorgraphics/ollamamax/pkg/auth/jwt.go:42.68,45.16 2 0
github.com/khryptorgraphics/ollamamax/pkg/auth/jwt.go:45.16,47.3 1 0
github.com/khryptorgraphics/ollamamax/pkg/auth/jwt.go:49.2,58.19 2 0
github.com/khryptorgraphics/ollamamax/pkg/auth/jwt.go:58.19,59.29 1 0
github.com/khryptorgraphics/ollamamax/pkg/auth/jwt.go:59.29,61.4 1 0
github.com/khryptorgraphics/ollamamax/pkg/auth/jwt.go:62.3,62.29 1 0
github.com/khryptorgraphics/ollamamax/pkg/auth/jwt.go:62.29,64.4 1 0
github.com/khryptorgraphics/ollamamax/pkg/auth/jwt.go:67.2,67.21 1 0
github.com/khryptorgraphics/ollamamax/pkg/auth/jwt.go:71.109,97.16 7 0
github.com/khryptorgraphics/ollamamax/pkg/auth/jwt.go:97.16,99.3 1 0
github.com/khryptorgraphics/ollamamax/pkg/auth/jwt.go:102.2,120.16 4 0
github.com/khryptorgraphics/ollamamax/pkg/auth/jwt.go:120.16,122.3 1 0
github.com/khryptorgraphics/ollamamax/pkg/auth/jwt.go:124.2,129.8 1 0
github.com/khryptorgraphics/ollamamax/pkg/auth/jwt.go:133.73,134.104 1 0
github.com/khryptorgraphics/ollamamax/pkg/auth/jwt.go:134.104,136.57 1 0
github.com/khryptorgraphics/ollamamax/pkg/auth/jwt.go:136.57,138.4 1 0
github.com/khryptorgraphics/ollamamax/pkg/auth/jwt.go:139.3,139.26 1 0
github.com/khryptorgraphics/ollamamax/pkg/auth/jwt.go:142.2,142.16 1 0
github.com/khryptorgraphics/ollamamax/pkg/auth/jwt.go:142.16,144.3 1 0
github.com/khryptorgraphics/ollamamax/pkg/auth/jwt.go:146.2,147.25 2 0
github.com/khryptorgraphics/ollamamax/pkg/auth/jwt.go:147.25,149.3 1 0
github.com/khryptorgraphics/ollamamax/pkg/auth/jwt.go:152.2,152.73 1 0
github.com/khryptorgraphics/ollamamax/pkg/auth/jwt.go:152.73,154.3 1 0
github.com/khryptorgraphics/ollamamax/pkg/auth/jwt.go:156.2,156.20 1 0
github.com/khryptorgraphics/ollamamax/pkg/auth/jwt.go:160.82,163.16 2 0
github.com/khryptorgraphics/ollamamax/pkg/auth/jwt.go:163.16,165.3 1 0
github.com/khryptorgraphics/ollamamax/pkg/auth/jwt.go:168.2,168.76 1 0
github.com/khryptorgraphics/ollamamax/pkg/auth/jwt.go:168.76,170.3 1 0
github.com/khryptorgraphics/ollamamax/pkg/auth/jwt.go:173.2,173.89 1 0
github.com/khryptorgraphics/ollamamax/pkg/auth/jwt.go:177.60,179.16 2 0
github.com/khryptorgraphics/ollamamax/pkg/auth/jwt.go:179.16,181.3 1 0
github.com/khryptorgraphics/ollamamax/pkg/auth/jwt.go:185.2,186.12 2 0
github.com/khryptorgraphics/ollamamax/pkg/auth/jwt.go:190.52,192.2 1 0
github.com/khryptorgraphics/ollamamax/pkg/auth/jwt.go:195.57,198.2 2 0
github.com/khryptorgraphics/ollamamax/pkg/auth/jwt.go:201.56,202.34 1 0
github.com/khryptorgraphics/ollamamax/pkg/auth/jwt.go:202.34,203.22 1 0
github.com/khryptorgraphics/ollamamax/pkg/auth/jwt.go:203.22,205.4 1 0
github.com/khryptorgraphics/ollamamax/pkg/auth/jwt.go:207.2,207.14 1 0
github.com/khryptorgraphics/ollamamax/pkg/auth/jwt.go:211.33,213.2 1 0
github.com/khryptorgraphics/ollamamax/pkg/auth/jwt.go:216.36,218.2 1 0
github.com/khryptorgraphics/ollamamax/pkg/auth/jwt.go:221.57,222.23 1 0
github.com/khryptorgraphics/ollamamax/pkg/auth/jwt.go:222.23,224.3 1 0
github.com/khryptorgraphics/ollamamax/pkg/auth/jwt.go:225.2,226.22 2 0
github.com/khryptorgraphics/ollamamax/pkg/auth/jwt.go:230.49,231.23 1 0
github.com/khryptorgraphics/ollamamax/pkg/auth/jwt.go:231.23,233.3 1 0
github.com/khryptorgraphics/ollamamax/pkg/auth/jwt.go:234.2,234.25 1 0
github.com/khryptorgraphics/ollamamax/pkg/auth/jwt.go:259.47,260.14 1 0
github.com/khryptorgraphics/ollamamax/pkg/auth/jwt.go:261.17,268.4 1 0
github.com/khryptorgraphics/ollamamax/pkg/auth/jwt.go:269.20,274.4 1 0
github.com/khryptorgraphics/ollamamax/pkg/auth/jwt.go:275.16,278.4 1 0
github.com/khryptorgraphics/ollamamax/pkg/auth/jwt.go:279.20,283.4 1 0
github.com/khryptorgraphics/ollamamax/pkg/auth/jwt.go:284.10,285.20 1 0
github.com/khryptorgraphics/ollamamax/pkg/auth/middleware.go:17.76,22.2 1 0
github.com/khryptorgraphics/ollamamax/pkg/auth/middleware.go:25.57,26.30 1 0
github.com/khryptorgraphics/ollamamax/pkg/auth/middleware.go:26.30,28.18 2 0
github.com/khryptorgraphics/ollamamax/pkg/auth/middleware.go:28.18,35.4 3 0
github.com/khryptorgraphics/ollamamax/pkg/auth/middleware.go:37.3,38.17 2 0
github.com/khryptorgraphics/ollamamax/pkg/auth/middleware.go:38.17,45.4 3 0
github.com/khryptorgraphics/ollamamax/pkg/auth/middleware.go:48.3,49.17 2 0
github.com/khryptorgraphics/ollamamax/pkg/auth/middleware.go:49.17,56.4 3 0
github.com/khryptorgraphics/ollamamax/pkg/auth/middleware.go:58.3,58.19 1 0
github.com/khryptorgraphics/ollamamax/pkg/auth/middleware.go:58.19,65.4 3 0
github.com/khryptorgraphics/ollamamax/pkg/auth/middleware.go:68.3,70.11 3 0
github.com/khryptorgraphics/ollamamax/pkg/auth/middleware.go:75.80,76.30 1 0
github.com/khryptorgraphics/ollamamax/pkg/auth/middleware.go:76.30,79.20 2 0
github.com/khryptorgraphics/ollamamax/pkg/auth/middleware.go:79.20,81.4 1 0
github.com/khryptorgraphics/ollamamax/pkg/auth/middleware.go:83.3,84.14 2 0
github.com/khryptorgraphics/ollamamax/pkg/auth/middleware.go:84.14,91.4 3 0
github.com/khryptorgraphics/ollamamax/pkg/auth/middleware.go:93.3,95.17 3 0
github.com/khryptorgraphics/ollamamax/pkg/auth/middleware.go:95.17,102.4 3 0
github.com/khryptorgraphics/ollamamax/pkg/auth/middleware.go:104.3,104.21 1 0
github.com/khryptorgraphics/ollamamax/pkg/auth/middleware.go:104.21,113.4 3 0
github.com/khryptorgraphics/ollamamax/pkg/auth/middleware.go:115.3,115.11 1 0
github.com/khryptorgraphics/ollamamax/pkg/auth/middleware.go:120.68,121.30 1 0
github.com/khryptorgraphics/ollamamax/pkg/auth/middleware.go:121.30,124.20 2 0
github.com/khryptorgraphics/ollamamax/pkg/auth/middleware.go:124.20,126.4 1 0
github.com/khryptorgraphics/ollamamax/pkg/auth/middleware.go:128.3,129.14 2 0
github.com/khryptorgraphics/ollamamax/pkg/auth/middleware.go:129.14,136.4 3 0
github.com/khryptorgraphics/ollamamax/pkg/auth/middleware.go:138.3,140.14 3 0
github.com/khryptorgraphics/ollamamax/pkg/auth/middleware.go:140.14,147.4 3 0
github.com/khryptorgraphics/ollamamax/pkg/auth/middleware.go:149.3,151.43 3 0
github.com/khryptorgraphics/ollamamax/pkg/auth/middleware.go:151.43,152.24 1 0
github.com/khryptorgraphics/ollamamax/pkg/auth/middleware.go:152.24,154.10 2 0
github.com/khryptorgraphics/ollamamax/pkg/auth/middleware.go:158.3,158.15 1 0
github.com/khryptorgraphics/ollamamax/pkg/auth/middleware.go:158.15,167.4 3 0
github.com/khryptorgraphics/ollamamax/pkg/auth/middleware.go:169.3,169.11 1 0
github.com/khryptorgraphics/ollamamax/pkg/auth/middleware.go:174.58,176.2 1 0
github.com/khryptorgraphics/ollamamax/pkg/auth/middleware.go:179.61,180.30 1 0
github.com/khryptorgraphics/ollamamax/pkg/auth/middleware.go:180.30,183.20 2 0
github.com/khryptorgraphics/ollamamax/pkg/auth/middleware.go:183.20,185.4 1 0
github.com/khryptorgraphics/ollamamax/pkg/auth/middleware.go:187.3,188.14 2 0
github.com/khryptorgraphics/ollamamax/pkg/auth/middleware.go:188.14,195.4 3 0
github.com/khryptorgraphics/ollamamax/pkg/auth/middleware.go:197.3,198.31 2 0
github.com/khryptorgraphics/ollamamax/pkg/auth/middleware.go:198.31,206.4 3 0
github.com/khryptorgraphics/ollamamax/pkg/auth/middleware.go:208.3,208.11 1 0
github.com/khryptorgraphics/ollamamax/pkg/auth/middleware.go:213.58,214.30 1 0
github.com/khryptorgraphics/ollamamax/pkg/auth/middleware.go:214.30,216.18 2 0
github.com/khryptorgraphics/ollamamax/pkg/auth/middleware.go:216.18,219.4 2 0
github.com/khryptorgraphics/ollamamax/pkg/auth/middleware.go:221.3,222.17 2 0
github.com/khryptorgraphics/ollamamax/pkg/auth/middleware.go:222.17,226.4 2 0
github.com/khryptorgraphics/ollamamax/pkg/auth/middleware.go:229.3,230.33 2 0
github.com/khryptorgraphics/ollamamax/pkg/auth/middleware.go:230.33,233.4 2 0
github.com/khryptorgraphics/ollamamax/pkg/auth/middleware.go:236.3,238.11 3 0
github.com/khryptorgraphics/ollamamax/pkg/auth/middleware.go:243.63,245.22 2 0
github.com/khryptorgraphics/ollamamax/pkg/auth/middleware.go:245.22,247.3 1 0
github.com/khryptorgraphics/ollamamax/pkg/auth/middleware.go:250.2,251.62 2 0
github.com/khryptorgraphics/ollamamax/pkg/auth/middleware.go:251.62,253.3 1 0
github.com/khryptorgraphics/ollamamax/pkg/auth/middleware.go:255.2,255.17 1 0
github.com/khryptorgraphics/ollamamax/pkg/auth/middleware.go:259.51,261.13 2 0
github.com/khryptorgraphics/ollamamax/pkg/auth/middleware.go:261.13,263.3 1 0
github.com/khryptorgraphics/ollamamax/pkg/auth/middleware.go:264.2,265.21 2 0
github.com/khryptorgraphics/ollamamax/pkg/auth/middleware.go:269.55,271.13 2 0
github.com/khryptorgraphics/ollamamax/pkg/auth/middleware.go:271.13,273.3 1 0
github.com/khryptorgraphics/ollamamax/pkg/auth/middleware.go:274.2,275.23 2 0
github.com/khryptorgraphics/ollamamax/pkg/auth/middleware.go:279.81,281.13 2 0
github.com/khryptorgraphics/ollamamax/pkg/auth/middleware.go:281.13,283.3 1 0
github.com/khryptorgraphics/ollamamax/pkg/auth/middleware.go:285.2,286.16 2 0
github.com/khryptorgraphics/ollamamax/pkg/auth/middleware.go:286.16,288.3 1 0
github.com/khryptorgraphics/ollamamax/pkg/auth/middleware.go:290.2,290.22 1 0
github.com/khryptorgraphics/ollamamax/pkg/auth/middleware.go:294.44,296.13 2 0
github.com/khryptorgraphics/ollamamax/pkg/auth/middleware.go:296.13,298.3 1 0
github.com/khryptorgraphics/ollamamax/pkg/auth/middleware.go:299.2,299.25 1 0
github.com/khryptorgraphics/ollamamax/pkg/auth/middleware.go:303.47,305.13 2 0
github.com/khryptorgraphics/ollamamax/pkg/auth/middleware.go:305.13,307.3 1 0
github.com/khryptorgraphics/ollamamax/pkg/auth/middleware.go:308.2,308.28 1 0
github.com/khryptorgraphics/ollamamax/pkg/auth/rbac.go:45.22,59.2 4 0
github.com/khryptorgraphics/ollamamax/pkg/auth/rbac.go:62.47,75.42 2 0
github.com/khryptorgraphics/ollamamax/pkg/auth/rbac.go:75.42,77.3 1 0
github.com/khryptorgraphics/ollamamax/pkg/auth/rbac.go:81.41,105.36 2 0
github.com/khryptorgraphics/ollamamax/pkg/auth/rbac.go:105.36,107.3 1 0
github.com/khryptorgraphics/ollamamax/pkg/auth/rbac.go:111.45,115.45 3 0
github.com/khryptorgraphics/ollamamax/pkg/auth/rbac.go:115.45,117.3 1 0
github.com/khryptorgraphics/ollamamax/pkg/auth/rbac.go:120.2,120.40 1 0
github.com/khryptorgraphics/ollamamax/pkg/auth/rbac.go:120.40,121.48 1 0
github.com/khryptorgraphics/ollamamax/pkg/auth/rbac.go:121.48,123.4 1 0
github.com/khryptorgraphics/ollamamax/pkg/auth/rbac.go:126.2,127.12 2 0
github.com/khryptorgraphics/ollamamax/pkg/auth/rbac.go:131.52,136.13 4 0
github.com/khryptorgraphics/ollamamax/pkg/auth/rbac.go:136.13,138.3 1 0
github.com/khryptorgraphics/ollamamax/pkg/auth/rbac.go:140.2,140.18 1 0
github.com/khryptorgraphics/ollamamax/pkg/auth/rbac.go:144.45,148.43 3 0
github.com/khryptorgraphics/ollamamax/pkg/auth/rbac.go:148.43,150.3 1 0
github.com/khryptorgraphics/ollamamax/pkg/auth/rbac.go:153.2,153.38 1 0
github.com/khryptorgraphics/ollamamax/pkg/auth/rbac.go:153.38,154.46 1 0
github.com/khryptorgraphics/ollamamax/pkg/auth/rbac.go:154.46,156.4 1 0
github.com/khryptorgraphics/ollamamax/pkg/auth/rbac.go:160.2,160.40 1 0
github.com/khryptorgraphics/ollamamax/pkg/auth/rbac.go:160.40,161.48 1 0
github.com/khryptorgraphics/ollamamax/pkg/auth/rbac.go:161.48,163.4 1 0
github.com/khryptorgraphics/ollamamax/pkg/auth/rbac.go:166.2,167.12 2 0
github.com/khryptorgraphics/ollamamax/pkg/auth/rbac.go:171.54,176.13 4 0
github.com/khryptorgraphics/ollamamax/pkg/auth/rbac.go:176.13,178.3 1 0
github.com/khryptorgraphics/ollamamax/pkg/auth/rbac.go:180.2,180.18 1 0
github.com/khryptorgraphics/ollamamax/pkg/auth/rbac.go:184.66,188.31 3 0
github.com/khryptorgraphics/ollamamax/pkg/auth/rbac.go:188.31,189.32 1 0
github.com/khryptorgraphics/ollamamax/pkg/auth/rbac.go:189.32,191.4 1 0
github.com/khryptorgraphics/ollamamax/pkg/auth/rbac.go:194.2,194.69 1 0
github.com/khryptorgraphics/ollamamax/pkg/auth/rbac.go:198.71,200.16 2 0
github.com/khryptorgraphics/ollamamax/pkg/auth/rbac.go:200.16,202.3 1 0
github.com/khryptorgraphics/ollamamax/pkg/auth/rbac.go:204.2,204.18 1 0
github.com/khryptorgraphics/ollamamax/pkg/auth/rbac.go:204.18,206.3 1 0
github.com/khryptorgraphics/ollamamax/pkg/auth/rbac.go:209.2,209.40 1 0
github.com/khryptorgraphics/ollamamax/pkg/auth/rbac.go:209.40,210.25 1 0
github.com/khryptorgraphics/ollamamax/pkg/auth/rbac.go:210.25,212.4 1 0
github.com/khryptorgraphics/ollamamax/pkg/auth/rbac.go:216.2,216.38 1 0
github.com/khryptorgraphics/ollamamax/pkg/auth/rbac.go:216.38,218.14 2 0
github.com/khryptorgraphics/ollamamax/pkg/auth/rbac.go:218.14,219.12 1 0
github.com/khryptorgraphics/ollamamax/pkg/auth/rbac.go:222.3,222.41 1 0
github.com/khryptorgraphics/ollamamax/pkg/auth/rbac.go:222.41,223.26 1 0
github.com/khryptorgraphics/ollamamax/pkg/auth/rbac.go:223.26,225.5 1 0
github.com/khryptorgraphics/ollamamax/pkg/auth/rbac.go:229.3,229.49 1 0
github.com/khryptorgraphics/ollamamax/pkg/auth/rbac.go:229.49,231.4 1 0
github.com/khryptorgraphics/ollamamax/pkg/auth/rbac.go:234.2,234.19 1 0
github.com/khryptorgraphics/ollamamax/pkg/auth/rbac.go:238.75,239.50 1 0
github.com/khryptorgraphics/ollamamax/pkg/auth/rbac.go:239.50,241.14 2 0
github.com/khryptorgraphics/ollamamax/pkg/auth/rbac.go:241.14,242.12 1 0
github.com/khryptorgraphics/ollamamax/pkg/auth/rbac.go:245.3,245.50 1 0
github.com/khryptorgraphics/ollamamax/pkg/auth/rbac.go:245.50,246.26 1 0
github.com/khryptorgraphics/ollamamax/pkg/auth/rbac.go:246.26,248.5 1 0
github.com/khryptorgraphics/ollamamax/pkg/auth/rbac.go:252.3,252.58 1 0
github.com/khryptorgraphics/ollamamax/pkg/auth/rbac.go:252.58,254.4 1 0
github.com/khryptorgraphics/ollamamax/pkg/auth/rbac.go:257.2,257.14 1 0
github.com/khryptorgraphics/ollamamax/pkg/auth/rbac.go:261.68,263.16 2 0
github.com/khryptorgraphics/ollamamax/pkg/auth/rbac.go:263.16,265.3 1 0
github.com/khryptorgraphics/ollamamax/pkg/auth/rbac.go:267.2,270.40 2 0
github.com/khryptorgraphics/ollamamax/pkg/auth/rbac.go:270.40,272.3 1 0
github.com/khryptorgraphics/ollamamax/pkg/auth/rbac.go:275.2,275.38 1 0
github.com/khryptorgraphics/ollamamax/pkg/auth/rbac.go:275.38,277.14 2 0
github.com/khryptorgraphics/ollamamax/pkg/auth/rbac.go:277.14,278.12 1 0
github.com/khryptorgraphics/ollamamax/pkg/auth/rbac.go:281.3,281.41 1 0
github.com/khryptorgraphics/ollamamax/pkg/auth/rbac.go:281.41,283.4 1 0
github.com/khryptorgraphics/ollamamax/pkg/auth/rbac.go:286.3,286.49 1 0
github.com/khryptorgraphics/ollamamax/pkg/auth/rbac.go:290.2,291.34 2 0
github.com/khryptorgraphics/ollamamax/pkg/auth/rbac.go:291.34,293.3 1 0
github.com/khryptorgraphics/ollamamax/pkg/auth/rbac.go:295.2,295.25 1 0
github.com/khryptorgraphics/ollamamax/pkg/auth/rbac.go:299.83,300.50 1 0
github.com/khryptorgraphics/ollamamax/pkg/auth/rbac.go:300.50,302.14 2 0
github.com/khryptorgraphics/ollamamax/pkg/auth/rbac.go:302.14,303.12 1 0
github.com/khryptorgraphics/ollamamax/pkg/auth/rbac.go:306.3,306.50 1 0
github.com/khryptorgraphics/ollamamax/pkg/auth/rbac.go:306.50,308.4 1 0
github.com/khryptorgraphics/ollamamax/pkg/auth/rbac.go:311.3,311.58 1 0
github.com/khryptorgraphics/ollamamax/pkg/auth/rbac.go:316.58,321.13 4 0
github.com/khryptorgraphics/ollamamax/pkg/auth/rbac.go:321.13,323.3 1 0
github.com/khryptorgraphics/ollamamax/pkg/auth/rbac.go:325.2,325.45 1 0
github.com/khryptorgraphics/ollamamax/pkg/auth/rbac.go:325.45,327.3 1 0
github.com/khryptorgraphics/ollamamax/pkg/auth/rbac.go:330.2,330.42 1 0
github.com/khryptorgraphics/ollamamax/pkg/auth/rbac.go:330.42,331.31 1 0
github.com/khryptorgraphics/ollamamax/pkg/auth/rbac.go:331.31,333.4 1 0
github.com/khryptorgraphics/ollamamax/pkg/auth/rbac.go:336.2,337.12 2 0
github.com/khryptorgraphics/ollamamax/pkg/auth/rbac.go:341.58,346.13 4 0
github.com/khryptorgraphics/ollamamax/pkg/auth/rbac.go:346.13,348.3 1 0
github.com/khryptorgraphics/ollamamax/pkg/auth/rbac.go:350.2,350.34 1 0
github.com/khryptorgraphics/ollamamax/pkg/auth/rbac.go:350.34,351.23 1 0
github.com/khryptorgraphics/ollamamax/pkg/auth/rbac.go:351.23,354.4 2 0
github.com/khryptorgraphics/ollamamax/pkg/auth/rbac.go:357.2,357.70 1 0
github.com/khryptorgraphics/ollamamax/pkg/auth/rbac.go:361.36,366.31 4 0
github.com/khryptorgraphics/ollamamax/pkg/auth/rbac.go:366.31,368.3 1 0
github.com/khryptorgraphics/ollamamax/pkg/auth/rbac.go:370.2,370.14 1 0
github.com/khryptorgraphics/ollamamax/pkg/auth/rbac.go:374.36,379.31 4 0
github.com/khryptorgraphics/ollamamax/pkg/auth/rbac.go:379.31,381.3 1 0
github.com/khryptorgraphics/ollamamax/pkg/auth/rbac.go:383.2,383.14 1 0
github.com/khryptorgraphics/ollamamax/pkg/auth/rbac.go:387.48,392.37 4 0
github.com/khryptorgraphics/ollamamax/pkg/auth/rbac.go:392.37,394.3 1 0
github.com/khryptorgraphics/ollamamax/pkg/auth/rbac.go:396.2,396.20 1 0
